14/07/2004 03:54:25 p.m. Se conecto con ip:127.0.0.1
14/07/2004 03:54:32 p.m. /mod a body 155
14/07/2004 03:54:54 p.m. /mod a body 1
14/07/2004 03:54:57 p.m. /mod a body 155
14/07/2004 03:55:00 p.m. /mod a head 1
14/07/2004 04:10:05 p.m. Se conecto con ip:127.0.0.1
14/07/2004 04:11:10 p.m. /mod a body 1
14/07/2004 04:11:17 p.m. /mod a body 154
14/07/2004 04:11:24 p.m. /mod a body 155
21/07/2004 03:50:43 a.m. Se conecto con ip:127.0.0.1
21/07/2004 03:50:54 a.m. Transporto a A hacia Mapa66 X:82 Y:45
21/07/2004 03:50:54 a.m. Transporto a A hacia Mapa66 X:78 Y:49
21/07/2004 03:50:54 a.m. Transporto a A hacia Mapa66 X:74 Y:53
21/07/2004 03:50:54 a.m. Transporto a A hacia Mapa66 X:69 Y:51
21/07/2004 03:50:55 a.m. Transporto a A hacia Mapa66 X:72 Y:47
21/07/2004 03:50:55 a.m. Transporto a A hacia Mapa66 X:77 Y:44
21/07/2004 03:50:55 a.m. Transporto a A hacia Mapa66 X:82 Y:43
21/07/2004 03:50:55 a.m. Transporto a A hacia Mapa66 X:86 Y:44
21/07/2004 03:50:56 a.m. Transporto a A hacia Mapa66 X:89 Y:47
21/07/2004 03:50:56 a.m. Transporto a A hacia Mapa66 X:89 Y:51
21/07/2004 03:50:56 a.m. Transporto a A hacia Mapa66 X:88 Y:55
21/07/2004 03:50:56 a.m. Transporto a A hacia Mapa66 X:85 Y:59
21/07/2004 03:50:57 a.m. Transporto a A hacia Mapa66 X:80 Y:62
21/07/2004 03:50:57 a.m. Transporto a A hacia Mapa66 X:75 Y:65
21/07/2004 03:50:57 a.m. Transporto a A hacia Mapa66 X:70 Y:67
21/07/2004 03:50:57 a.m. Transporto a A hacia Mapa66 X:71 Y:70
21/07/2004 03:50:58 a.m. Transporto a A hacia Mapa66 X:74 Y:75
21/07/2004 03:50:58 a.m. Transporto a A hacia Mapa66 X:78 Y:80
21/07/2004 03:50:58 a.m. Transporto a A hacia Mapa66 X:83 Y:85
21/07/2004 03:50:58 a.m. Transporto a A hacia Mapa66 X:86 Y:90
21/07/2004 03:50:58 a.m. Transporto a A hacia Mapa66 X:86 Y:94
21/07/2004 03:51:08 a.m. Transporto a A hacia Mapa139 X:40 Y:40
21/07/2004 03:51:13 a.m. Transporto a A hacia Mapa49 X:50 Y:50
21/07/2004 03:56:35 a.m. Se conecto con ip:127.0.0.1
21/07/2004 03:56:38 a.m. Transporto a A hacia Mapa49 X:47 Y:48
21/07/2004 03:56:38 a.m. Transporto a A hacia Mapa49 X:42 Y:45
21/07/2004 03:56:46 a.m. Transporto a A hacia Mapa49 X:47 Y:57
21/07/2004 03:56:46 a.m. Transporto a A hacia Mapa49 X:52 Y:61
21/07/2004 03:56:47 a.m. Transporto a A hacia Mapa49 X:57 Y:65
21/07/2004 03:56:56 a.m. Transporto a A hacia Mapa49 X:51 Y:64
21/07/2004 03:58:00 a.m. Transporto a A hacia Mapa49 X:49 Y:69
21/07/2004 03:58:01 a.m. Transporto a A hacia Mapa49 X:54 Y:63
21/07/2004 04:10:11 a.m. Se conecto con ip:127.0.0.1
21/07/2004 04:11:06 a.m. Se conecto con ip:127.0.0.1
21/07/2004 04:11:08 a.m. Transporto a A hacia Mapa49 X:58 Y:67
21/07/2004 04:11:09 a.m. Transporto a A hacia Mapa49 X:62 Y:71
21/07/2004 04:11:15 a.m. Transporto a A hacia Mapa49 X:54 Y:73
21/07/2004 04:11:43 a.m. Se conecto con ip:127.0.0.1
21/07/2004 04:11:45 a.m. Transporto a A hacia Mapa49 X:60 Y:71
21/07/2004 01:29:01 p.m. Se conecto con ip:127.0.0.1
21/07/2004 01:29:03 p.m. Transporto a A hacia Mapa49 X:62 Y:68
21/07/2004 01:29:03 p.m. Transporto a A hacia Mapa49 X:66 Y:63
21/07/2004 01:29:04 p.m. Transporto a A hacia Mapa49 X:70 Y:58
21/07/2004 01:29:40 p.m. Transporto a A hacia Mapa49 X:62 Y:59
21/07/2004 04:50:29 p.m. Se conecto con ip:127.0.0.1
23/07/2004 02:30:29 p.m. Se conecto con ip:127.0.0.1
23/07/2004 02:30:33 p.m. Transporto a A hacia Mapa49 X:65 Y:58
23/07/2004 02:30:44 p.m. /CI: 134
23/07/2004 02:30:48 p.m. /CI: 130
23/07/2004 02:30:49 p.m. Agarro:1 Objeto:Escudo de hierro
23/07/2004 02:30:54 p.m. Tiro cantidad:1 Objeto:Escudo de hierro
23/07/2004 02:30:54 p.m. Agarro:1 Objeto:Escudo de hierro
23/07/2004 02:35:42 p.m. Se conecto con ip:127.0.0.1
23/07/2004 02:35:45 p.m. Transporto a A hacia Mapa49 X:56 Y:54
23/07/2004 02:35:45 p.m. Transporto a A hacia Mapa49 X:61 Y:53
23/07/2004 02:35:46 p.m. Transporto a A hacia Mapa49 X:55 Y:53
23/07/2004 02:35:47 p.m. Transporto a A hacia Mapa49 X:48 Y:51
23/07/2004 02:35:47 p.m. Transporto a A hacia Mapa49 X:42 Y:46
23/07/2004 02:35:48 p.m. Transporto a A hacia Mapa49 X:46 Y:50
23/07/2004 02:35:48 p.m. Transporto a A hacia Mapa49 X:50 Y:54
23/07/2004 02:37:28 p.m. Se conecto con ip:127.0.0.1
23/07/2004 02:37:30 p.m. Transporto a a hacia Mapa49 X:52 Y:55
23/07/2004 02:37:31 p.m. Transporto a a hacia Mapa49 X:55 Y:54
23/07/2004 02:37:31 p.m. Transporto a a hacia Mapa49 X:59 Y:53
23/07/2004 02:37:32 p.m. Transporto a a hacia Mapa49 X:56 Y:51
23/07/2004 02:37:33 p.m. Transporto a a hacia Mapa49 X:52 Y:50
23/07/2004 02:37:33 p.m. Transporto a a hacia Mapa49 X:54 Y:52
23/07/2004 02:37:34 p.m. Transporto a a hacia Mapa49 X:58 Y:54
23/07/2004 02:38:15 p.m. Se conecto con ip:127.0.0.1
23/07/2004 02:38:17 p.m. Transporto a A hacia Mapa49 X:54 Y:51
23/07/2004 02:46:22 p.m. Se conecto con ip:127.0.0.1
23/07/2004 02:46:23 p.m. Transporto a A hacia Mapa49 X:57 Y:53
23/07/2004 02:46:24 p.m. Transporto a A hacia Mapa49 X:54 Y:55
23/07/2004 02:46:24 p.m. Transporto a A hacia Mapa49 X:50 Y:57
23/07/2004 02:46:24 p.m. Transporto a A hacia Mapa49 X:46 Y:57
23/07/2004 02:46:25 p.m. Transporto a A hacia Mapa49 X:44 Y:54
23/07/2004 02:46:25 p.m. Transporto a A hacia Mapa49 X:44 Y:51
23/07/2004 02:46:25 p.m. Transporto a A hacia Mapa49 X:46 Y:48
23/07/2004 02:46:25 p.m. Transporto a A hacia Mapa49 X:48 Y:46
23/07/2004 02:46:26 p.m. Transporto a A hacia Mapa49 X:52 Y:52
23/07/2004 02:46:26 p.m. Transporto a A hacia Mapa49 X:56 Y:58
23/07/2004 02:46:26 p.m. Transporto a A hacia Mapa49 X:59 Y:63
23/07/2004 02:46:27 p.m. Transporto a A hacia Mapa49 X:55 Y:63
23/07/2004 02:46:27 p.m. Transporto a A hacia Mapa49 X:50 Y:62
23/07/2004 02:46:28 p.m. Transporto a A hacia Mapa49 X:46 Y:60
23/07/2004 02:46:28 p.m. Transporto a A hacia Mapa49 X:43 Y:57
23/07/2004 02:46:28 p.m. Transporto a A hacia Mapa49 X:40 Y:53
23/07/2004 02:47:47 p.m. Se conecto con ip:127.0.0.1
23/07/2004 02:47:48 p.m. Transporto a A hacia Mapa49 X:45 Y:56
23/07/2004 02:47:49 p.m. Transporto a A hacia Mapa49 X:51 Y:59
23/07/2004 03:01:53 p.m. Se conecto con ip:127.0.0.1
23/07/2004 03:01:55 p.m. Transporto a A hacia Mapa49 X:57 Y:61
23/07/2004 03:03:00 p.m. Se conecto con ip:127.0.0.1
26/07/2004 07:28:59 p.m. Se conecto con ip:127.0.0.1
26/07/2004 07:30:07 p.m. Se conecto con ip:127.0.0.1
26/07/2004 07:30:09 p.m. Transporto a A hacia Mapa49 X:53 Y:59
26/07/2004 07:30:09 p.m. Transporto a A hacia Mapa49 X:47 Y:61
26/07/2004 07:30:09 p.m. Transporto a A hacia Mapa49 X:43 Y:64
26/07/2004 07:30:10 p.m. Transporto a A hacia Mapa49 X:42 Y:62
26/07/2004 07:30:10 p.m. Transporto a A hacia Mapa49 X:44 Y:59
26/07/2004 07:30:11 p.m. Transporto a A hacia Mapa49 X:40 Y:55
26/07/2004 07:30:11 p.m. Transporto a A hacia Mapa49 X:34 Y:52
26/07/2004 07:30:12 p.m. Transporto a A hacia Mapa49 X:38 Y:47
26/07/2004 07:30:12 p.m. Transporto a A hacia Mapa49 X:43 Y:44
26/07/2004 07:30:13 p.m. Transporto a A hacia Mapa49 X:47 Y:41
26/07/2004 07:30:14 p.m. Transporto a A hacia Mapa49 X:52 Y:40
26/07/2004 07:30:14 p.m. Transporto a A hacia Mapa49 X:55 Y:43
26/07/2004 07:30:15 p.m. Transporto a A hacia Mapa49 X:54 Y:47
26/07/2004 07:30:15 p.m. Transporto a A hacia Mapa49 X:52 Y:50
26/07/2004 07:30:15 p.m. Transporto a A hacia Mapa49 X:50 Y:53
26/07/2004 07:30:16 p.m. Transporto a A hacia Mapa49 X:48 Y:55
26/07/2004 07:30:16 p.m. Transporto a A hacia Mapa49 X:52 Y:57
26/07/2004 07:32:04 p.m. Se conecto con ip:127.0.0.1
26/07/2004 08:27:09 p.m. Se conecto con ip:127.0.0.1
27/07/2004 02:16:27 p.m. Se conecto con ip:
27/07/2004 02:31:12 p.m. Se conecto con ip:127.0.0.1
27/07/2004 02:31:15 p.m. Transporto a A hacia Mapa49 X:49 Y:54
27/07/2004 02:31:20 p.m. Se conecto con ip:
11/10/2004 12:18:00 a.m. Se conecto con ip:127.0.0.1
11/10/2004 12:18:04 a.m. Transporto a A hacia Mapa113 X:56 Y:17
11/10/2004 12:19:03 a.m. Se conecto con ip:127.0.0.1
11/10/2004 12:19:07 a.m. Transporto a A hacia Mapa113 X:62 Y:15
11/10/2004 12:24:29 a.m. Transporto a A hacia Mapa112 X:71 Y:83
11/10/2004 12:25:03 a.m. Transporto a A hacia Mapa113 X:74 Y:14
11/10/2004 12:25:06 a.m. Transporto a A hacia Mapa113 X:79 Y:19
11/10/2004 12:28:03 a.m. Transporto a A hacia Mapa113 X:83 Y:10
11/10/2004 12:28:11 a.m. /lluvia
11/10/2004 12:37:50 a.m. Se conecto con ip:127.0.0.1
11/10/2004 12:37:53 a.m. Transporto a A hacia Mapa113 X:84 Y:13
11/10/2004 12:41:19 a.m. Transporto a A hacia Mapa113 X:74 Y:17
11/10/2004 12:41:22 a.m. Transporto a A hacia Mapa113 X:67 Y:17
11/10/2004 12:41:23 a.m. Transporto a A hacia Mapa113 X:60 Y:17
11/10/2004 12:41:24 a.m. Transporto a A hacia Mapa113 X:67 Y:16
11/10/2004 12:44:18 a.m. Transporto a A hacia Mapa113 X:72 Y:12
11/10/2004 12:45:11 a.m. Transporto a A hacia Mapa113 X:72 Y:15
11/10/2004 12:45:12 a.m. Transporto a A hacia Mapa113 X:78 Y:19
29/11/2004 12:02:42 a.m. Se conecto con ip:24.232.20.17
29/11/2004 12:10:05 a.m. Se conecto con ip:24.232.20.17
29/11/2004 12:10:37 a.m. Sumoneo a  en mapa 2
29/11/2004 12:11:08 a.m. /CI: 611
29/11/2004 12:11:19 a.m. /CI: 624
29/11/2004 12:11:29 a.m. /CI: 666
29/11/2004 12:11:32 a.m. Transporto a a hacia Mapa2 X:67 Y:27
29/11/2004 12:11:33 a.m. Agarro:100 Objeto:Ceguera
29/11/2004 12:11:45 a.m. /CI: 547
29/11/2004 12:11:55 a.m. /CI: 674
29/11/2004 12:12:01 a.m. /CI: 214
29/11/2004 12:12:34 a.m. Transporto a a hacia Mapa2 X:70 Y:32
29/11/2004 12:12:35 a.m. Agarro:100 Objeto:Descarga electrica
29/11/2004 12:12:46 a.m. /mod a lvl 1000
29/11/2004 12:12:51 a.m. /mod a level 1000
29/11/2004 12:12:53 a.m. Transporto a a hacia Mapa2 X:68 Y:31
29/11/2004 12:12:56 a.m. /CI: 1
29/11/2004 12:12:57 a.m. Agarro:100 Objeto:Manzana Roja
29/11/2004 12:13:02 a.m. /CI: 2
29/11/2004 12:13:28 a.m. Transporto a a hacia Mapa2 X:70 Y:33
29/11/2004 12:13:31 a.m. /CI: 7
29/11/2004 12:13:37 a.m. /CI: 31
29/11/2004 12:13:41 a.m. /CI: 161
29/11/2004 12:13:43 a.m. Agarro:100 Objeto:Jugo de frutas
29/11/2004 12:13:46 a.m. /CI: 161
29/11/2004 12:14:16 a.m. /MASSDEST
29/11/2004 12:14:39 a.m. /mod a level 38
03/12/2004 11:44:16 p.m. Se conecto con ip:127.0.0.1
03/12/2004 11:44:21 p.m. Tiro cantidad:98 Objeto:Jugo de frutas
03/12/2004 11:44:24 p.m. Agarro:98 Objeto:Jugo de frutas
08/12/2004 09:00:45 p.m. Se conecto con ip:127.0.0.1
18/12/2004 08:22:09 p.m. Se conecto con ip:127.0.0.1
18/12/2004 08:24:52 p.m. Se conecto con ip:127.0.0.1
18/12/2004 08:25:10 p.m. Transporto a A hacia Mapa1 X:79 Y:75
18/12/2004 08:27:54 p.m. Se conecto con ip:127.0.0.1
18/12/2004 08:34:22 p.m. Se conecto con ip:127.0.0.1
18/12/2004 08:34:25 p.m. Transporto a A hacia Mapa1 X:78 Y:86
18/12/2004 08:45:05 p.m. Se conecto con ip:127.0.0.1
18/12/2004 08:45:07 p.m. Transporto a A hacia Mapa1 X:78 Y:86
18/12/2004 09:09:24 p.m. Se conecto con ip:127.0.0.1
18/12/2004 09:46:03 p.m. Se conecto con ip:127.0.0.1
18/12/2004 09:46:09 p.m. Transporto a A hacia Mapa1 X:79 Y:85
18/12/2004 09:46:10 p.m. Transporto a A hacia Mapa1 X:79 Y:86
18/12/2004 09:55:08 p.m. Se conecto con ip:127.0.0.1
18/12/2004 09:55:10 p.m. Transporto a A hacia Mapa1 X:82 Y:86
18/12/2004 09:55:42 p.m. Agarro:1 Objeto:Espada larga
18/12/2004 09:59:02 p.m. Transporto a A hacia Mapa1 X:85 Y:87
19/12/2004 11:29:12 a.m. Se conecto con ip:127.0.0.1
19/12/2004 11:29:19 a.m. Transporto a a hacia Mapa1 X:84 Y:85
19/12/2004 12:26:25 p.m. Se conecto con ip:127.0.0.1
19/12/2004 12:26:30 p.m. /UNBAN a c
19/12/2004 12:27:06 p.m. Transporto a A hacia Mapa1 X:86 Y:84
19/12/2004 12:30:08 p.m. Transporto a A hacia Mapa1 X:85 Y:86
19/12/2004 12:30:12 p.m. Transporto a A hacia Mapa1 X:85 Y:84
19/12/2004 12:34:01 p.m. Se conecto con ip:127.0.0.1
21/12/2004 11:54:00 p.m. Se conecto con ip:168.226.232.221
21/12/2004 11:54:16 p.m. Transporto a a hacia Mapa145 X:50 Y:50
21/12/2004 11:54:17 p.m. Transporto a a hacia Mapa145 X:46 Y:51
21/12/2004 11:54:18 p.m. Transporto a a hacia Mapa145 X:40 Y:52
21/12/2004 11:54:19 p.m. Transporto a a hacia Mapa145 X:34 Y:53
21/12/2004 11:54:24 p.m. Transporto a a hacia Mapa145 X:27 Y:49
21/12/2004 11:54:25 p.m. Transporto a a hacia Mapa145 X:25 Y:47
21/12/2004 11:54:27 p.m. Transporto a a hacia Mapa145 X:25 Y:46
21/12/2004 11:54:56 p.m. /mod a exp 100000000
21/12/2004 11:55:05 p.m. Transporto a a hacia Mapa145 X:25 Y:42
21/12/2004 11:55:07 p.m. Transporto a a hacia Mapa145 X:25 Y:43
21/12/2004 11:55:09 p.m. Transporto a a hacia Mapa145 X:25 Y:46
21/12/2004 11:55:10 p.m. Transporto a a hacia Mapa145 X:25 Y:50
21/12/2004 11:55:11 p.m. Transporto a a hacia Mapa145 X:25 Y:54
21/12/2004 11:55:12 p.m. Transporto a a hacia Mapa145 X:28 Y:57
21/12/2004 11:55:13 p.m. Transporto a a hacia Mapa145 X:26 Y:53
21/12/2004 11:55:17 p.m. Transporto a a hacia Mapa145 X:24 Y:56
21/12/2004 11:55:18 p.m. Transporto a a hacia Mapa145 X:23 Y:59
21/12/2004 11:55:18 p.m. Transporto a a hacia Mapa145 X:22 Y:62
21/12/2004 11:55:19 p.m. Transporto a a hacia Mapa145 X:26 Y:67
21/12/2004 11:55:20 p.m. Transporto a a hacia Mapa145 X:29 Y:64
21/12/2004 11:55:21 p.m. Transporto a a hacia Mapa145 X:32 Y:62
21/12/2004 11:55:30 p.m. Transporto a a hacia Mapa145 X:32 Y:60
21/12/2004 11:55:30 p.m. Transporto a a hacia Mapa145 X:33 Y:56
21/12/2004 11:55:31 p.m. Transporto a a hacia Mapa145 X:34 Y:52
21/12/2004 11:55:32 p.m. Transporto a a hacia Mapa145 X:34 Y:49
21/12/2004 11:55:32 p.m. Transporto a a hacia Mapa145 X:28 Y:45
21/12/2004 11:55:34 p.m. Transporto a a hacia Mapa145 X:27 Y:43
21/12/2004 11:55:35 p.m. Transporto a a hacia Mapa145 X:32 Y:45
21/12/2004 11:55:36 p.m. Transporto a a hacia Mapa145 X:30 Y:47
21/12/2004 11:55:47 p.m. Transporto a a hacia Mapa145 X:25 Y:45
21/12/2004 11:55:49 p.m. Transporto a a hacia Mapa145 X:21 Y:46
21/12/2004 11:55:51 p.m. Transporto a a hacia Mapa145 X:17 Y:45
21/12/2004 11:55:55 p.m. Transporto a a hacia Mapa145 X:17 Y:39
21/12/2004 11:55:56 p.m. Transporto a a hacia Mapa145 X:19 Y:37
21/12/2004 11:55:57 p.m. Transporto a a hacia Mapa145 X:23 Y:36
21/12/2004 11:55:57 p.m. Transporto a a hacia Mapa145 X:28 Y:36
21/12/2004 11:55:57 p.m. Transporto a a hacia Mapa145 X:33 Y:36
21/12/2004 11:55:58 p.m. Transporto a a hacia Mapa145 X:32 Y:37
21/12/2004 11:55:58 p.m. Transporto a a hacia Mapa145 X:36 Y:39
21/12/2004 11:55:58 p.m. Transporto a a hacia Mapa145 X:39 Y:42
21/12/2004 11:55:59 p.m. Transporto a a hacia Mapa145 X:33 Y:45
21/12/2004 11:56:00 p.m. Transporto a a hacia Mapa145 X:27 Y:46
21/12/2004 11:56:01 p.m. Transporto a a hacia Mapa145 X:29 Y:44
21/12/2004 11:56:09 p.m. Transporto a a hacia Mapa145 X:32 Y:41
21/12/2004 11:56:16 p.m. Transporto a a hacia Mapa145 X:39 Y:38
21/12/2004 11:56:17 p.m. Transporto a a hacia Mapa145 X:46 Y:35
21/12/2004 11:56:17 p.m. Transporto a a hacia Mapa145 X:53 Y:32
21/12/2004 11:56:18 p.m. Transporto a a hacia Mapa145 X:60 Y:29
21/12/2004 11:56:19 p.m. Transporto a a hacia Mapa145 X:67 Y:26
21/12/2004 11:56:20 p.m. Transporto a a hacia Mapa145 X:73 Y:26
21/12/2004 11:56:20 p.m. Transporto a a hacia Mapa145 X:77 Y:29
21/12/2004 11:56:20 p.m. Transporto a a hacia Mapa145 X:78 Y:32
21/12/2004 11:56:21 p.m. Transporto a a hacia Mapa145 X:77 Y:33
21/12/2004 11:56:22 p.m. Transporto a a hacia Mapa145 X:70 Y:28
21/12/2004 11:56:24 p.m. Transporto a a hacia Mapa145 X:69 Y:26
21/12/2004 11:56:24 p.m. Transporto a a hacia Mapa145 X:67 Y:27
21/12/2004 11:56:25 p.m. Transporto a a hacia Mapa145 X:64 Y:29
21/12/2004 11:56:25 p.m. Transporto a a hacia Mapa145 X:61 Y:31
21/12/2004 11:56:26 p.m. Transporto a a hacia Mapa145 X:58 Y:33
21/12/2004 11:56:26 p.m. Transporto a a hacia Mapa145 X:55 Y:35
21/12/2004 11:56:27 p.m. Transporto a a hacia Mapa145 X:52 Y:37
21/12/2004 11:56:28 p.m. Transporto a a hacia Mapa145 X:52 Y:41
21/12/2004 11:56:28 p.m. Transporto a a hacia Mapa145 X:53 Y:45
21/12/2004 11:56:29 p.m. Transporto a a hacia Mapa145 X:54 Y:49
21/12/2004 11:56:29 p.m. Transporto a a hacia Mapa145 X:47 Y:49
21/12/2004 11:56:30 p.m. Transporto a a hacia Mapa145 X:39 Y:48
21/12/2004 11:56:30 p.m. Transporto a a hacia Mapa145 X:31 Y:47
21/12/2004 11:56:40 p.m. Transporto a a hacia Mapa145 X:30 Y:47
21/12/2004 11:56:49 p.m. Transporto a a hacia Mapa145 X:28 Y:43
21/12/2004 11:56:51 p.m. Transporto a a hacia Mapa145 X:27 Y:44
21/12/2004 11:56:55 p.m. Transporto a a hacia Mapa145 X:25 Y:47
21/12/2004 11:57:00 p.m. Transporto a a hacia Mapa145 X:28 Y:43
21/12/2004 11:57:02 p.m. Transporto a a hacia Mapa145 X:28 Y:38
21/12/2004 11:57:04 p.m. Transporto a a hacia Mapa145 X:30 Y:41
21/12/2004 11:57:08 p.m. /IRA C Mapa:145 X:31 Y:51
21/12/2004 11:57:14 p.m. Transporto a a hacia Mapa145 X:28 Y:52
21/12/2004 11:57:15 p.m. Transporto a a hacia Mapa145 X:27 Y:56
21/12/2004 11:57:16 p.m. Transporto a a hacia Mapa145 X:25 Y:58
21/12/2004 11:57:21 p.m. Transporto a a hacia Mapa145 X:23 Y:57
21/12/2004 11:57:22 p.m. Transporto a a hacia Mapa145 X:25 Y:52
21/12/2004 11:57:23 p.m. Transporto a a hacia Mapa145 X:28 Y:46
21/12/2004 11:57:25 p.m. Transporto a a hacia Mapa145 X:27 Y:44
21/12/2004 11:57:26 p.m. Transporto a a hacia Mapa145 X:28 Y:44
21/12/2004 11:57:28 p.m. Transporto a a hacia Mapa145 X:28 Y:43
21/12/2004 11:57:29 p.m. Transporto a a hacia Mapa145 X:27 Y:43
21/12/2004 11:57:30 p.m. Transporto a a hacia Mapa145 X:27 Y:44
21/12/2004 11:57:31 p.m. Transporto a a hacia Mapa145 X:28 Y:44
21/12/2004 11:57:32 p.m. Transporto a a hacia Mapa145 X:28 Y:42
21/12/2004 11:57:33 p.m. Transporto a a hacia Mapa145 X:28 Y:43
21/12/2004 11:57:36 p.m. Transporto a a hacia Mapa145 X:34 Y:41
21/12/2004 11:57:37 p.m. Transporto a a hacia Mapa145 X:40 Y:39
21/12/2004 11:57:38 p.m. Transporto a a hacia Mapa145 X:46 Y:37
21/12/2004 11:57:39 p.m. Transporto a a hacia Mapa145 X:52 Y:35
21/12/2004 11:57:40 p.m. Transporto a a hacia Mapa145 X:44 Y:40
21/12/2004 11:57:40 p.m. Transporto a a hacia Mapa145 X:37 Y:41
21/12/2004 11:57:42 p.m. Transporto a a hacia Mapa145 X:30 Y:42
21/12/2004 11:57:44 p.m. Transporto a a hacia Mapa145 X:26 Y:44
21/12/2004 11:57:45 p.m. Transporto a a hacia Mapa145 X:28 Y:43
21/12/2004 11:57:47 p.m. Transporto a a hacia Mapa145 X:30 Y:43
21/12/2004 11:57:48 p.m. Transporto a a hacia Mapa145 X:27 Y:43
21/12/2004 11:57:54 p.m. Transporto a a hacia Mapa145 X:28 Y:44
21/12/2004 11:57:57 p.m. Transporto a a hacia Mapa145 X:29 Y:45
21/12/2004 11:57:59 p.m. Transporto a a hacia Mapa145 X:29 Y:46
21/12/2004 11:58:00 p.m. Transporto a a hacia Mapa145 X:29 Y:46
21/12/2004 11:58:00 p.m. Transporto a a hacia Mapa145 X:29 Y:46
21/12/2004 11:58:01 p.m. Transporto a a hacia Mapa145 X:28 Y:47
21/12/2004 11:58:02 p.m. Transporto a a hacia Mapa145 X:29 Y:47
21/12/2004 11:58:03 p.m. Transporto a a hacia Mapa145 X:30 Y:47
21/12/2004 11:58:04 p.m. Transporto a a hacia Mapa145 X:30 Y:44
21/12/2004 11:58:06 p.m. Transporto a a hacia Mapa145 X:30 Y:44
21/12/2004 11:58:06 p.m. Transporto a a hacia Mapa145 X:29 Y:47
21/12/2004 11:58:07 p.m. Transporto a a hacia Mapa145 X:28 Y:50
21/12/2004 11:58:08 p.m. Transporto a a hacia Mapa145 X:28 Y:53
21/12/2004 11:58:09 p.m. Transporto a a hacia Mapa145 X:28 Y:47
21/12/2004 11:58:20 p.m. Transporto a a hacia Mapa141 X:50 Y:50
21/12/2004 11:58:22 p.m. Transporto a a hacia Mapa141 X:44 Y:45
21/12/2004 11:58:22 p.m. Transporto a a hacia Mapa141 X:42 Y:46
21/12/2004 11:58:23 p.m. Transporto a a hacia Mapa141 X:42 Y:42
21/12/2004 11:58:23 p.m. Transporto a a hacia Mapa141 X:40 Y:36
21/12/2004 11:58:24 p.m. Transporto a a hacia Mapa141 X:38 Y:39
21/12/2004 11:58:24 p.m. Transporto a a hacia Mapa141 X:38 Y:45
21/12/2004 11:58:25 p.m. Transporto a a hacia Mapa141 X:38 Y:45
21/12/2004 11:58:25 p.m. Transporto a a hacia Mapa141 X:38 Y:50
21/12/2004 11:58:25 p.m. Transporto a a hacia Mapa141 X:38 Y:50
21/12/2004 11:58:26 p.m. Transporto a a hacia Mapa141 X:38 Y:55
21/12/2004 11:58:26 p.m. Transporto a a hacia Mapa141 X:38 Y:55
21/12/2004 11:58:26 p.m. Transporto a a hacia Mapa141 X:36 Y:60
21/12/2004 11:58:27 p.m. Transporto a a hacia Mapa141 X:38 Y:65
21/12/2004 11:58:28 p.m. Transporto a a hacia Mapa141 X:41 Y:70
21/12/2004 11:58:28 p.m. Transporto a a hacia Mapa141 X:44 Y:74
21/12/2004 11:58:32 p.m. Transporto a a hacia Mapa141 X:47 Y:70
21/12/2004 11:58:45 p.m. Transporto a a hacia Mapa145 X:50 Y:50
21/12/2004 11:58:46 p.m. Transporto a a hacia Mapa145 X:42 Y:50
21/12/2004 11:58:47 p.m. Transporto a a hacia Mapa145 X:34 Y:49
21/12/2004 11:58:48 p.m. Transporto a a hacia Mapa145 X:31 Y:46
21/12/2004 11:59:00 p.m. Transporto a a hacia Mapa141 X:30 Y:42
21/12/2004 11:59:02 p.m. Transporto a a hacia Mapa141 X:36 Y:45
21/12/2004 11:59:03 p.m. Transporto a a hacia Mapa141 X:42 Y:48
21/12/2004 11:59:04 p.m. Transporto a a hacia Mapa141 X:38 Y:51
21/12/2004 11:59:04 p.m. Transporto a a hacia Mapa141 X:41 Y:53
21/12/2004 11:59:05 p.m. Transporto a a hacia Mapa141 X:41 Y:58
21/12/2004 11:59:05 p.m. Transporto a a hacia Mapa141 X:42 Y:59
21/12/2004 11:59:06 p.m. Transporto a a hacia Mapa141 X:43 Y:65
21/12/2004 11:59:07 p.m. Transporto a a hacia Mapa141 X:44 Y:71
21/12/2004 11:59:08 p.m. Transporto a a hacia Mapa141 X:47 Y:69
21/12/2004 11:59:16 p.m. Transporto a a hacia Mapa141 X:56 Y:68
21/12/2004 11:59:20 p.m. Transporto a a hacia Mapa141 X:61 Y:69
21/12/2004 11:59:24 p.m. /INVISIBLE
21/12/2004 11:59:25 p.m. Transporto a a hacia Mapa141 X:66 Y:70
21/12/2004 11:59:27 p.m. Transporto a a hacia Mapa141 X:59 Y:71
21/12/2004 11:59:28 p.m. Transporto a a hacia Mapa141 X:52 Y:72
21/12/2004 11:59:29 p.m. Transporto a a hacia Mapa141 X:49 Y:72
21/12/2004 11:59:41 p.m. Transporto a a hacia Mapa145 X:50 Y:50
21/12/2004 11:59:43 p.m. Transporto a a hacia Mapa145 X:44 Y:49
21/12/2004 11:59:44 p.m. Transporto a a hacia Mapa145 X:38 Y:48
21/12/2004 11:59:45 p.m. Transporto a a hacia Mapa145 X:32 Y:45
22/12/2004 12:00:05 a.m. Transporto a a hacia Mapa141 X:49 Y:72
22/12/2004 12:00:18 a.m. Transporto a a hacia Mapa145 X:30 Y:50
22/12/2004 12:00:20 a.m. Transporto a a hacia Mapa145 X:29 Y:54
22/12/2004 12:00:21 a.m. Transporto a a hacia Mapa145 X:30 Y:59
22/12/2004 12:00:30 a.m. Transporto a a hacia Mapa145 X:28 Y:53
22/12/2004 12:00:31 a.m. Transporto a a hacia Mapa145 X:26 Y:47
22/12/2004 12:00:37 a.m. Transporto a a hacia Mapa145 X:30 Y:44
22/12/2004 12:00:44 a.m. Transporto a a hacia Mapa145 X:31 Y:44
22/12/2004 12:00:45 a.m. Transporto a a hacia Mapa145 X:31 Y:46
22/12/2004 12:00:46 a.m. Transporto a a hacia Mapa145 X:31 Y:48
22/12/2004 12:00:47 a.m. Transporto a a hacia Mapa145 X:28 Y:51
22/12/2004 12:00:49 a.m. Transporto a a hacia Mapa145 X:28 Y:55
22/12/2004 12:00:50 a.m. Transporto a a hacia Mapa145 X:28 Y:59
22/12/2004 12:00:52 a.m. Transporto a a hacia Mapa145 X:23 Y:59
22/12/2004 12:00:59 a.m. Transporto a a hacia Mapa145 X:28 Y:53
22/12/2004 12:00:59 a.m. Transporto a a hacia Mapa145 X:28 Y:47
22/12/2004 12:01:14 a.m. Transporto a a hacia Mapa145 X:26 Y:45
22/12/2004 12:01:21 a.m. Transporto a a hacia Mapa145 X:24 Y:45
22/12/2004 12:01:22 a.m. Transporto a a hacia Mapa145 X:30 Y:48
22/12/2004 12:01:27 a.m. Transporto a a hacia Mapa145 X:31 Y:45
22/12/2004 12:01:31 a.m. Transporto a a hacia Mapa145 X:29 Y:47
22/12/2004 12:01:32 a.m. Transporto a a hacia Mapa145 X:27 Y:53
22/12/2004 12:01:33 a.m. Transporto a a hacia Mapa145 X:25 Y:59
22/12/2004 12:01:38 a.m. Transporto a a hacia Mapa145 X:31 Y:53
22/12/2004 12:01:39 a.m. Transporto a a hacia Mapa145 X:38 Y:52
22/12/2004 12:01:40 a.m. Transporto a a hacia Mapa145 X:46 Y:52
22/12/2004 12:01:45 a.m. Transporto a a hacia Mapa145 X:51 Y:52
22/12/2004 12:01:46 a.m. Transporto a a hacia Mapa145 X:57 Y:49
22/12/2004 12:01:47 a.m. Transporto a a hacia Mapa145 X:63 Y:46
22/12/2004 12:01:48 a.m. Transporto a a hacia Mapa145 X:69 Y:43
22/12/2004 12:01:49 a.m. Transporto a a hacia Mapa145 X:75 Y:40
22/12/2004 12:01:50 a.m. Transporto a a hacia Mapa145 X:79 Y:36
22/12/2004 12:01:51 a.m. Transporto a a hacia Mapa145 X:78 Y:32
22/12/2004 12:01:53 a.m. Transporto a a hacia Mapa145 X:77 Y:28
22/12/2004 12:01:54 a.m. Transporto a a hacia Mapa145 X:72 Y:26
22/12/2004 12:01:56 a.m. Transporto a a hacia Mapa145 X:71 Y:25
22/12/2004 12:01:59 a.m. Transporto a a hacia Mapa145 X:67 Y:32
22/12/2004 12:02:09 a.m. Transporto a a hacia Mapa145 X:67 Y:35
22/12/2004 12:02:11 a.m. Transporto a a hacia Mapa145 X:68 Y:35
22/12/2004 12:24:47 a.m. Se conecto con ip:127.0.0.1
22/12/2004 12:25:15 a.m. /mod a body 179
22/12/2004 12:25:35 a.m. /mod b body 178
22/12/2004 12:25:39 a.m. /mod a body 178
22/12/2004 12:26:04 a.m. /mod a body 179
22/12/2004 12:26:17 a.m. /mod a body 177
22/12/2004 12:26:38 a.m. /mod a body 176
22/12/2004 12:26:50 a.m. /mod a body 175
22/12/2004 12:27:27 a.m. /mod a body 174
22/12/2004 12:27:32 a.m. /mod a body 173
22/12/2004 12:33:20 a.m. Se conecto con ip:127.0.0.1
22/12/2004 12:33:24 a.m. /MATA NPC SIN INICIAR
22/12/2004 12:34:04 a.m. /mod a body 162
22/12/2004 12:37:22 a.m. Se conecto con ip:127.0.0.1
23/12/2004 08:39:41 p.m. Se conecto con ip:127.0.0.1
23/12/2004 08:39:44 p.m. Transporto a A hacia Mapa2 X:52 Y:61
23/12/2004 08:39:57 p.m. /mod a body 166
23/12/2004 08:40:00 p.m. /mod a body 1
23/12/2004 08:43:46 p.m. Se conecto con ip:127.0.0.1
23/12/2004 08:44:09 p.m. Se conecto con ip:127.0.0.1
23/12/2004 08:46:34 p.m. Se conecto con ip:127.0.0.1
23/12/2004 08:49:32 p.m. Se conecto con ip:127.0.0.1
23/12/2004 08:49:39 p.m. /MATA NPC SIN INICIAR
23/12/2004 09:03:07 p.m. Se conecto con ip:127.0.0.1
23/12/2004 09:03:15 p.m. /MATA NPC SIN INICIAR
23/12/2004 09:07:17 p.m. Se conecto con ip:127.0.0.1
23/12/2004 09:09:03 p.m. Se conecto con ip:127.0.0.1
23/12/2004 09:09:11 p.m. /MATA NPC SIN INICIAR
23/12/2004 09:16:43 p.m. Se conecto con ip:127.0.0.1
24/12/2004 11:26:48 a.m. Se conecto con ip:127.0.0.1
24/12/2004 11:26:53 a.m. /MATA NPC SIN INICIAR
24/12/2004 11:27:34 a.m. /CI: 675
24/12/2004 11:27:37 a.m. Transporto a A hacia Mapa2 X:55 Y:60
24/12/2004 11:28:35 a.m. Se conecto con ip:127.0.0.1
24/12/2004 11:28:41 a.m. /CI: 675
24/12/2004 11:28:45 a.m. Agarro:100 Objeto:Vestimenta real (H/E/EO)
24/12/2004 11:29:18 a.m. Se conecto con ip:127.0.0.1
24/12/2004 11:29:35 a.m. Tiro cantidad:100 Objeto:Manzana Roja (Newbies)
24/12/2004 11:29:37 a.m. /DEST
24/12/2004 11:29:39 a.m. Tiro cantidad:100 Objeto:Botella de agua (Newbies)
24/12/2004 11:29:41 a.m. Tiro cantidad:1 Objeto:Vestimentas comunes (Newbies)
24/12/2004 11:29:42 a.m. Tiro cantidad:1 Objeto:Espada larga
24/12/2004 11:29:44 a.m. Tiro cantidad:1 Objeto:Daga (Newbies)
24/12/2004 11:29:47 a.m. /MASSDEST
24/12/2004 11:29:51 a.m. /MASSDEST
24/12/2004 11:30:00 a.m. /CI: 676
24/12/2004 11:30:03 a.m. Agarro:100 Objeto:Vestimenta real (E/G)
24/12/2004 11:30:06 a.m. Tiro cantidad:100 Objeto:Vestimenta real (E/G)
24/12/2004 11:30:10 a.m. /CI: 677
24/12/2004 11:30:13 a.m. /CI: 678
24/12/2004 11:30:25 a.m. /CI: 679
24/12/2004 11:30:30 a.m. /CI: 680
24/12/2004 11:30:33 a.m. /CI: 681
24/12/2004 11:30:36 a.m. /CI: 682
24/12/2004 11:30:39 a.m. /CI: 683
24/12/2004 11:30:41 a.m. /CI: 684
24/12/2004 11:30:47 a.m. Agarro:100 Objeto:Gran sacerdote demoníaco (H/E/EO)
24/12/2004 11:30:49 a.m. Tiro cantidad:100 Objeto:Gran sacerdote demoníaco (H/E/EO)
24/12/2004 11:31:05 a.m. /CI: 685
24/12/2004 11:31:08 a.m. /CI: 686
24/12/2004 11:31:10 a.m. /CI: 687
24/12/2004 11:31:12 a.m. /CI: 688
24/12/2004 11:31:15 a.m. /CI: 689
24/12/2004 11:31:18 a.m. /CI: 690
24/12/2004 11:31:20 a.m. /CI: 691
24/12/2004 11:31:24 a.m. /CI: 692
24/12/2004 11:31:38 a.m. /CI: 690
24/12/2004 11:31:44 a.m. /CI: 691
24/12/2004 11:31:47 a.m. /CI: 692
24/12/2004 11:31:58 a.m. /DEST
24/12/2004 11:32:00 a.m. /DEST
24/12/2004 11:32:01 a.m. /DEST
24/12/2004 11:32:04 a.m. /CI: 693
24/12/2004 11:32:08 a.m. /CI: 694
24/12/2004 11:32:11 a.m. /CI: 695
24/12/2004 11:32:15 a.m. /CI: 696
24/12/2004 11:32:18 a.m. /CI: 697
24/12/2004 11:32:21 a.m. /CI: 698
24/12/2004 11:32:24 a.m. /CI: 699
24/12/2004 11:32:32 a.m. /CI: 700
24/12/2004 11:32:49 a.m. Agarro:100 Objeto:Vestimenta real (E/G)
24/12/2004 11:32:52 a.m. Tiro cantidad:100 Objeto:Vestimenta real (E/G)
24/12/2004 11:33:04 a.m. Agarro:100 Objeto:Túnica Conspicua de Mago Imperial (H/E/EO)
24/12/2004 11:33:08 a.m. /mod a clase mago
24/12/2004 11:33:16 a.m. Tiro cantidad:100 Objeto:Túnica Conspicua de Mago Imperial (H/E/EO)
24/12/2004 11:33:23 a.m. /mod a clase guerrero
24/12/2004 11:33:24 a.m. Agarro:100 Objeto:Túnica Conspicua de Mago Imperial (H/E/EO)
24/12/2004 11:33:26 a.m. Tiro cantidad:100 Objeto:Túnica Conspicua de Mago Imperial (H/E/EO)
24/12/2004 11:33:42 a.m. /CI: 516
24/12/2004 11:33:44 a.m. Agarro:100 Objeto:Túnica de Maga del Imperio (H/E/EO)
24/12/2004 11:33:51 a.m. Tiro cantidad:100 Objeto:Túnica de Maga del Imperio (H/E/EO)
24/12/2004 11:33:59 a.m. /CI: 56
24/12/2004 11:34:02 a.m. /DEST
24/12/2004 11:34:23 a.m. /CI: 516
24/12/2004 11:34:24 a.m. /DEST
24/12/2004 11:34:27 a.m. /CI: 517
24/12/2004 11:34:39 a.m. /CI: 521
24/12/2004 11:34:42 a.m. Agarro:100 Objeto:Armadura real (H/E/EO)
24/12/2004 11:34:47 a.m. Tiro cantidad:100 Objeto:Armadura real (H/E/EO)
24/12/2004 11:35:07 a.m. Agarro:100 Objeto:Armadura real (H/E/EO)
24/12/2004 11:35:09 a.m. Tiro cantidad:100 Objeto:Armadura real (H/E/EO)
24/12/2004 11:35:16 a.m. /MASSDEST
24/12/2004 11:35:38 a.m. /CI: 676
24/12/2004 11:36:00 a.m. Se conecto con ip:127.0.0.1
24/12/2004 11:36:02 a.m. Agarro:100 Objeto:Vestimenta real (E/G)
24/12/2004 11:36:27 a.m. /CI: 492
24/12/2004 11:36:27 a.m. Agarro:100 Objeto:Armadura Real (E/G)
24/12/2004 11:36:41 a.m. /CI: 549
24/12/2004 11:36:42 a.m. Agarro:100 Objeto:Túnica de Mago del Imperio (G/E)
24/12/2004 11:36:46 a.m. /mod a clase mago
24/12/2004 11:37:13 a.m. /CI: 681
24/12/2004 11:37:14 a.m. Agarro:100 Objeto:Armadura nobilísima (E/G)
24/12/2004 11:37:19 a.m. /mod a clase guerrero
24/12/2004 11:37:26 a.m. /CI: 686
24/12/2004 11:37:31 a.m. /DEST
24/12/2004 11:37:36 a.m. /CI: 682
24/12/2004 11:37:38 a.m. /mod a clase fa
24/12/2004 11:37:39 a.m. Agarro:100 Objeto:Túnica conspicua de mago imperial (E/G)
24/12/2004 11:38:00 a.m. /CI: 688
24/12/2004 11:38:01 a.m. Agarro:100 Objeto:Túnica palatina (E/G)
24/12/2004 11:39:02 a.m. /CI: 694
24/12/2004 11:39:04 a.m. Agarro:100 Objeto:Armadura de ilustre caballero (E/G)
24/12/2004 11:39:36 a.m. Transporto a A hacia Mapa2 X:46 Y:73
24/12/2004 11:39:37 a.m. Transporto a A hacia Mapa2 X:51 Y:69
24/12/2004 11:39:37 a.m. Transporto a A hacia Mapa2 X:57 Y:68
24/12/2004 11:39:38 a.m. Transporto a A hacia Mapa2 X:63 Y:66
24/12/2004 11:39:39 a.m. Transporto a A hacia Mapa2 X:61 Y:61
24/12/2004 11:39:42 a.m. Transporto a A hacia Mapa2 X:59 Y:48
24/12/2004 11:39:42 a.m. Transporto a A hacia Mapa2 X:57 Y:43
24/12/2004 11:39:42 a.m. Transporto a A hacia Mapa2 X:55 Y:38
24/12/2004 11:39:43 a.m. Transporto a A hacia Mapa2 X:55 Y:38
24/12/2004 11:39:44 a.m. Transporto a A hacia Mapa2 X:53 Y:32
24/12/2004 11:39:46 a.m. Transporto a A hacia Mapa2 X:61 Y:27
24/12/2004 11:40:21 a.m. Se conecto con ip:127.0.0.1
24/12/2004 11:40:24 a.m. Transporto a A hacia Mapa2 X:57 Y:54
24/12/2004 11:40:25 a.m. Transporto a A hacia Mapa2 X:54 Y:49
24/12/2004 11:40:26 a.m. Transporto a A hacia Mapa2 X:56 Y:44
24/12/2004 11:40:26 a.m. Transporto a A hacia Mapa2 X:59 Y:39
24/12/2004 11:40:27 a.m. Transporto a A hacia Mapa2 X:60 Y:34
24/12/2004 11:40:27 a.m. Transporto a A hacia Mapa2 X:62 Y:30
24/12/2004 11:40:37 a.m. /CI: 678
24/12/2004 11:40:38 a.m. Agarro:100 Objeto:Vestimenta legionaria (E/G)
24/12/2004 11:41:00 a.m. /mod a clase asdf
24/12/2004 11:41:23 a.m. Se conecto con ip:127.0.0.1
24/12/2004 11:41:25 a.m. Transporto a A hacia Mapa2 X:56 Y:53
24/12/2004 11:41:25 a.m. Transporto a A hacia Mapa2 X:55 Y:48
24/12/2004 11:41:25 a.m. Transporto a A hacia Mapa2 X:54 Y:42
24/12/2004 11:41:26 a.m. Transporto a A hacia Mapa2 X:52 Y:36
24/12/2004 11:41:27 a.m. Transporto a A hacia Mapa2 X:57 Y:33
24/12/2004 11:41:27 a.m. Transporto a A hacia Mapa2 X:62 Y:30
24/12/2004 11:41:27 a.m. Transporto a A hacia Mapa2 X:61 Y:25
24/12/2004 11:41:34 a.m. /CI: 678
24/12/2004 11:41:35 a.m. Agarro:100 Objeto:Vestimenta legionaria (E/G)
24/12/2004 11:41:41 a.m. /mod a clase fa
24/12/2004 11:42:28 a.m. Tiro cantidad:100 Objeto:Vestimenta legionaria (E/G)
24/12/2004 11:42:58 a.m. Agarro:100 Objeto:Vestimenta legionaria (E/G)
24/12/2004 11:43:01 a.m. Tiro cantidad:100 Objeto:Vestimenta legionaria (E/G)
24/12/2004 11:43:28 a.m. Agarro:100 Objeto:Vestimenta legionaria (E/G)
24/12/2004 11:44:26 a.m. Se conecto con ip:127.0.0.1
24/12/2004 11:47:07 a.m. Se conecto con ip:127.0.0.1
24/12/2004 12:22:44 p.m. Se conecto con ip:127.0.0.1
24/12/2004 12:23:49 p.m. /CI: 379
24/12/2004 12:23:53 p.m. Agarro:100 Objeto:Armadura legionaria (E/G)
24/12/2004 12:23:58 p.m. Tiro cantidad:100 Objeto:Armadura legionaria (E/G)
24/12/2004 12:24:09 p.m. /CI: 558
24/12/2004 12:24:10 p.m. Agarro:100 Objeto:Túnica de mago oscuro (E/G)
24/12/2004 12:25:44 p.m. /mod a clase f
24/12/2004 12:25:45 p.m. Agarro:100 Objeto:Armadura legionaria (E/G)
24/12/2004 12:26:13 p.m. Tiro cantidad:100 Objeto:Armadura legionaria (E/G)
24/12/2004 12:26:32 p.m. /CI: 686
24/12/2004 12:26:33 p.m. Agarro:100 Objeto:Túnica egregia de Mago oscuro (E/G)
24/12/2004 12:26:44 p.m. /CI: 685
24/12/2004 12:26:44 p.m. Agarro:100 Objeto:Armadura lóbrega (E/G)
24/12/2004 12:27:02 p.m. /CI: 690
24/12/2004 12:27:03 p.m. Agarro:100 Objeto:Túnica avernal (E/G)
24/12/2004 12:27:46 p.m. /CI: 691
24/12/2004 12:27:52 p.m. /CI: 690
24/12/2004 12:27:55 p.m. /CI: 691
24/12/2004 12:28:51 p.m. /CI: 689
24/12/2004 12:29:16 p.m. /CI: 691
24/12/2004 12:29:31 p.m. /CI: 692
24/12/2004 12:30:03 p.m. /CI: 690
24/12/2004 12:30:03 p.m. Agarro:100 Objeto:Túnica avernal (E/G)
24/12/2004 12:30:11 p.m. /CI: 695
24/12/2004 12:30:12 p.m. Agarro:100 Objeto:Armadura de pequeño pandemonium (E/G)
24/12/2004 12:30:52 p.m. Hora.
24/12/2004 12:31:28 p.m. /CI: 379
24/12/2004 12:31:30 p.m. Agarro:100 Objeto:Armadura legionaria (E/G)
24/12/2004 12:34:00 p.m. Tiro cantidad:100 Objeto:Armadura legionaria (E/G)
24/12/2004 12:34:01 p.m. Agarro:100 Objeto:Armadura legionaria (E/G)
24/12/2004 12:34:08 p.m. /mod a body 77
24/12/2004 12:34:12 p.m. /mod a body 78
24/12/2004 12:34:17 p.m. /mod a body 79
24/12/2004 12:34:19 p.m. /mod a body 80
24/12/2004 12:34:21 p.m. /mod a body 81
24/12/2004 12:34:49 p.m. Tiro cantidad:100 Objeto:Armadura legionaria (E/G)
24/12/2004 12:34:49 p.m. Agarro:100 Objeto:Armadura legionaria (E/G)
24/12/2004 12:35:02 p.m. Tiro cantidad:100 Objeto:Armadura legionaria (E/G)
24/12/2004 12:35:02 p.m. Agarro:100 Objeto:Armadura legionaria (E/G)
24/12/2004 12:36:36 p.m. Tiro cantidad:100 Objeto:Armadura legionaria (E/G)
24/12/2004 12:36:37 p.m. Agarro:100 Objeto:Armadura legionaria (E/G)
24/12/2004 12:36:58 p.m. /CI: 691
24/12/2004 12:37:01 p.m. /CI: 692
24/12/2004 12:37:42 p.m. Se conecto con ip:127.0.0.1
24/12/2004 12:37:53 p.m. /CI: 677
24/12/2004 12:37:54 p.m. Agarro:100 Objeto:Vestimenta legionaria (H/E/EO)
24/12/2004 12:38:05 p.m. /CI: 509
24/12/2004 12:38:06 p.m. Agarro:100 Objeto:Túnica de Maga oscura (H/E/EO)
24/12/2004 12:38:27 p.m. /CI: 518
24/12/2004 12:38:28 p.m. Agarro:100 Objeto:Túnica de mago oscuro (H/E/EO)
24/12/2004 12:38:37 p.m. /CI: 369
24/12/2004 12:38:42 p.m. Agarro:100 Objeto:Armadura legionaria (H/E/EO)
24/12/2004 12:38:46 p.m. Tiro cantidad:100 Objeto:Armadura legionaria (H/E/EO)
24/12/2004 12:38:49 p.m. /DEST
24/12/2004 12:40:47 p.m. /CI: 369
24/12/2004 12:41:22 p.m. /CI: 369
24/12/2004 12:41:23 p.m. /DEST
24/12/2004 12:42:02 p.m. /mod a body 77
24/12/2004 12:42:43 p.m. /CI: 369
24/12/2004 12:42:45 p.m. Agarro:100 Objeto:Armadura legionaria (H/E/EO)
24/12/2004 12:42:57 p.m. Tiro cantidad:100 Objeto:Armadura legionaria (H/E/EO)
24/12/2004 12:43:00 p.m. Agarro:100 Objeto:Armadura legionaria (H/E/EO)
24/12/2004 12:43:03 p.m. Tiro cantidad:100 Objeto:Armadura legionaria (H/E/EO)
24/12/2004 12:43:05 p.m. Agarro:100 Objeto:Armadura legionaria (H/E/EO)
24/12/2004 12:43:05 p.m. Agarro:100 Objeto:Armadura legionaria (H/E/EO)
24/12/2004 12:43:06 p.m. Tiro cantidad:200 Objeto:Armadura legionaria (H/E/EO)
24/12/2004 12:43:08 p.m. Agarro:100 Objeto:Túnica avernal (H/E/EO)
24/12/2004 12:43:11 p.m. Tiro cantidad:100 Objeto:Túnica avernal (H/E/EO)
24/12/2004 12:43:13 p.m. Agarro:200 Objeto:Armadura legionaria (H/E/EO)
24/12/2004 12:43:14 p.m. /lluvia
24/12/2004 12:43:46 p.m. /mod a clase asdf
24/12/2004 12:43:50 p.m. Tiro cantidad:200 Objeto:Armadura legionaria (H/E/EO)
24/12/2004 12:43:50 p.m. Agarro:200 Objeto:Armadura legionaria (H/E/EO)
24/12/2004 12:44:11 p.m. /CI: 523
24/12/2004 12:44:13 p.m. Agarro:100 Objeto:Armadura de sacerdote del mal (H/E/EO)
24/12/2004 12:44:17 p.m. /CI: 518
24/12/2004 12:44:18 p.m. Agarro:100 Objeto:Túnica de mago oscuro (H/E/EO)
24/12/2004 12:44:28 p.m. /CI: 634
24/12/2004 12:44:29 p.m. Agarro:100 Objeto:Túnica egregia de Mago oscuro (H/E/EO)
24/12/2004 12:44:37 p.m. /CI: 635
24/12/2004 12:44:41 p.m. Agarro:100 Objeto:Armadura lobrega (mujer) (H/E/EO)
24/12/2004 12:44:49 p.m. /CI: 683
24/12/2004 12:44:51 p.m. Agarro:100 Objeto:Armadura lóbrega (H/E/EO)
24/12/2004 12:45:06 p.m. /CI: 684
24/12/2004 12:46:49 p.m. Transporto a A hacia Mapa2 X:63 Y:21
24/12/2004 12:47:16 p.m. Se conecto con ip:127.0.0.1
24/12/2004 12:47:30 p.m. /CI: 684
24/12/2004 12:47:34 p.m. Agarro:100 Objeto:Gran sacerdote demoníaco (H/E/EO)
24/12/2004 12:47:54 p.m. /CI: 683
24/12/2004 12:47:57 p.m. Agarro:100 Objeto:Armadura lóbrega (H/E/EO)
24/12/2004 12:51:16 p.m. Transporto a A hacia Mapa2 X:60 Y:22
24/12/2004 12:51:37 p.m. Se conecto con ip:127.0.0.1
24/12/2004 12:52:13 p.m. /CI: 684
24/12/2004 12:52:13 p.m. Agarro:100 Objeto:Gran sacerdote demoníaco (H/E/EO)
24/12/2004 12:52:37 p.m. /CI: 689
24/12/2004 12:52:40 p.m. Agarro:100 Objeto:Túnica avernal (H/E/EO)
24/12/2004 12:52:53 p.m. /CI: 684
24/12/2004 12:53:07 p.m. /CI: 694
24/12/2004 12:53:30 p.m. /CI: 694
24/12/2004 12:53:36 p.m. /CI: 695
24/12/2004 12:53:37 p.m. Agarro:100 Objeto:Armadura de pequeño pandemonium (E/G)
24/12/2004 12:53:42 p.m. /CI: 696
24/12/2004 12:53:43 p.m. Agarro:100 Objeto:Laud mágico
24/12/2004 12:54:52 p.m. /CI: 701
24/12/2004 12:54:54 p.m. Agarro:100 Objeto:Armadura infame (H/E/EO)
24/12/2004 01:03:41 p.m. Se conecto con ip:127.0.0.1
24/12/2004 01:03:45 p.m. Tiro cantidad:100 Objeto:Armadura infame (H/E/EO)
24/12/2004 01:03:47 p.m. Tiro cantidad:100 Objeto:Laud mágico
24/12/2004 01:03:50 p.m. Tiro cantidad:100 Objeto:Armadura de pequeño pandemonium (E/G)
24/12/2004 01:03:52 p.m. Tiro cantidad:100 Objeto:Túnica avernal (H/E/EO)
24/12/2004 01:03:54 p.m. Tiro cantidad:200 Objeto:Gran sacerdote demoníaco (H/E/EO)
24/12/2004 01:03:56 p.m. Tiro cantidad:100 Objeto:Manzana Roja (Newbies)
24/12/2004 01:03:58 p.m. Tiro cantidad:100 Objeto:Botella de agua (Newbies)
24/12/2004 01:03:59 p.m. Tiro cantidad:1 Objeto:Daga (Newbies)
24/12/2004 01:04:01 p.m. Tiro cantidad:1 Objeto:Vestimentas comunes (Newbies)
24/12/2004 01:04:02 p.m. Tiro cantidad:1 Objeto:Espada larga
24/12/2004 01:04:16 p.m. /CI: 675
24/12/2004 01:04:17 p.m. Agarro:100 Objeto:Vestimenta real (H/E/EO)
24/12/2004 01:04:25 p.m. /CI: 516
24/12/2004 01:04:25 p.m. Agarro:100 Objeto:Túnica de Maga del Imperio (H/E/EO)
24/12/2004 01:04:52 p.m. /CI: 517
24/12/2004 01:04:52 p.m. Agarro:100 Objeto:Túnica de Mago del Imperio (H/E/EO)
24/12/2004 01:05:03 p.m. /CI: 521
24/12/2004 01:05:04 p.m. Agarro:100 Objeto:Armadura real (H/E/EO)
24/12/2004 01:06:17 p.m. Tiro cantidad:100 Objeto:Armadura real (H/E/EO)
24/12/2004 01:06:19 p.m. Agarro:100 Objeto:Armadura real (H/E/EO)
24/12/2004 01:06:22 p.m. Tiro cantidad:100 Objeto:Armadura real (H/E/EO)
24/12/2004 01:06:24 p.m. Agarro:100 Objeto:Armadura real (H/E/EO)
24/12/2004 01:06:40 p.m. /CI: 621
24/12/2004 01:06:43 p.m. /DEST
24/12/2004 01:06:49 p.m. /CI: 521
24/12/2004 01:06:50 p.m. Agarro:100 Objeto:Armadura real (H/E/EO)
24/12/2004 01:06:58 p.m. /CI: 372
24/12/2004 01:06:59 p.m. Agarro:100 Objeto:Manto de sacerdote del Imperio (H/E/EO)
24/12/2004 01:07:07 p.m. /CI: 492
24/12/2004 01:07:13 p.m. Agarro:100 Objeto:Armadura Real (E/G)
24/12/2004 01:07:20 p.m. Tiro cantidad:100 Objeto:Armadura Real (E/G)
24/12/2004 01:07:27 p.m. /CI: 679
24/12/2004 01:07:28 p.m. Agarro:100 Objeto:Túnica Conspicua de Mago Imperial (H/E/EO)
24/12/2004 01:07:41 p.m. /CI: 629
24/12/2004 01:07:42 p.m. Agarro:100 Objeto:Armadura nobilísima (H/E/EO)
24/12/2004 01:08:10 p.m. /CI: 680
24/12/2004 01:08:12 p.m. Agarro:100 Objeto:Armadura de gran sacerdote imperial (H/E/EO)
24/12/2004 01:08:46 p.m. /CI: 521
24/12/2004 01:08:49 p.m. Agarro:100 Objeto:Armadura real (H/E/EO)
24/12/2004 01:09:19 p.m. /CI: 629
24/12/2004 01:09:23 p.m. /CI: 679
24/12/2004 01:09:42 p.m. /CI: 687
24/12/2004 01:09:42 p.m. Agarro:100 Objeto:Túnica palatina (H/E/EO)
24/12/2004 01:09:54 p.m. /CI: 691
24/12/2004 01:09:55 p.m. Agarro:100 Objeto:Armadura de ilustre caballero (H/E/EO)
24/12/2004 01:10:04 p.m. /CI: 692
24/12/2004 01:10:05 p.m. Agarro:100 Objeto:Armadura magna (H/E/EO)
24/12/2004 01:20:33 p.m. /CI: 516
24/12/2004 01:20:41 p.m. /CI: 521
24/12/2004 01:20:51 p.m. /CI: 372
24/12/2004 01:20:56 p.m. /CI: 492
24/12/2004 01:21:06 p.m. /CI: 679
24/12/2004 01:21:11 p.m. /CI: 629
24/12/2004 01:21:20 p.m. /CI: 680
24/12/2004 01:21:26 p.m. /CI: 521
24/12/2004 01:21:31 p.m. Agarro:100 Objeto:Armadura real (H/E/EO)
24/12/2004 01:21:33 p.m. Agarro:100 Objeto:Armadura real (H/E/EO)
24/12/2004 01:21:55 p.m. /CI: 692
24/12/2004 01:24:02 p.m. /lluvia
24/12/2004 01:24:07 p.m. /mod a body 178
24/12/2004 01:24:10 p.m. /mod a body 179
24/12/2004 01:24:14 p.m. /mod a body 180
24/12/2004 01:24:20 p.m. /mod a body 177
24/12/2004 01:24:24 p.m. /mod a body 178
24/12/2004 01:24:26 p.m. /mod a body 179
24/12/2004 01:24:30 p.m. /mod a body 1
24/12/2004 01:24:32 p.m. /mod a body 2
24/12/2004 01:24:36 p.m. /mod a body 
24/12/2004 01:24:37 p.m. /mod a body 3
24/12/2004 01:24:37 p.m. /mod a body 4
24/12/2004 01:24:38 p.m. /mod a body 5
24/12/2004 01:24:39 p.m. /mod a body 6
24/12/2004 01:24:40 p.m. /mod a body 7
24/12/2004 01:24:41 p.m. /mod a body 8
24/12/2004 01:24:43 p.m. /mod a body 9
24/12/2004 01:24:44 p.m. /mod a body 10
24/12/2004 01:24:45 p.m. /mod a body 11
24/12/2004 01:24:45 p.m. /mod a body 12
24/12/2004 01:24:46 p.m. /mod a body 13
24/12/2004 01:24:47 p.m. /mod a body 14
24/12/2004 01:24:48 p.m. /mod a body 15
24/12/2004 01:24:49 p.m. /mod a body 16
24/12/2004 01:24:52 p.m. /mod a body 40
24/12/2004 01:24:53 p.m. /mod a body 41
24/12/2004 01:24:55 p.m. /mod a body 42
24/12/2004 01:24:56 p.m. /mod a body 43
24/12/2004 01:24:57 p.m. /mod a body 44
24/12/2004 01:24:59 p.m. /mod a body 45
24/12/2004 01:25:00 p.m. /mod a body 46
24/12/2004 01:25:01 p.m. /mod a body 47
24/12/2004 01:25:03 p.m. /mod a body 48
24/12/2004 01:25:05 p.m. /mod a body 49
24/12/2004 01:25:06 p.m. /mod a body 50
24/12/2004 01:25:07 p.m. /mod a body 51
24/12/2004 01:25:09 p.m. /mod a body 52
24/12/2004 01:25:10 p.m. /mod a body 53
24/12/2004 01:25:11 p.m. /mod a body 54
24/12/2004 01:25:12 p.m. /mod a body 55
24/12/2004 01:25:14 p.m. /mod a body 56
24/12/2004 01:25:15 p.m. /mod a body 57
24/12/2004 01:25:16 p.m. /mod a body 58
24/12/2004 01:25:18 p.m. /mod a body 59
24/12/2004 01:25:19 p.m. /mod a body 60
24/12/2004 01:25:21 p.m. /mod a body 61
24/12/2004 01:25:23 p.m. /mod a body 62
24/12/2004 01:25:25 p.m. /mod a body 63
24/12/2004 01:25:27 p.m. /mod a body 64
24/12/2004 01:25:28 p.m. /mod a body 65
24/12/2004 01:25:30 p.m. /mod a body 66
24/12/2004 01:25:32 p.m. /mod a body 67
24/12/2004 01:25:34 p.m. /mod a body 68
24/12/2004 01:25:36 p.m. /mod a body 69
24/12/2004 01:25:38 p.m. /mod a body 70
24/12/2004 01:25:39 p.m. /mod a body 71
24/12/2004 01:25:41 p.m. /mod a body 72
24/12/2004 01:25:44 p.m. /mod a body 73
24/12/2004 01:25:46 p.m. /mod a body 74
24/12/2004 01:25:48 p.m. /mod a body 75
24/12/2004 01:25:49 p.m. /mod a body 76
24/12/2004 01:25:51 p.m. /mod a body 77
24/12/2004 01:25:52 p.m. /mod a body 78
24/12/2004 01:25:54 p.m. /mod a body 79
24/12/2004 01:25:55 p.m. /mod a body 80
24/12/2004 01:25:57 p.m. /mod a body 81
24/12/2004 01:25:58 p.m. /mod a body 82
24/12/2004 01:26:00 p.m. /mod a body 83
24/12/2004 01:26:02 p.m. /mod a body 84
24/12/2004 01:26:03 p.m. /mod a body 85
24/12/2004 01:26:05 p.m. /mod a body 86
24/12/2004 01:26:06 p.m. /mod a body 88
24/12/2004 01:26:07 p.m. /mod a body 89
24/12/2004 01:26:09 p.m. /mod a body 90
24/12/2004 01:26:11 p.m. /mod a body 91
24/12/2004 01:26:12 p.m. /mod a body 92
24/12/2004 01:26:14 p.m. /mod a body 93
24/12/2004 01:26:16 p.m. /mod a body 94
24/12/2004 01:26:18 p.m. /mod a body 95
24/12/2004 01:26:19 p.m. /mod a body 96
24/12/2004 01:26:28 p.m. /mod a body 97
24/12/2004 01:26:31 p.m. /mod a body 98
24/12/2004 01:26:33 p.m. /mod a body 99
24/12/2004 01:26:36 p.m. /mod a body 100
24/12/2004 01:26:38 p.m. /mod a body 101
24/12/2004 01:26:40 p.m. /mod a body 102
24/12/2004 01:26:42 p.m. /mod a body 103
24/12/2004 01:26:43 p.m. /mod a body 104
24/12/2004 01:26:45 p.m. /mod a body 105
24/12/2004 01:26:48 p.m. /mod a body 106
24/12/2004 01:26:51 p.m. /mod a body 107
24/12/2004 01:26:52 p.m. /mod a body 108
24/12/2004 01:26:54 p.m. /mod a body 109
24/12/2004 01:26:56 p.m. /mod a body 110
24/12/2004 01:26:57 p.m. /mod a body 112
24/12/2004 01:26:59 p.m. /mod a body 113
24/12/2004 01:27:00 p.m. /mod a body 114
24/12/2004 01:27:01 p.m. /mod a body 115
24/12/2004 01:27:03 p.m. /mod a body 116
24/12/2004 01:27:05 p.m. /mod a body 117
24/12/2004 01:27:06 p.m. /mod a body 118
24/12/2004 01:27:08 p.m. /mod a body 119
24/12/2004 01:27:10 p.m. /mod a body 190
24/12/2004 01:27:12 p.m. /mod a body 120
24/12/2004 01:27:13 p.m. /mod a body 121
24/12/2004 01:27:15 p.m. /mod a body 122
24/12/2004 01:27:17 p.m. /mod a body 123
24/12/2004 01:27:18 p.m. /mod a body 124
24/12/2004 01:27:21 p.m. /mod a body 125
24/12/2004 01:27:23 p.m. /mod a body 126
24/12/2004 01:27:25 p.m. /mod a body 127
24/12/2004 01:27:28 p.m. /mod a body 128
24/12/2004 01:27:29 p.m. /mod a body 129
24/12/2004 01:27:31 p.m. /mod a body 120
24/12/2004 01:27:33 p.m. /mod a body 121
24/12/2004 01:27:34 p.m. /mod a body 122
24/12/2004 01:27:36 p.m. /mod a body 123
24/12/2004 01:27:38 p.m. /mod a body 130
24/12/2004 01:27:39 p.m. /mod a body 131
24/12/2004 01:27:49 p.m. /mod a body 132
24/12/2004 01:28:10 p.m. Tiro cantidad:100 Objeto:Armadura magna (H/E/EO)
24/12/2004 01:28:11 p.m. Agarro:100 Objeto:Armadura magna (H/E/EO)
26/12/2004 12:29:47 p.m. Se conecto con ip:127.0.0.1
26/12/2004 12:31:04 p.m. Se conecto con ip:
26/12/2004 12:31:17 p.m. Se conecto con ip:
26/12/2004 12:32:39 p.m. Se conecto con ip:127.0.0.1
26/12/2004 12:36:18 p.m. Transporto a A hacia Mapa2 X:60 Y:17
26/12/2004 12:36:24 p.m. Transporto a A hacia Mapa2 X:61 Y:20
26/12/2004 01:00:06 p.m. Se conecto con ip:192.168.100.1
26/12/2004 01:02:20 p.m. Se conecto con ip:192.168.100.1
26/12/2004 01:02:24 p.m. Tiro cantidad:100 Objeto:Túnica de Maga del Imperio (H/E/EO)
26/12/2004 01:02:25 p.m. Agarro:100 Objeto:Túnica de Maga del Imperio (H/E/EO)
26/12/2004 01:05:29 p.m. Transporto a A hacia Mapa2 X:66 Y:23
26/12/2004 01:09:09 p.m. Se conecto con ip:192.168.100.1
26/12/2004 01:09:57 p.m. Sumoneo a  en mapa 2
26/12/2004 01:09:59 p.m. Sumoneo a  en mapa 2
26/12/2004 01:10:01 p.m. Sumoneo a Guardia Imperial en mapa 2
26/12/2004 01:10:12 p.m. /MATA NPC SIN INICIAR
26/12/2004 01:10:14 p.m. Sumoneo a  en mapa 2
26/12/2004 01:10:18 p.m. Sumoneo a  en mapa 2
26/12/2004 01:10:21 p.m. Sumoneo a  en mapa 2
26/12/2004 01:10:29 p.m. Sumoneo a  en mapa 2
26/12/2004 01:10:34 p.m. Sumoneo a  en mapa 2
26/12/2004 02:11:46 p.m. Se conecto con ip:192.168.1.1
26/12/2004 02:12:14 p.m. Sumoneo a  en mapa 2
26/12/2004 02:12:18 p.m. /MATA NPC SIN INICIAR
26/12/2004 02:12:22 p.m. Sumoneo a  en mapa 2
26/12/2004 02:12:24 p.m. Sumoneo a  en mapa 2
26/12/2004 02:12:27 p.m. Sumoneo a  en mapa 2
26/12/2004 02:12:29 p.m. Sumoneo a  en mapa 2
26/12/2004 02:12:31 p.m. Sumoneo a  en mapa 2
26/12/2004 02:12:34 p.m. Sumoneo a  en mapa 2
26/12/2004 02:12:37 p.m. Sumoneo a  en mapa 2
26/12/2004 02:12:41 p.m. Sumoneo a  en mapa 2
26/12/2004 02:12:44 p.m. /MATA NPC SIN INICIAR
26/12/2004 02:13:01 p.m. /MATA NPC SIN INICIAR
26/12/2004 02:14:13 p.m. Tiro cantidad:100 Objeto:Túnica de Mago del Imperio (H/E/EO)
26/12/2004 02:14:26 p.m. /mod a oro 23232
26/12/2004 02:14:37 p.m. Tiro cantidad:1 Objeto:Tunica de Roja
26/12/2004 02:14:39 p.m. Agarro:1 Objeto:Tunica de Roja
26/12/2004 02:15:08 p.m. Tiro cantidad:1 Objeto:Tunica de Roja
26/12/2004 02:15:16 p.m. Tiro cantidad:1 Objeto:Tunica de Roja
26/12/2004 02:15:49 p.m. Tiro cantidad:1 Objeto:Túnica roja
26/12/2004 02:17:42 p.m. Tiro cantidad:100 Objeto:Vestimenta legionaria (H/E/EO)
26/12/2004 02:17:58 p.m. Transporto a A hacia Mapa2 X:55 Y:21
26/12/2004 02:20:57 p.m. Tiro cantidad:1 Objeto:Ropa de pordiosero
26/12/2004 02:21:06 p.m. Tiro cantidad:1 Objeto:Tumba de Cronos
26/12/2004 02:21:34 p.m. Transporto a A hacia Mapa2 X:56 Y:21
26/12/2004 02:26:00 p.m. Se conecto con ip:192.168.1.1
26/12/2004 02:34:37 p.m. Se conecto con ip:192.168.1.1
26/12/2004 02:34:43 p.m. Sumoneo a  en mapa 2
26/12/2004 02:34:47 p.m. Sumoneo a  en mapa 2
26/12/2004 02:34:49 p.m. Sumoneo a  en mapa 2
26/12/2004 02:34:53 p.m. Sumoneo a  en mapa 2
26/12/2004 02:34:55 p.m. Sumoneo a  en mapa 2
26/12/2004 02:34:58 p.m. Sumoneo a  en mapa 2
26/12/2004 02:35:01 p.m. Sumoneo a  en mapa 2
26/12/2004 02:37:28 p.m. /MATA NPC SIN INICIAR
26/12/2004 02:37:30 p.m. Sumoneo a  en mapa 2
26/12/2004 02:37:33 p.m. Sumoneo a  en mapa 2
26/12/2004 02:37:36 p.m. Sumoneo a  en mapa 2
26/12/2004 02:38:44 p.m. Se conecto con ip:192.168.1.1
26/12/2004 02:39:15 p.m. /MATA NPC SIN INICIAR
26/12/2004 02:40:26 p.m. /MASSKILL
26/12/2004 02:40:30 p.m. /MASSKILL
26/12/2004 07:43:34 p.m. Se conecto con ip:192.168.1.1
26/12/2004 07:44:00 p.m. Transporto a A hacia Mapa2 X:57 Y:17
26/12/2004 07:45:19 p.m. Se conecto con ip:
26/12/2004 07:45:58 p.m. Se conecto con ip:
26/12/2004 07:46:24 p.m. Se conecto con ip:192.168.1.1
26/12/2004 08:16:01 p.m. Se conecto con ip:192.168.1.1
26/12/2004 08:16:05 p.m. Transporto a A hacia Mapa1 X:81 Y:37
26/12/2004 08:16:59 p.m. Se conecto con ip:192.168.1.1
26/12/2004 09:15:24 p.m. Se conecto con ip:200.115.214.237
26/12/2004 09:17:19 p.m. Se conecto con ip:168.226.232.218
26/12/2004 09:17:28 p.m. Transporto a A hacia Mapa1 X:60 Y:57
26/12/2004 09:17:29 p.m. Transporto a A hacia Mapa1 X:58 Y:53
26/12/2004 09:17:56 p.m. Transporto a A hacia Mapa20 X:50 Y:50
26/12/2004 09:18:00 p.m. Transporto a A hacia Mapa20 X:49 Y:54
26/12/2004 09:18:01 p.m. Transporto a A hacia Mapa20 X:48 Y:58
26/12/2004 09:18:02 p.m. Transporto a A hacia Mapa20 X:47 Y:62
26/12/2004 09:18:03 p.m. Transporto a A hacia Mapa20 X:46 Y:66
26/12/2004 09:18:04 p.m. Transporto a A hacia Mapa20 X:45 Y:70
26/12/2004 09:18:39 p.m. Transporto a A hacia Mapa20 X:26 Y:93
26/12/2004 09:19:00 p.m. Transporto a A hacia Mapa20 X:29 Y:89
26/12/2004 09:19:05 p.m. Tiro cantidad:200 Objeto:Vestimenta real (H/E/EO)
26/12/2004 09:19:06 p.m. Agarro:1 Objeto:Barca
26/12/2004 09:20:05 p.m. Se conecto con ip:200.115.214.237
26/12/2004 09:23:16 p.m. Transporto a A hacia Mapa139 X:50 Y:50
26/12/2004 09:23:21 p.m. Transporto a A hacia Mapa1 X:50 Y:50
26/12/2004 09:57:15 p.m. Se conecto con ip:168.226.232.218
26/12/2004 09:57:26 p.m. /IRA C Mapa:20 X:19 Y:81
26/12/2004 09:57:37 p.m. Transporto a a hacia Mapa20 X:21 Y:76
26/12/2004 09:58:02 p.m. Transporto a a hacia Mapa20 X:36 Y:88
26/12/2004 09:58:04 p.m. Transporto a a hacia Mapa20 X:28 Y:82
26/12/2004 09:58:04 p.m. Transporto a a hacia Mapa20 X:20 Y:76
26/12/2004 09:58:06 p.m. Transporto a a hacia Mapa20 X:20 Y:81
26/12/2004 09:58:28 p.m. Transporto a a hacia Mapa20 X:20 Y:79
26/12/2004 09:58:29 p.m. Transporto a a hacia Mapa20 X:13 Y:79
26/12/2004 09:58:30 p.m. Transporto a a hacia Mapa20 X:20 Y:80
26/12/2004 09:58:52 p.m. Transporto a a hacia Mapa139 X:50 Y:50
29/12/2004 09:33:31 p.m. Se conecto con ip:200.115.214.237
29/12/2004 09:33:47 p.m. Transporto a A hacia Mapa60 X:50 Y:50
29/12/2004 09:33:49 p.m. Transporto a A hacia Mapa60 X:58 Y:44
29/12/2004 09:33:49 p.m. Transporto a A hacia Mapa60 X:65 Y:38
29/12/2004 09:33:50 p.m. Transporto a A hacia Mapa60 X:71 Y:32
29/12/2004 09:33:51 p.m. Transporto a A hacia Mapa60 X:70 Y:26
29/12/2004 09:33:52 p.m. Transporto a A hacia Mapa60 X:78 Y:23
29/12/2004 09:33:57 p.m. Tiro cantidad:100 Objeto:Armadura de gran sacerdote imperial (H/E/EO)
29/12/2004 09:33:59 p.m. Tiro cantidad:100 Objeto:Túnica palatina (H/E/EO)
29/12/2004 09:34:02 p.m. Tiro cantidad:100 Objeto:Armadura de ilustre caballero (H/E/EO)
29/12/2004 09:34:05 p.m. Tiro cantidad:100 Objeto:Armadura de sacerdote del mal (H/E/EO)
29/12/2004 09:34:07 p.m. Tiro cantidad:100 Objeto:Armadura nobilísima (H/E/EO)
29/12/2004 09:34:10 p.m. Tiro cantidad:100 Objeto:Armadura magna (H/E/EO)
29/12/2004 09:34:12 p.m. Tiro cantidad:500 Objeto:Armadura real (H/E/EO)
29/12/2004 09:34:14 p.m. Tiro cantidad:100 Objeto:Túnica de Maga del Imperio (H/E/EO)
29/12/2004 09:34:17 p.m. Tiro cantidad:100 Objeto:Manto de sacerdote del Imperio (H/E/EO)
29/12/2004 09:35:03 p.m. Se conecto con ip:200.115.214.237
29/12/2004 09:35:13 p.m. /mod a cri 30
29/12/2004 09:38:31 p.m. Se conecto con ip:200.115.214.237
29/12/2004 09:38:41 p.m. /mod a cri 30
29/12/2004 09:39:50 p.m. Tiro cantidad:100 Objeto:Vestimenta legionaria (E/G)
29/12/2004 09:39:53 p.m. Tiro cantidad:200 Objeto:Armadura legionaria (H/E/EO)
29/12/2004 09:39:56 p.m. Tiro cantidad:1 Objeto:Ropa de cuero (E/G-M)
29/12/2004 09:40:00 p.m. Tiro cantidad:100 Objeto:Túnica de Maga oscura (H/E/EO)
29/12/2004 09:40:02 p.m. Tiro cantidad:200 Objeto:Túnica de mago oscuro (H/E/EO)
29/12/2004 09:40:04 p.m. Tiro cantidad:100 Objeto:Túnica Conspicua de Mago Imperial (H/E/EO)
29/12/2004 09:40:06 p.m. Tiro cantidad:100 Objeto:Armadura lobrega (mujer) (H/E/EO)
29/12/2004 09:40:08 p.m. Tiro cantidad:200 Objeto:Armadura lóbrega (H/E/EO)
29/12/2004 09:40:11 p.m. Tiro cantidad:100 Objeto:Túnica egregia de Mago oscuro (H/E/EO)
29/12/2004 09:40:12 p.m. Transporto a A hacia Mapa60 X:91 Y:9
29/12/2004 09:40:16 p.m. Transporto a A hacia Mapa60 X:91 Y:15
29/12/2004 09:40:16 p.m. Transporto a A hacia Mapa60 X:91 Y:21
29/12/2004 09:40:20 p.m. Sumoneo a Murcielago en mapa 60
29/12/2004 09:40:23 p.m. Sumoneo a Lobo en mapa 60
29/12/2004 09:41:23 p.m. Se conecto con ip:200.115.214.237
29/12/2004 09:42:05 p.m. Se conecto con ip:200.115.214.237
29/12/2004 09:42:55 p.m. Se conecto con ip:200.115.214.237
29/12/2004 09:43:02 p.m. Transporto a A hacia Mapa48 X:50 Y:50
29/12/2004 09:43:03 p.m. Transporto a A hacia Mapa48 X:48 Y:54
29/12/2004 09:43:04 p.m. Transporto a A hacia Mapa48 X:45 Y:57
29/12/2004 09:43:11 p.m. Transporto a A hacia Mapa48 X:48 Y:64
29/12/2004 09:43:12 p.m. Transporto a A hacia Mapa48 X:51 Y:59
29/12/2004 09:43:16 p.m. Transporto a A hacia Mapa48 X:57 Y:62
01/01/2005 04:05:52 p.m. Se conecto con ip:127.0.0.1
01/01/2005 05:17:33 p.m. Se conecto con ip:24.232.189.167
01/01/2005 05:17:44 p.m. Transporto a a hacia Mapa143 X:27 Y:31
01/01/2005 05:17:45 p.m. Transporto a a hacia Mapa143 X:26 Y:36
01/01/2005 05:17:50 p.m. Mensaje a Gms:estoy paralizado
01/01/2005 05:17:52 p.m. /IRA C Mapa:37 X:53 Y:70
01/01/2005 05:18:24 p.m. Mensaje a Gms:jajajajaj no me deja pasar, perame que me hago un mod level
01/01/2005 05:18:28 p.m. /mod a level 1
01/01/2005 05:19:54 p.m. Transporto a a hacia Mapa167 X:48 Y:64
01/01/2005 05:19:54 p.m. Transporto a a hacia Mapa167 X:46 Y:65
01/01/2005 05:20:51 p.m. Transporto a a hacia Mapa167 X:49 Y:91
01/01/2005 05:20:53 p.m. Transporto a a hacia Mapa167 X:55 Y:92
01/01/2005 05:20:59 p.m. Transporto a a hacia Mapa167 X:60 Y:87
01/01/2005 05:21:00 p.m. Transporto a a hacia Mapa167 X:62 Y:82
01/01/2005 05:21:01 p.m. Transporto a a hacia Mapa167 X:64 Y:77
01/01/2005 05:21:02 p.m. Transporto a a hacia Mapa167 X:64 Y:74
01/01/2005 05:21:12 p.m. Mensaje a Gms:Y esto?!?!?
01/01/2005 05:21:23 p.m. Transporto a a hacia Mapa168 X:13 Y:7
01/01/2005 05:21:25 p.m. Transporto a a hacia Mapa168 X:16 Y:11
01/01/2005 05:23:15 p.m. Mensaje Broadcast:sos un genio
01/01/2005 05:24:09 p.m. Transporto a a hacia Mapa168 X:66 Y:61
01/01/2005 05:24:09 p.m. Transporto a a hacia Mapa168 X:60 Y:66
01/01/2005 05:24:11 p.m. Transporto a a hacia Mapa168 X:55 Y:69
01/01/2005 05:24:12 p.m. Transporto a a hacia Mapa168 X:53 Y:69
01/01/2005 05:24:13 p.m. Transporto a a hacia Mapa168 X:46 Y:71
01/01/2005 05:24:14 p.m. Transporto a a hacia Mapa168 X:39 Y:73
01/01/2005 05:24:14 p.m. Transporto a a hacia Mapa168 X:32 Y:72
01/01/2005 05:24:15 p.m. Transporto a a hacia Mapa168 X:25 Y:72
01/01/2005 05:24:16 p.m. Transporto a a hacia Mapa168 X:11 Y:76
01/01/2005 05:24:19 p.m. /IRA C Mapa:168 X:9 Y:69
01/01/2005 05:24:36 p.m. Transporto a a hacia Mapa1 X:50 Y:50
01/01/2005 05:24:40 p.m. Transporto a a hacia Mapa1 X:43 Y:53
01/01/2005 05:28:36 p.m. /IRA C Mapa:168 X:16 Y:9
01/01/2005 06:53:31 p.m. Se conecto con ip:200.115.214.237
07/02/2005 08:23:13 p.m. Se conecto con ip:127.0.0.1
07/02/2005 08:23:19 p.m. Transporto a A hacia Mapa2 X:50 Y:50
08/02/2005 08:20:24 p.m. Se conecto con ip:127.0.0.1
08/02/2005 08:20:44 p.m. Transporto a A hacia Mapa2 X:46 Y:22
08/02/2005 08:20:45 p.m. Transporto a A hacia Mapa2 X:48 Y:16
08/02/2005 08:20:45 p.m. Transporto a A hacia Mapa2 X:51 Y:10
08/02/2005 08:20:50 p.m. Transporto a A hacia Mapa1 X:52 Y:87
08/02/2005 08:20:51 p.m. Transporto a A hacia Mapa1 X:58 Y:82
08/02/2005 08:20:51 p.m. Transporto a A hacia Mapa1 X:65 Y:79
08/02/2005 08:20:53 p.m. Transporto a A hacia Mapa1 X:57 Y:75
08/02/2005 08:20:54 p.m. Transporto a A hacia Mapa1 X:50 Y:75
08/02/2005 08:20:55 p.m. Transporto a A hacia Mapa1 X:44 Y:79
08/02/2005 08:20:56 p.m. Transporto a A hacia Mapa1 X:46 Y:73
08/02/2005 08:20:57 p.m. Transporto a A hacia Mapa1 X:48 Y:68
08/02/2005 08:20:58 p.m. Transporto a A hacia Mapa1 X:55 Y:68
08/02/2005 08:20:59 p.m. Transporto a A hacia Mapa1 X:48 Y:64
08/02/2005 08:21:00 p.m. Transporto a A hacia Mapa1 X:43 Y:64
08/02/2005 08:21:00 p.m. Transporto a A hacia Mapa1 X:37 Y:64
08/02/2005 08:21:47 p.m. /CI: 389
08/02/2005 08:21:48 p.m. Agarro:100 Objeto:Martillo de Herrero
08/02/2005 08:24:37 p.m. Se conecto con ip:127.0.0.1
08/02/2005 08:29:05 p.m. Se conecto con ip:127.0.0.1
23/02/2005 07:34:15 p.m. Se conecto con ip:127.0.0.1
23/02/2005 07:34:24 p.m. Transporto a A hacia Mapa1 X:36 Y:63
23/02/2005 07:34:30 p.m. /mod a body 1
26/02/2005 05:24:49 p.m. Se conecto con ip:127.0.0.1
26/02/2005 05:32:44 p.m. Se conecto con ip:127.0.0.1
26/02/2005 05:42:32 p.m. Se conecto con ip:127.0.0.1
26/02/2005 05:42:54 p.m. Transporto a A hacia Mapa2 X:50 Y:50
26/02/2005 05:42:59 p.m. Transporto a A hacia Mapa3 X:50 Y:50
26/02/2005 07:00:31 p.m. Se conecto con ip:127.0.0.1
26/02/2005 07:04:34 p.m. Se conecto con ip:127.0.0.1
26/02/2005 07:04:38 p.m. Transporto a A hacia Mapa3 X:50 Y:36
26/02/2005 07:04:38 p.m. Transporto a A hacia Mapa3 X:48 Y:30
26/02/2005 07:04:39 p.m. Transporto a A hacia Mapa3 X:50 Y:26
26/02/2005 07:04:40 p.m. Transporto a A hacia Mapa3 X:51 Y:21
26/02/2005 07:04:41 p.m. Transporto a A hacia Mapa3 X:45 Y:16
26/02/2005 07:04:41 p.m. Transporto a A hacia Mapa3 X:40 Y:12
26/02/2005 07:04:41 p.m. Transporto a A hacia Mapa3 X:41 Y:7
26/02/2005 07:04:42 p.m. Transporto a A hacia Mapa2 X:47 Y:90
26/02/2005 07:04:43 p.m. Transporto a A hacia Mapa2 X:54 Y:92
26/02/2005 07:04:44 p.m. Transporto a A hacia Mapa2 X:60 Y:93
26/02/2005 07:04:44 p.m. Transporto a A hacia Mapa2 X:66 Y:94
26/02/2005 07:04:45 p.m. Transporto a A hacia Mapa3 X:71 Y:10
26/02/2005 07:04:56 p.m. Transporto a A hacia Mapa166 X:50 Y:50
26/02/2005 07:05:01 p.m. Transporto a A hacia Mapa167 X:50 Y:50
26/02/2005 07:05:07 p.m. Transporto a A hacia Mapa167 X:60 Y:49
26/02/2005 07:05:08 p.m. Transporto a A hacia Mapa167 X:64 Y:55
26/02/2005 07:05:08 p.m. Transporto a A hacia Mapa167 X:68 Y:61
26/02/2005 07:05:08 p.m. Transporto a A hacia Mapa167 X:71 Y:66
26/02/2005 07:05:09 p.m. Transporto a A hacia Mapa167 X:74 Y:71
26/02/2005 07:05:12 p.m. Transporto a A hacia Mapa167 X:79 Y:67
26/02/2005 07:05:12 p.m. Transporto a A hacia Mapa167 X:83 Y:63
26/02/2005 07:05:13 p.m. Transporto a A hacia Mapa167 X:86 Y:59
26/02/2005 07:05:17 p.m. Transporto a A hacia Mapa167 X:85 Y:54
26/02/2005 07:05:18 p.m. Transporto a A hacia Mapa167 X:86 Y:49
26/02/2005 07:05:18 p.m. Transporto a A hacia Mapa167 X:87 Y:44
26/02/2005 07:05:19 p.m. Transporto a A hacia Mapa167 X:83 Y:41
26/02/2005 07:05:19 p.m. Transporto a A hacia Mapa167 X:78 Y:38
26/02/2005 07:05:20 p.m. Transporto a A hacia Mapa167 X:73 Y:39
26/02/2005 07:05:21 p.m. Transporto a A hacia Mapa167 X:68 Y:37
26/02/2005 07:05:21 p.m. Transporto a A hacia Mapa167 X:63 Y:34
26/02/2005 07:05:22 p.m. Transporto a A hacia Mapa167 X:57 Y:36
26/02/2005 07:05:24 p.m. Transporto a A hacia Mapa167 X:51 Y:36
26/02/2005 07:05:25 p.m. Transporto a A hacia Mapa167 X:46 Y:38
26/02/2005 07:05:26 p.m. Transporto a A hacia Mapa167 X:38 Y:38
26/02/2005 07:05:27 p.m. Transporto a A hacia Mapa167 X:32 Y:38
26/02/2005 07:05:28 p.m. Transporto a A hacia Mapa167 X:27 Y:39
26/02/2005 07:05:28 p.m. Transporto a A hacia Mapa167 X:22 Y:40
26/02/2005 07:05:30 p.m. Transporto a A hacia Mapa167 X:27 Y:40
26/02/2005 07:05:32 p.m. Transporto a A hacia Mapa167 X:31 Y:43
26/02/2005 07:05:35 p.m. Transporto a A hacia Mapa167 X:36 Y:46
26/02/2005 07:05:36 p.m. Transporto a A hacia Mapa167 X:38 Y:50
26/02/2005 07:05:37 p.m. Transporto a A hacia Mapa167 X:37 Y:54
26/02/2005 07:05:42 p.m. Transporto a A hacia Mapa167 X:36 Y:48
26/02/2005 07:05:48 p.m. Transporto a A hacia Mapa1 X:50 Y:50
27/02/2005 03:12:03 p.m. Se conecto con ip:168.226.68.43
27/02/2005 03:12:13 p.m. Transporto a a hacia Mapa1 X:53 Y:59
27/02/2005 03:12:14 p.m. Transporto a a hacia Mapa1 X:57 Y:61
27/02/2005 03:12:15 p.m. Transporto a a hacia Mapa1 X:61 Y:62
27/02/2005 03:12:16 p.m. Transporto a a hacia Mapa1 X:65 Y:63
27/02/2005 03:12:16 p.m. Transporto a a hacia Mapa1 X:69 Y:64
27/02/2005 03:12:17 p.m. Transporto a a hacia Mapa1 X:75 Y:63
27/02/2005 03:12:34 p.m. Transporto a a hacia Mapa1 X:75 Y:63
27/02/2005 03:12:35 p.m. Transporto a a hacia Mapa1 X:77 Y:58
27/02/2005 03:12:35 p.m. Transporto a a hacia Mapa1 X:79 Y:53
27/02/2005 03:12:36 p.m. Transporto a a hacia Mapa1 X:79 Y:49
27/02/2005 03:12:38 p.m. Transporto a a hacia Mapa1 X:73 Y:48
27/02/2005 03:12:40 p.m. Transporto a a hacia Mapa1 X:75 Y:48
27/02/2005 03:12:40 p.m. Transporto a a hacia Mapa1 X:77 Y:43
27/02/2005 03:12:41 p.m. Transporto a a hacia Mapa1 X:79 Y:38
27/02/2005 03:12:42 p.m. Transporto a a hacia Mapa1 X:81 Y:33
27/02/2005 03:12:43 p.m. Transporto a a hacia Mapa1 X:83 Y:28
27/02/2005 03:12:45 p.m. Transporto a a hacia Mapa1 X:79 Y:28
27/02/2005 03:12:47 p.m. Transporto a a hacia Mapa1 X:69 Y:26
27/02/2005 03:12:48 p.m. Transporto a a hacia Mapa1 X:62 Y:24
27/02/2005 03:12:51 p.m. Transporto a a hacia Mapa1 X:57 Y:18
27/02/2005 03:12:57 p.m. /SUM C Map:1 X:57 Y:18
27/02/2005 03:15:02 p.m. /SUM C Map:1 X:54 Y:20
09/03/2005 08:20:24 p.m. Se conecto con ip:127.0.0.1
09/03/2005 08:21:11 p.m. Se conecto con ip:127.0.0.1
09/03/2005 08:25:20 p.m. Se conecto con ip:127.0.0.1
09/03/2005 08:35:02 p.m. Se conecto con ip:127.0.0.1
09/03/2005 08:35:30 p.m. Transporto a A hacia Mapa1 X:46 Y:24
09/03/2005 08:35:30 p.m. Transporto a A hacia Mapa1 X:49 Y:29
09/03/2005 08:35:31 p.m. Transporto a A hacia Mapa1 X:53 Y:34
09/03/2005 08:35:31 p.m. Transporto a A hacia Mapa1 X:53 Y:39
09/03/2005 08:35:32 p.m. Transporto a A hacia Mapa1 X:55 Y:44
09/03/2005 08:35:33 p.m. Transporto a A hacia Mapa1 X:56 Y:48
09/03/2005 08:35:34 p.m. Transporto a A hacia Mapa1 X:62 Y:51
09/03/2005 08:35:39 p.m. Transporto a A hacia Mapa1 X:70 Y:48
09/03/2005 08:35:40 p.m. Transporto a A hacia Mapa1 X:75 Y:50
