21/07/2004 03:57:24 a.m. Se conecto con ip:127.0.0.1
21/07/2004 03:57:28 a.m. /IRA A Mapa:49 X:51 Y:69
21/07/2004 03:57:55 a.m. Transporto a B hacia Mapa49 X:50 Y:70
21/07/2004 03:57:56 a.m. Transporto a B hacia Mapa49 X:54 Y:70
21/07/2004 03:57:57 a.m. Transporto a B hacia Mapa49 X:54 Y:73
21/07/2004 04:10:25 a.m. Se conecto con ip:127.0.0.1
21/07/2004 04:10:38 a.m. Transporto a B hacia Mapa49 X:58 Y:70
21/07/2004 04:11:20 a.m. Transporto a B hacia Mapa49 X:54 Y:73
21/07/2004 04:12:04 a.m. Se conecto con ip:127.0.0.1
21/07/2004 04:12:16 a.m. Transporto a b hacia Mapa49 X:57 Y:69
21/07/2004 04:12:17 a.m. Transporto a b hacia Mapa49 X:62 Y:65
21/07/2004 04:12:17 a.m. Transporto a b hacia Mapa49 X:66 Y:67
21/07/2004 04:12:18 a.m. Transporto a b hacia Mapa49 X:63 Y:71
21/07/2004 04:12:19 a.m. Transporto a b hacia Mapa49 X:58 Y:66
21/07/2004 04:12:20 a.m. Transporto a b hacia Mapa49 X:56 Y:70
21/07/2004 04:12:22 a.m. Transporto a b hacia Mapa49 X:62 Y:72
21/07/2004 01:30:04 p.m. Se conecto con ip:127.0.0.1
21/07/2004 01:30:08 p.m. Transporto a B hacia Mapa49 X:62 Y:67
21/07/2004 01:30:09 p.m. Transporto a B hacia Mapa49 X:62 Y:62
21/07/2004 01:30:10 p.m. Transporto a B hacia Mapa49 X:61 Y:58
23/07/2004 02:36:14 p.m. Se conecto con ip:127.0.0.1
23/07/2004 02:36:17 p.m. /IRA A Mapa:49 X:50 Y:55
23/07/2004 02:36:18 p.m. Transporto a B hacia Mapa49 X:56 Y:55
23/07/2004 02:36:19 p.m. Transporto a B hacia Mapa49 X:52 Y:53
23/07/2004 02:36:24 p.m. Transporto a B hacia Mapa49 X:55 Y:53
23/07/2004 02:38:08 p.m. Se conecto con ip:127.0.0.1
23/07/2004 02:38:10 p.m. Transporto a B hacia Mapa49 X:51 Y:51
23/07/2004 02:46:50 p.m. Se conecto con ip:127.0.0.1
23/07/2004 02:46:52 p.m. Transporto a B hacia Mapa49 X:52 Y:55
23/07/2004 02:46:52 p.m. Transporto a B hacia Mapa49 X:53 Y:59
23/07/2004 02:46:53 p.m. Transporto a B hacia Mapa49 X:49 Y:61
23/07/2004 02:46:53 p.m. Transporto a B hacia Mapa49 X:45 Y:61
23/07/2004 02:46:53 p.m. Transporto a B hacia Mapa49 X:41 Y:59
23/07/2004 02:46:54 p.m. Transporto a B hacia Mapa49 X:44 Y:57
23/07/2004 02:46:54 p.m. Transporto a B hacia Mapa49 X:47 Y:54
23/07/2004 02:46:55 p.m. Transporto a B hacia Mapa49 X:49 Y:53
23/07/2004 02:46:55 p.m. Transporto a B hacia Mapa49 X:49 Y:54
23/07/2004 02:46:55 p.m. Transporto a B hacia Mapa49 X:48 Y:56
23/07/2004 02:46:55 p.m. Transporto a B hacia Mapa49 X:47 Y:58
23/07/2004 02:46:56 p.m. Transporto a B hacia Mapa49 X:48 Y:60
23/07/2004 02:46:56 p.m. Transporto a B hacia Mapa49 X:49 Y:62
23/07/2004 02:46:56 p.m. Transporto a B hacia Mapa49 X:51 Y:62
23/07/2004 02:46:56 p.m. Transporto a B hacia Mapa49 X:50 Y:60
23/07/2004 02:46:56 p.m. Transporto a B hacia Mapa49 X:47 Y:58
23/07/2004 02:46:57 p.m. Transporto a B hacia Mapa49 X:43 Y:57
23/07/2004 02:46:57 p.m. Transporto a B hacia Mapa49 X:39 Y:56
23/07/2004 02:46:57 p.m. Transporto a B hacia Mapa49 X:36 Y:55
23/07/2004 02:47:02 p.m. Transporto a B hacia Mapa49 X:39 Y:57
23/07/2004 02:47:02 p.m. Transporto a B hacia Mapa49 X:44 Y:57
23/07/2004 02:47:55 p.m. Se conecto con ip:127.0.0.1
23/07/2004 02:47:57 p.m. Transporto a b hacia Mapa49 X:48 Y:53
23/07/2004 03:03:05 p.m. Se conecto con ip:127.0.0.1
26/07/2004 07:31:35 p.m. Se conecto con ip:127.0.0.1
26/07/2004 07:31:36 p.m. Transporto a b hacia Mapa49 X:50 Y:57
26/07/2004 07:31:37 p.m. Transporto a b hacia Mapa49 X:50 Y:62
26/07/2004 07:31:37 p.m. Transporto a b hacia Mapa49 X:48 Y:67
26/07/2004 07:31:37 p.m. Transporto a b hacia Mapa49 X:45 Y:70
26/07/2004 07:31:37 p.m. Transporto a b hacia Mapa49 X:44 Y:68
26/07/2004 07:31:38 p.m. Transporto a b hacia Mapa49 X:45 Y:65
26/07/2004 07:31:38 p.m. Transporto a b hacia Mapa49 X:47 Y:64
26/07/2004 07:31:38 p.m. Transporto a b hacia Mapa49 X:50 Y:65
26/07/2004 07:31:38 p.m. Transporto a b hacia Mapa49 X:53 Y:67
26/07/2004 07:31:39 p.m. Transporto a b hacia Mapa49 X:57 Y:69
26/07/2004 07:31:39 p.m. Transporto a b hacia Mapa49 X:61 Y:70
26/07/2004 07:31:39 p.m. Transporto a b hacia Mapa49 X:60 Y:69
26/07/2004 07:31:39 p.m. Transporto a b hacia Mapa49 X:58 Y:67
26/07/2004 07:31:39 p.m. Transporto a b hacia Mapa49 X:55 Y:64
26/07/2004 07:31:40 p.m. Transporto a b hacia Mapa49 X:52 Y:61
26/07/2004 07:31:41 p.m. Transporto a b hacia Mapa49 X:47 Y:58
26/07/2004 07:31:49 p.m. Se conecto con ip:127.0.0.1
26/07/2004 07:31:51 p.m. Transporto a b hacia Mapa49 X:49 Y:55
26/07/2004 08:27:35 p.m. Se conecto con ip:127.0.0.1
26/07/2004 08:27:36 p.m. Transporto a b hacia Mapa49 X:46 Y:52
27/07/2004 06:03:28 p.m. Se conecto con ip:127.0.0.1
27/07/2004 06:06:27 p.m. Se conecto con ip:127.0.0.1
27/07/2004 06:07:36 p.m. Transporto a B hacia Mapa49 X:54 Y:51
27/07/2004 06:17:09 p.m. Se conecto con ip:127.0.0.1
27/07/2004 06:17:13 p.m. Transporto a B hacia Mapa49 X:51 Y:46
27/07/2004 06:17:30 p.m. Se conecto con ip:127.0.0.1
27/07/2004 06:17:32 p.m. Transporto a B hacia Mapa49 X:54 Y:46
27/07/2004 06:17:37 p.m. Se conecto con ip:127.0.0.1
27/07/2004 06:17:44 p.m. Se conecto con ip:127.0.0.1
27/07/2004 06:17:54 p.m. Se conecto con ip:127.0.0.1
27/07/2004 06:18:18 p.m. Se conecto con ip:127.0.0.1
27/07/2004 06:18:33 p.m. Se conecto con ip:127.0.0.1
27/07/2004 06:18:43 p.m. Se conecto con ip:127.0.0.1
27/07/2004 06:18:55 p.m. Se conecto con ip:127.0.0.1
27/07/2004 06:19:14 p.m. Se conecto con ip:127.0.0.1
27/07/2004 06:19:20 p.m. Se conecto con ip:127.0.0.1
27/07/2004 06:24:58 p.m. Se conecto con ip:127.0.0.1
27/07/2004 06:25:51 p.m. Se conecto con ip:127.0.0.1
27/07/2004 06:26:05 p.m. Se conecto con ip:127.0.0.1
27/07/2004 06:26:16 p.m. Se conecto con ip:127.0.0.1
29/07/2004 05:22:52 p.m. Se conecto con ip:127.0.0.1
29/07/2004 05:23:16 p.m. Transporto a b hacia Mapa49 X:57 Y:49
29/07/2004 05:24:45 p.m. Se conecto con ip:127.0.0.1
01/08/2004 03:29:27 a.m. Se conecto con ip:127.0.0.1
01/08/2004 03:30:00 a.m. Sumoneo Araña gigante
01/08/2004 03:30:01 a.m. Transporto a B hacia Mapa49 X:36 Y:63
01/08/2004 03:30:31 a.m. Transporto a B hacia Mapa49 X:28 Y:63
01/08/2004 03:30:31 a.m. Transporto a B hacia Mapa49 X:23 Y:65
01/08/2004 03:30:32 a.m. Transporto a B hacia Mapa49 X:25 Y:69
01/08/2004 03:30:33 a.m. Transporto a B hacia Mapa49 X:29 Y:71
01/08/2004 03:30:33 a.m. Transporto a B hacia Mapa49 X:33 Y:73
01/08/2004 03:30:34 a.m. Transporto a B hacia Mapa49 X:37 Y:75
01/08/2004 03:30:34 a.m. Transporto a B hacia Mapa49 X:42 Y:76
01/08/2004 03:30:35 a.m. Transporto a B hacia Mapa49 X:46 Y:73
01/08/2004 03:30:35 a.m. Transporto a B hacia Mapa49 X:50 Y:70
01/08/2004 03:30:36 a.m. Transporto a B hacia Mapa49 X:52 Y:65
01/08/2004 03:30:37 a.m. Transporto a B hacia Mapa49 X:50 Y:61
01/08/2004 03:30:38 a.m. Transporto a B hacia Mapa49 X:47 Y:57
01/08/2004 03:30:43 a.m. Transporto a B hacia Mapa49 X:44 Y:53
01/08/2004 03:30:43 a.m. Transporto a B hacia Mapa49 X:42 Y:48
01/08/2004 03:30:44 a.m. Transporto a B hacia Mapa49 X:43 Y:44
01/08/2004 03:30:46 a.m. Transporto a B hacia Mapa49 X:39 Y:42
01/08/2004 03:30:51 a.m. Transporto a B hacia Mapa49 X:43 Y:36
01/08/2004 03:30:52 a.m. Transporto a B hacia Mapa49 X:50 Y:35
01/08/2004 03:30:52 a.m. Transporto a B hacia Mapa49 X:56 Y:35
01/08/2004 03:30:53 a.m. Transporto a B hacia Mapa49 X:60 Y:38
01/08/2004 03:30:54 a.m. Transporto a B hacia Mapa49 X:57 Y:41
04/08/2004 09:15:51 p.m. Se conecto con ip:127.0.0.1
04/08/2004 09:16:50 p.m. Se conecto con ip:127.0.0.1
04/08/2004 09:17:50 p.m. Se conecto con ip:127.0.0.1
04/08/2004 09:19:35 p.m. Se conecto con ip:127.0.0.1
04/08/2004 09:21:50 p.m. Se conecto con ip:127.0.0.1
04/08/2004 09:29:08 p.m. Se conecto con ip:127.0.0.1
04/08/2004 09:30:52 p.m. Se conecto con ip:127.0.0.1
17/08/2004 01:24:07 a.m. Se conecto con ip:127.0.0.1
17/08/2004 01:24:15 a.m. Transporto a B hacia Mapa163 X:50 Y:50
17/08/2004 01:24:17 a.m. /INVISIBLE
17/08/2004 01:24:18 a.m. Transporto a B hacia Mapa163 X:46 Y:45
17/08/2004 01:24:19 a.m. Transporto a B hacia Mapa163 X:40 Y:40
17/08/2004 01:24:19 a.m. Transporto a B hacia Mapa163 X:35 Y:36
17/08/2004 01:24:20 a.m. Transporto a B hacia Mapa163 X:34 Y:31
17/08/2004 01:24:20 a.m. Transporto a B hacia Mapa163 X:34 Y:26
17/08/2004 01:24:21 a.m. Transporto a B hacia Mapa163 X:40 Y:27
17/08/2004 01:24:21 a.m. Transporto a B hacia Mapa163 X:46 Y:28
17/08/2004 01:24:21 a.m. Transporto a B hacia Mapa163 X:52 Y:27
17/08/2004 01:24:22 a.m. Transporto a B hacia Mapa163 X:58 Y:25
17/08/2004 01:24:22 a.m. Transporto a B hacia Mapa163 X:64 Y:23
17/08/2004 01:24:23 a.m. Transporto a B hacia Mapa163 X:68 Y:27
17/08/2004 01:24:23 a.m. Transporto a B hacia Mapa163 X:64 Y:30
17/08/2004 01:24:23 a.m. Transporto a B hacia Mapa163 X:59 Y:31
17/08/2004 01:24:24 a.m. Transporto a B hacia Mapa163 X:54 Y:30
17/08/2004 01:24:24 a.m. Transporto a B hacia Mapa163 X:49 Y:29
17/08/2004 01:24:25 a.m. Transporto a B hacia Mapa163 X:44 Y:28
17/08/2004 01:24:25 a.m. Transporto a B hacia Mapa163 X:39 Y:27
17/08/2004 01:24:25 a.m. Transporto a B hacia Mapa163 X:34 Y:26
17/08/2004 01:24:28 a.m. Transporto a B hacia Mapa163 X:35 Y:28
17/08/2004 01:24:28 a.m. Transporto a B hacia Mapa163 X:36 Y:33
17/08/2004 01:24:29 a.m. Transporto a B hacia Mapa163 X:35 Y:38
17/08/2004 01:24:29 a.m. Transporto a B hacia Mapa163 X:34 Y:43
17/08/2004 01:24:29 a.m. Transporto a B hacia Mapa163 X:33 Y:48
17/08/2004 01:24:30 a.m. Transporto a B hacia Mapa163 X:32 Y:53
17/08/2004 01:24:30 a.m. Transporto a B hacia Mapa163 X:30 Y:57
17/08/2004 01:24:30 a.m. Transporto a B hacia Mapa163 X:27 Y:61
17/08/2004 01:24:31 a.m. Transporto a B hacia Mapa163 X:25 Y:65
17/08/2004 01:24:35 a.m. Transporto a B hacia Mapa163 X:31 Y:64
17/08/2004 01:24:35 a.m. Transporto a B hacia Mapa163 X:37 Y:60
17/08/2004 01:24:36 a.m. Transporto a B hacia Mapa163 X:43 Y:56
17/08/2004 01:24:37 a.m. Transporto a B hacia Mapa163 X:44 Y:51
17/08/2004 01:24:37 a.m. Transporto a B hacia Mapa163 X:45 Y:46
17/08/2004 01:24:38 a.m. Transporto a B hacia Mapa163 X:46 Y:41
17/08/2004 01:24:38 a.m. Transporto a B hacia Mapa163 X:47 Y:36
17/08/2004 01:24:38 a.m. Transporto a B hacia Mapa163 X:51 Y:32
17/08/2004 01:24:38 a.m. Transporto a B hacia Mapa163 X:58 Y:30
17/08/2004 01:24:39 a.m. Transporto a B hacia Mapa163 X:65 Y:28
17/08/2004 01:24:39 a.m. Transporto a B hacia Mapa163 X:66 Y:23
17/08/2004 01:24:40 a.m. Transporto a B hacia Mapa163 X:71 Y:26
17/08/2004 01:24:41 a.m. Transporto a B hacia Mapa163 X:68 Y:27
17/08/2004 01:24:42 a.m. Transporto a B hacia Mapa163 X:67 Y:25
17/08/2004 01:24:46 a.m. Sumoneo a Murcielago en mapa 163
17/08/2004 01:24:50 a.m. Sumoneo a Murcielago en mapa 163
17/08/2004 01:25:52 a.m. Se conecto con ip:127.0.0.1
17/08/2004 01:25:57 a.m. /INVISIBLE
17/08/2004 01:26:00 a.m. Transporto a b hacia Mapa163 X:70 Y:30
17/08/2004 01:26:03 a.m. /MATA NPC SIN INICIAR
17/08/2004 01:26:07 a.m. /INVISIBLE
17/08/2004 01:26:12 a.m. /INVISIBLE
17/08/2004 01:26:27 a.m. /mod b exp 1000000
17/08/2004 01:26:27 a.m. /mod b exp 1000000
17/08/2004 01:26:34 a.m. /mod b exp 10000000
17/08/2004 01:26:35 a.m. /mod b exp 10000000
17/08/2004 01:26:36 a.m. /mod b exp 10000000
17/08/2004 01:26:37 a.m. /mod b exp 10000000
17/08/2004 01:26:37 a.m. /mod b exp 10000000
17/08/2004 01:26:39 a.m. /mod b exp 10000000
17/08/2004 01:26:40 a.m. /mod b exp 10000000
17/08/2004 01:26:41 a.m. /mod b exp 10000000
17/08/2004 01:26:42 a.m. /mod b exp 10000000
17/08/2004 01:26:43 a.m. /mod b exp 10000000
17/08/2004 01:26:45 a.m. /mod b exp 100000000
17/08/2004 01:26:51 a.m. /mod b exp 99999999
17/08/2004 01:27:24 a.m. Se conecto con ip:127.0.0.1
17/08/2004 01:27:27 a.m. /INVISIBLE
17/08/2004 01:27:52 a.m. Sumoneo a Murcielago en mapa 163
17/08/2004 01:27:57 a.m. Sumoneo a Murcielago en mapa 163
17/08/2004 01:30:21 a.m. Se conecto con ip:127.0.0.1
17/08/2004 01:30:26 a.m. /INVISIBLE
17/08/2004 01:30:28 a.m. Transporto a B hacia Mapa163 X:69 Y:28
17/08/2004 01:30:29 a.m. Transporto a B hacia Mapa163 X:63 Y:28
17/08/2004 01:30:30 a.m. Transporto a B hacia Mapa163 X:59 Y:32
17/08/2004 01:30:31 a.m. Transporto a B hacia Mapa163 X:60 Y:29
17/08/2004 01:30:40 a.m. Transporto a B hacia Mapa163 X:61 Y:26
17/08/2004 01:32:46 a.m. Se conecto con ip:127.0.0.1
17/08/2004 01:32:50 a.m. /INVISIBLE
17/08/2004 01:32:55 a.m. Sumoneo a Murcielago en mapa 163
17/08/2004 01:33:17 a.m. Sumoneo a Murcielago en mapa 163
17/08/2004 01:33:20 a.m. Sumoneo a Lobo en mapa 163
17/08/2004 01:33:30 a.m. /MATA NPC SIN INICIAR
17/08/2004 01:33:32 a.m. Sumoneo a Murcielago en mapa 163
17/08/2004 01:33:36 a.m. /MATA NPC SIN INICIAR
17/08/2004 01:33:41 a.m. Sumoneo a Murcielago en mapa 163
17/08/2004 01:33:50 a.m. Transporto a B hacia Mapa163 X:63 Y:26
17/08/2004 01:46:47 a.m. Se conecto con ip:127.0.0.1
17/08/2004 01:46:51 a.m. /INVISIBLE
17/08/2004 01:46:55 a.m. Sumoneo a Murcielago en mapa 163
17/08/2004 01:46:59 a.m. Sumoneo a Murcielago en mapa 163
17/08/2004 01:47:03 a.m. Sumoneo a Murcielago en mapa 163
17/08/2004 01:47:08 a.m. /MATA NPC SIN INICIAR
17/08/2004 01:47:12 a.m. Sumoneo a Lobo en mapa 163
17/08/2004 01:47:16 a.m. Sumoneo a Murcielago en mapa 163
17/08/2004 01:52:51 a.m. Se conecto con ip:127.0.0.1
17/08/2004 01:52:57 a.m. Transporto a B hacia Mapa163 X:68 Y:25
17/08/2004 01:52:59 a.m. /INVISIBLE
17/08/2004 01:53:07 a.m. Sumoneo a Murcielago en mapa 163
17/08/2004 01:53:09 a.m. Sumoneo a Murcielago en mapa 163
17/08/2004 01:53:13 a.m. Sumoneo a Lobo en mapa 163
17/08/2004 01:53:14 a.m. Sumoneo a Murcielago en mapa 163
17/08/2004 01:53:17 a.m. Sumoneo a Lobo en mapa 163
17/08/2004 01:53:21 a.m. Sumoneo a Murcielago en mapa 163
17/08/2004 01:53:46 a.m. Transporto a B hacia Mapa163 X:67 Y:40
17/08/2004 01:53:47 a.m. Transporto a B hacia Mapa163 X:68 Y:44
17/08/2004 01:53:47 a.m. Transporto a B hacia Mapa163 X:69 Y:48
17/08/2004 01:53:50 a.m. /INVISIBLE
17/08/2004 01:53:51 a.m. /INVISIBLE
17/08/2004 01:53:52 a.m. Transporto a B hacia Mapa163 X:67 Y:52
17/08/2004 01:53:53 a.m. Transporto a B hacia Mapa163 X:62 Y:53
17/08/2004 01:53:54 a.m. Transporto a B hacia Mapa163 X:57 Y:54
17/08/2004 01:53:55 a.m. Transporto a B hacia Mapa163 X:54 Y:57
17/08/2004 01:53:55 a.m. Transporto a B hacia Mapa163 X:52 Y:62
17/08/2004 01:53:56 a.m. Transporto a B hacia Mapa163 X:50 Y:67
17/08/2004 01:54:02 a.m. Transporto a B hacia Mapa163 X:47 Y:65
17/08/2004 01:54:04 a.m. Transporto a B hacia Mapa163 X:44 Y:63
17/08/2004 01:54:05 a.m. Transporto a B hacia Mapa163 X:42 Y:65
17/08/2004 01:54:13 a.m. Transporto a B hacia Mapa163 X:49 Y:63
17/08/2004 01:54:14 a.m. Transporto a B hacia Mapa163 X:48 Y:60
17/08/2004 01:54:15 a.m. Transporto a B hacia Mapa163 X:46 Y:56
17/08/2004 01:54:18 a.m. Transporto a B hacia Mapa163 X:45 Y:58
17/08/2004 01:54:19 a.m. Transporto a B hacia Mapa163 X:45 Y:61
17/08/2004 01:54:20 a.m. Transporto a B hacia Mapa163 X:45 Y:64
17/08/2004 01:54:21 a.m. Transporto a B hacia Mapa163 X:44 Y:66
17/08/2004 01:54:34 a.m. Transporto a B hacia Mapa163 X:42 Y:71
17/08/2004 01:54:36 a.m. Transporto a B hacia Mapa163 X:38 Y:66
17/08/2004 01:54:38 a.m. Transporto a B hacia Mapa163 X:31 Y:63
17/08/2004 01:54:39 a.m. Transporto a B hacia Mapa163 X:28 Y:66
17/08/2004 01:54:44 a.m. Transporto a B hacia Mapa163 X:29 Y:60
17/08/2004 01:54:46 a.m. Transporto a B hacia Mapa163 X:33 Y:54
17/08/2004 01:54:49 a.m. Transporto a B hacia Mapa163 X:36 Y:50
17/08/2004 01:54:54 a.m. Transporto a B hacia Mapa163 X:38 Y:48
17/08/2004 01:54:55 a.m. Transporto a B hacia Mapa163 X:38 Y:45
17/08/2004 01:54:55 a.m. Transporto a B hacia Mapa163 X:38 Y:41
17/08/2004 01:54:56 a.m. Transporto a B hacia Mapa163 X:38 Y:37
17/08/2004 01:54:56 a.m. Transporto a B hacia Mapa163 X:38 Y:33
17/08/2004 01:54:57 a.m. Transporto a B hacia Mapa163 X:37 Y:30
17/08/2004 01:54:59 a.m. Transporto a B hacia Mapa163 X:37 Y:35
17/08/2004 01:55:00 a.m. Transporto a B hacia Mapa163 X:38 Y:40
17/08/2004 01:55:00 a.m. Transporto a B hacia Mapa163 X:39 Y:45
17/08/2004 01:55:01 a.m. Transporto a B hacia Mapa163 X:40 Y:49
17/08/2004 01:55:01 a.m. Transporto a B hacia Mapa163 X:39 Y:53
17/08/2004 01:55:02 a.m. Transporto a B hacia Mapa163 X:42 Y:57
17/08/2004 01:55:03 a.m. Transporto a B hacia Mapa163 X:48 Y:60
17/08/2004 01:55:04 a.m. Transporto a B hacia Mapa163 X:47 Y:65
17/08/2004 01:55:06 a.m. Transporto a B hacia Mapa163 X:44 Y:66
17/08/2004 01:55:19 a.m. Transporto a B hacia Mapa163 X:40 Y:67
17/08/2004 01:55:22 a.m. Transporto a B hacia Mapa163 X:34 Y:65
17/08/2004 01:55:22 a.m. Transporto a B hacia Mapa163 X:31 Y:61
17/08/2004 01:55:24 a.m. Transporto a B hacia Mapa163 X:30 Y:56
17/08/2004 01:55:24 a.m. Transporto a B hacia Mapa163 X:35 Y:53
17/08/2004 01:55:28 a.m. Transporto a B hacia Mapa163 X:36 Y:50
17/08/2004 01:55:29 a.m. Transporto a B hacia Mapa163 X:37 Y:51
17/08/2004 01:55:34 a.m. Transporto a B hacia Mapa163 X:30 Y:49
17/08/2004 01:55:45 a.m. Transporto a B hacia Mapa163 X:37 Y:52
17/08/2004 01:55:46 a.m. Transporto a B hacia Mapa163 X:43 Y:56
17/08/2004 01:55:47 a.m. Transporto a B hacia Mapa163 X:49 Y:60
17/08/2004 01:55:48 a.m. Transporto a B hacia Mapa163 X:51 Y:65
17/08/2004 01:55:49 a.m. Transporto a B hacia Mapa163 X:49 Y:70
17/08/2004 01:56:14 a.m. Transporto a B hacia Mapa163 X:60 Y:65
17/08/2004 01:56:15 a.m. Transporto a B hacia Mapa163 X:62 Y:61
17/08/2004 01:56:34 a.m. Transporto a B hacia Mapa163 X:63 Y:60
17/08/2004 01:56:42 a.m. /BLOQ
17/08/2004 01:56:44 a.m. Transporto a B hacia Mapa163 X:60 Y:62
17/08/2004 01:56:45 a.m. Transporto a B hacia Mapa163 X:53 Y:64
17/08/2004 01:56:45 a.m. Transporto a B hacia Mapa163 X:46 Y:65
17/08/2004 01:56:46 a.m. Transporto a B hacia Mapa163 X:39 Y:62
17/08/2004 01:56:47 a.m. Transporto a B hacia Mapa163 X:41 Y:57
17/08/2004 01:56:47 a.m. Transporto a B hacia Mapa163 X:36 Y:53
17/08/2004 01:56:53 a.m. Transporto a B hacia Mapa163 X:36 Y:50
17/08/2004 01:56:55 a.m. Transporto a B hacia Mapa163 X:42 Y:46
17/08/2004 01:56:56 a.m. Transporto a B hacia Mapa163 X:42 Y:41
17/08/2004 01:56:56 a.m. Transporto a B hacia Mapa163 X:39 Y:37
17/08/2004 01:56:57 a.m. Transporto a B hacia Mapa163 X:39 Y:33
17/08/2004 01:56:58 a.m. Transporto a B hacia Mapa163 X:40 Y:30
17/08/2004 01:57:01 a.m. Transporto a B hacia Mapa163 X:40 Y:34
17/08/2004 01:57:02 a.m. Transporto a B hacia Mapa163 X:37 Y:38
17/08/2004 01:57:02 a.m. Transporto a B hacia Mapa163 X:37 Y:42
17/08/2004 01:57:02 a.m. Transporto a B hacia Mapa163 X:39 Y:46
17/08/2004 01:57:03 a.m. Transporto a B hacia Mapa163 X:42 Y:50
17/08/2004 01:57:04 a.m. Transporto a B hacia Mapa163 X:46 Y:53
17/08/2004 01:57:04 a.m. Transporto a B hacia Mapa163 X:51 Y:56
17/08/2004 01:57:05 a.m. Transporto a B hacia Mapa163 X:57 Y:58
17/08/2004 01:57:05 a.m. Transporto a B hacia Mapa163 X:63 Y:61
17/08/2004 01:57:06 a.m. Transporto a B hacia Mapa163 X:63 Y:66
17/08/2004 02:04:02 a.m. Se conecto con ip:127.0.0.1
17/08/2004 02:04:04 a.m. Transporto a B hacia Mapa163 X:67 Y:61
17/08/2004 02:04:05 a.m. Transporto a B hacia Mapa163 X:71 Y:56
17/08/2004 02:04:05 a.m. Transporto a B hacia Mapa163 X:75 Y:51
17/08/2004 02:04:05 a.m. Transporto a B hacia Mapa163 X:77 Y:47
17/08/2004 02:04:06 a.m. Transporto a B hacia Mapa163 X:76 Y:42
17/08/2004 02:04:06 a.m. Transporto a B hacia Mapa163 X:74 Y:38
17/08/2004 02:04:07 a.m. Transporto a B hacia Mapa163 X:71 Y:34
17/08/2004 02:04:08 a.m. Transporto a B hacia Mapa163 X:69 Y:29
17/08/2004 02:04:18 a.m. /INVISIBLE
17/08/2004 02:04:23 a.m. Sumoneo a Murcielago en mapa 163
17/08/2004 02:04:25 a.m. Sumoneo a Murcielago en mapa 163
17/08/2004 02:04:28 a.m. Sumoneo a Murcielago en mapa 163
17/08/2004 02:04:30 a.m. Sumoneo a Lobo en mapa 163
17/08/2004 02:04:32 a.m. Sumoneo a Lobo en mapa 163
17/08/2004 02:04:34 a.m. Sumoneo a Lobo en mapa 163
17/08/2004 02:04:37 a.m. Sumoneo a Murcielago en mapa 163
17/08/2004 02:04:40 a.m. Transporto a B hacia Mapa163 X:65 Y:35
17/08/2004 02:04:40 a.m. Transporto a B hacia Mapa163 X:63 Y:40
17/08/2004 02:04:40 a.m. Transporto a B hacia Mapa163 X:61 Y:45
17/08/2004 02:04:40 a.m. Transporto a B hacia Mapa163 X:60 Y:50
17/08/2004 02:04:41 a.m. Transporto a B hacia Mapa163 X:62 Y:54
17/08/2004 02:04:42 a.m. Transporto a B hacia Mapa163 X:64 Y:59
17/08/2004 02:04:46 a.m. /BLOQ
17/08/2004 02:04:55 a.m. /BLOQ
17/08/2004 02:04:59 a.m. Transporto a B hacia Mapa163 X:66 Y:53
17/08/2004 02:04:59 a.m. Transporto a B hacia Mapa163 X:69 Y:47
17/08/2004 02:05:00 a.m. Transporto a B hacia Mapa163 X:70 Y:42
17/08/2004 02:05:00 a.m. Transporto a B hacia Mapa163 X:71 Y:38
17/08/2004 02:05:01 a.m. Transporto a B hacia Mapa163 X:74 Y:35
17/08/2004 02:05:02 a.m. Transporto a B hacia Mapa163 X:72 Y:31
17/08/2004 02:05:03 a.m. Transporto a B hacia Mapa163 X:71 Y:28
17/08/2004 02:05:23 a.m. Transporto a B hacia Mapa163 X:68 Y:32
17/08/2004 02:05:23 a.m. Transporto a B hacia Mapa163 X:65 Y:36
17/08/2004 02:05:24 a.m. Transporto a B hacia Mapa163 X:64 Y:40
17/08/2004 02:05:25 a.m. Transporto a B hacia Mapa163 X:64 Y:44
17/08/2004 02:05:25 a.m. Transporto a B hacia Mapa163 X:68 Y:50
17/08/2004 02:05:26 a.m. Transporto a B hacia Mapa163 X:70 Y:53
17/08/2004 02:05:30 a.m. Transporto a B hacia Mapa163 X:66 Y:53
17/08/2004 02:05:33 a.m. Transporto a B hacia Mapa163 X:62 Y:54
17/08/2004 02:05:34 a.m. Transporto a B hacia Mapa163 X:57 Y:57
17/08/2004 02:05:34 a.m. Transporto a B hacia Mapa163 X:52 Y:61
17/08/2004 02:05:35 a.m. Transporto a B hacia Mapa163 X:55 Y:66
17/08/2004 02:05:37 a.m. Transporto a B hacia Mapa163 X:50 Y:68
17/08/2004 02:05:38 a.m. Transporto a B hacia Mapa163 X:44 Y:68
17/08/2004 02:05:44 a.m. Transporto a B hacia Mapa163 X:49 Y:63
17/08/2004 02:05:44 a.m. Transporto a B hacia Mapa163 X:49 Y:58
17/08/2004 02:05:45 a.m. Transporto a B hacia Mapa163 X:43 Y:53
17/08/2004 02:05:46 a.m. Transporto a B hacia Mapa163 X:36 Y:51
17/08/2004 02:05:53 a.m. Transporto a B hacia Mapa163 X:39 Y:46
17/08/2004 02:05:55 a.m. Transporto a B hacia Mapa163 X:36 Y:50
17/08/2004 02:05:57 a.m. Transporto a B hacia Mapa163 X:37 Y:46
17/08/2004 02:05:58 a.m. Transporto a B hacia Mapa163 X:38 Y:41
17/08/2004 02:05:59 a.m. Transporto a B hacia Mapa163 X:40 Y:37
17/08/2004 02:06:00 a.m. Transporto a B hacia Mapa163 X:40 Y:33
17/08/2004 02:06:01 a.m. Transporto a B hacia Mapa163 X:40 Y:28
17/08/2004 02:06:04 a.m. Transporto a B hacia Mapa163 X:45 Y:32
17/08/2004 02:06:04 a.m. Transporto a B hacia Mapa163 X:50 Y:36
17/08/2004 02:06:04 a.m. Transporto a B hacia Mapa163 X:55 Y:40
17/08/2004 02:06:05 a.m. Transporto a B hacia Mapa163 X:60 Y:44
17/08/2004 02:06:05 a.m. Transporto a B hacia Mapa163 X:65 Y:48
17/08/2004 02:06:06 a.m. Transporto a B hacia Mapa163 X:69 Y:52
17/08/2004 02:06:06 a.m. Transporto a B hacia Mapa163 X:73 Y:56
17/08/2004 02:06:07 a.m. Transporto a B hacia Mapa163 X:77 Y:60
17/08/2004 02:06:07 a.m. Transporto a B hacia Mapa163 X:73 Y:65
17/08/2004 02:06:08 a.m. Transporto a B hacia Mapa163 X:68 Y:65
17/08/2004 02:06:08 a.m. Transporto a B hacia Mapa163 X:63 Y:62
17/08/2004 02:06:09 a.m. Transporto a B hacia Mapa163 X:57 Y:59
17/08/2004 02:06:09 a.m. Transporto a B hacia Mapa163 X:51 Y:58
17/08/2004 02:06:09 a.m. Transporto a B hacia Mapa163 X:46 Y:57
17/08/2004 02:06:10 a.m. Transporto a B hacia Mapa163 X:42 Y:51
17/08/2004 02:06:10 a.m. Transporto a B hacia Mapa163 X:39 Y:47
17/08/2004 02:06:15 a.m. Mensaje Broadcast:jeje
17/08/2004 02:06:24 a.m. Transporto a B hacia Mapa163 X:38 Y:43
17/08/2004 02:06:24 a.m. Transporto a B hacia Mapa163 X:37 Y:39
17/08/2004 02:06:26 a.m. Transporto a B hacia Mapa163 X:34 Y:36
17/08/2004 02:06:27 a.m. Transporto a B hacia Mapa163 X:38 Y:33
17/08/2004 02:06:28 a.m. Transporto a B hacia Mapa163 X:39 Y:30
17/08/2004 02:06:48 a.m. Transporto a B hacia Mapa163 X:43 Y:33
17/08/2004 02:06:49 a.m. Transporto a B hacia Mapa163 X:40 Y:37
17/08/2004 02:06:50 a.m. Transporto a B hacia Mapa163 X:36 Y:40
17/08/2004 02:06:51 a.m. Transporto a B hacia Mapa163 X:31 Y:43
17/08/2004 02:06:56 a.m. Transporto a B hacia Mapa163 X:35 Y:51
17/08/2004 02:06:57 a.m. Transporto a B hacia Mapa163 X:39 Y:53
17/08/2004 02:06:59 a.m. Transporto a B hacia Mapa163 X:44 Y:57
17/08/2004 02:07:00 a.m. Transporto a B hacia Mapa163 X:47 Y:62
17/08/2004 02:07:01 a.m. Transporto a B hacia Mapa163 X:49 Y:67
17/08/2004 02:07:02 a.m. Transporto a B hacia Mapa163 X:51 Y:65
17/08/2004 02:07:09 a.m. Transporto a B hacia Mapa163 X:59 Y:62
17/08/2004 02:07:10 a.m. Transporto a B hacia Mapa163 X:62 Y:62
17/08/2004 02:07:12 a.m. Transporto a B hacia Mapa163 X:70 Y:59
17/08/2004 02:07:13 a.m. Transporto a B hacia Mapa163 X:70 Y:54
17/08/2004 02:07:18 a.m. Transporto a B hacia Mapa163 X:70 Y:58
17/08/2004 02:07:21 a.m. Transporto a B hacia Mapa163 X:72 Y:60
17/08/2004 02:07:35 a.m. /INVISIBLE
17/08/2004 02:07:40 a.m. /INVISIBLE
17/08/2004 02:07:42 a.m. Transporto a B hacia Mapa163 X:65 Y:62
17/08/2004 02:07:44 a.m. Transporto a B hacia Mapa163 X:70 Y:58
17/08/2004 02:07:50 a.m. Transporto a B hacia Mapa163 X:67 Y:53
17/08/2004 02:07:53 a.m. Transporto a B hacia Mapa163 X:61 Y:53
17/08/2004 02:07:53 a.m. Transporto a B hacia Mapa163 X:55 Y:54
17/08/2004 02:07:53 a.m. Transporto a B hacia Mapa163 X:49 Y:57
17/08/2004 02:07:54 a.m. Transporto a B hacia Mapa163 X:51 Y:61
17/08/2004 02:07:54 a.m. Transporto a B hacia Mapa163 X:52 Y:66
17/08/2004 02:07:55 a.m. Transporto a B hacia Mapa163 X:51 Y:71
17/08/2004 02:07:55 a.m. Transporto a B hacia Mapa163 X:47 Y:71
17/08/2004 02:07:55 a.m. Transporto a B hacia Mapa163 X:42 Y:69
17/08/2004 02:07:56 a.m. Transporto a B hacia Mapa163 X:38 Y:65
17/08/2004 02:07:57 a.m. Transporto a B hacia Mapa163 X:37 Y:69
17/08/2004 02:08:06 a.m. Transporto a B hacia Mapa163 X:42 Y:67
17/08/2004 02:08:07 a.m. Transporto a B hacia Mapa163 X:35 Y:65
17/08/2004 02:08:10 a.m. /INVISIBLE
17/08/2004 02:08:33 a.m. Transporto a B hacia Mapa163 X:29 Y:71
19/08/2004 05:31:51 p.m. Se conecto con ip:127.0.0.1
19/08/2004 05:32:15 p.m. Transporto a B hacia Mapa1 X:50 Y:50
19/08/2004 05:32:27 p.m. Transporto a B hacia Mapa49 X:50 Y:50
19/08/2004 05:41:37 p.m. Se conecto con ip:127.0.0.1
19/08/2004 05:44:40 p.m. Se conecto con ip:127.0.0.1
19/08/2004 05:47:19 p.m. Se conecto con ip:127.0.0.1
19/08/2004 05:47:56 p.m. Se conecto con ip:127.0.0.1
19/08/2004 05:48:11 p.m. Transporto a B hacia Mapa49 X:53 Y:43
19/08/2004 05:48:14 p.m. Transporto a B hacia Mapa49 X:58 Y:43
19/08/2004 05:51:04 p.m. Se conecto con ip:127.0.0.1
19/08/2004 06:00:48 p.m. Se conecto con ip:127.0.0.1
19/08/2004 06:01:11 p.m. Transporto a B hacia Mapa49 X:52 Y:50
19/08/2004 06:01:42 p.m. Se conecto con ip:127.0.0.1
19/08/2004 06:01:46 p.m. Transporto a B hacia Mapa49 X:55 Y:50
19/08/2004 06:02:27 p.m. Transporto a B hacia Mapa49 X:57 Y:49
19/08/2004 06:13:02 p.m. Se conecto con ip:127.0.0.1
19/08/2004 06:13:05 p.m. Transporto a B hacia Mapa49 X:54 Y:49
19/08/2004 06:13:58 p.m. Transporto a B hacia Mapa49 X:55 Y:49
19/08/2004 06:28:16 p.m. Se conecto con ip:127.0.0.1
19/08/2004 06:37:12 p.m. Se conecto con ip:127.0.0.1
19/08/2004 06:37:22 p.m. Transporto a B hacia Mapa2 X:50 Y:50
19/08/2004 06:37:23 p.m. Transporto a B hacia Mapa2 X:49 Y:54
19/08/2004 06:37:24 p.m. Transporto a B hacia Mapa2 X:48 Y:58
19/08/2004 06:37:25 p.m. Transporto a B hacia Mapa2 X:50 Y:62
19/08/2004 06:39:07 p.m. Transporto a B hacia Mapa2 X:49 Y:59
19/08/2004 06:39:19 p.m. Transporto a B hacia Mapa139 X:50 Y:50
19/08/2004 06:46:01 p.m. Se conecto con ip:127.0.0.1
19/08/2004 06:46:51 p.m. Se conecto con ip:127.0.0.1
19/08/2004 06:48:37 p.m. Se conecto con ip:127.0.0.1
19/08/2004 06:48:40 p.m. /lluvia
19/08/2004 06:51:31 p.m. Se conecto con ip:127.0.0.1
19/08/2004 06:57:34 p.m. Se conecto con ip:127.0.0.1
19/08/2004 07:09:30 p.m. Se conecto con ip:127.0.0.1
19/08/2004 07:11:15 p.m. Se conecto con ip:127.0.0.1
19/08/2004 07:11:18 p.m. Transporto a B hacia Mapa140 X:57 Y:81
19/08/2004 07:11:19 p.m. Transporto a B hacia Mapa140 X:59 Y:79
19/08/2004 07:26:25 p.m. Se conecto con ip:127.0.0.1
19/08/2004 07:26:28 p.m. Transporto a B hacia Mapa140 X:58 Y:82
19/08/2004 07:28:47 p.m. Se conecto con ip:127.0.0.1
19/08/2004 07:28:49 p.m. Transporto a B hacia Mapa140 X:56 Y:84
19/08/2004 07:28:49 p.m. Transporto a B hacia Mapa140 X:61 Y:84
19/08/2004 07:30:24 p.m. Se conecto con ip:127.0.0.1
19/08/2004 07:30:27 p.m. Transporto a B hacia Mapa140 X:57 Y:84
19/08/2004 07:31:38 p.m. Se conecto con ip:127.0.0.1
19/08/2004 07:31:41 p.m. Transporto a B hacia Mapa140 X:52 Y:83
19/08/2004 07:31:59 p.m. Transporto a B hacia Mapa140 X:53 Y:88
19/08/2004 09:26:54 p.m. Se conecto con ip:127.0.0.1
19/08/2004 09:27:08 p.m. Transporto a B hacia Mapa49 X:50 Y:50
19/08/2004 09:28:22 p.m. Se conecto con ip:127.0.0.1
19/08/2004 09:35:46 p.m. Se conecto con ip:127.0.0.1
19/08/2004 10:39:18 p.m. Se conecto con ip:127.0.0.1
19/08/2004 10:39:22 p.m. Transporto a B hacia Mapa49 X:53 Y:51
19/08/2004 10:39:22 p.m. Transporto a B hacia Mapa49 X:56 Y:52
20/08/2004 01:51:19 a.m. Se conecto con ip:127.0.0.1
20/08/2004 01:51:22 a.m. Transporto a B hacia Mapa49 X:53 Y:52
20/08/2004 01:51:30 a.m. Transporto a B hacia Mapa49 X:54 Y:50
20/08/2004 01:54:56 a.m. Se conecto con ip:127.0.0.1
20/08/2004 01:59:36 a.m. Se conecto con ip:127.0.0.1
20/08/2004 02:00:47 a.m. Se conecto con ip:127.0.0.1
20/08/2004 02:10:20 a.m. Se conecto con ip:127.0.0.1
20/08/2004 02:13:35 a.m. Se conecto con ip:127.0.0.1
20/08/2004 02:13:55 a.m. Se conecto con ip:127.0.0.1
20/08/2004 02:19:28 a.m. Se conecto con ip:127.0.0.1
20/08/2004 02:20:42 a.m. Se conecto con ip:127.0.0.1
20/08/2004 02:26:26 a.m. Se conecto con ip:127.0.0.1
20/08/2004 02:27:10 a.m. Se conecto con ip:127.0.0.1
20/08/2004 02:29:36 a.m. Se conecto con ip:127.0.0.1
20/08/2004 02:30:06 a.m. Se conecto con ip:127.0.0.1
20/08/2004 02:34:42 a.m. Se conecto con ip:127.0.0.1
20/08/2004 02:39:43 a.m. Se conecto con ip:127.0.0.1
20/08/2004 02:55:03 a.m. Se conecto con ip:127.0.0.1
20/08/2004 02:55:07 a.m. Transporto a B hacia Mapa49 X:52 Y:50
20/08/2004 02:55:07 a.m. Transporto a B hacia Mapa49 X:47 Y:48
20/08/2004 02:55:08 a.m. Transporto a B hacia Mapa49 X:45 Y:46
20/08/2004 02:55:12 a.m. Transporto a B hacia Mapa49 X:54 Y:50
20/08/2004 02:55:14 a.m. Transporto a B hacia Mapa49 X:51 Y:48
20/08/2004 02:55:15 a.m. Transporto a B hacia Mapa49 X:48 Y:46
20/08/2004 02:55:21 a.m. Transporto a B hacia Mapa49 X:43 Y:46
20/08/2004 02:55:21 a.m. Transporto a B hacia Mapa49 X:47 Y:46
20/08/2004 02:55:23 a.m. Transporto a B hacia Mapa49 X:51 Y:49
20/08/2004 02:57:43 a.m. Se conecto con ip:127.0.0.1
20/08/2004 02:57:56 a.m. /SUM C Map:49 X:52 Y:49
20/08/2004 02:58:14 a.m. /SUM C Map:49 X:55 Y:48
20/08/2004 02:58:18 a.m. Transporto a B hacia Mapa49 X:53 Y:43
20/08/2004 02:58:25 a.m. Transporto a B hacia Mapa49 X:54 Y:43
20/08/2004 02:58:31 a.m. Transporto a B hacia Mapa49 X:48 Y:41
20/08/2004 02:58:32 a.m. /SUM C Map:49 X:48 Y:41
20/08/2004 02:58:45 a.m. Transporto a B hacia Mapa49 X:51 Y:41
20/08/2004 02:59:01 a.m. Transporto a B hacia Mapa49 X:51 Y:42
20/08/2004 02:59:20 a.m. Se conecto con ip:127.0.0.1
20/08/2004 03:14:14 a.m. Se conecto con ip:127.0.0.1
20/08/2004 03:15:57 a.m. Se conecto con ip:127.0.0.1
20/08/2004 03:19:53 a.m. Se conecto con ip:127.0.0.1
20/08/2004 03:24:31 a.m. Se conecto con ip:127.0.0.1
22/08/2004 12:31:31 a.m. Se conecto con ip:127.0.0.1
22/08/2004 12:33:46 a.m. Se conecto con ip:127.0.0.1
22/08/2004 12:39:12 a.m. Se conecto con ip:127.0.0.1
22/08/2004 01:15:41 a.m. Se conecto con ip:127.0.0.1
22/08/2004 01:16:03 a.m. Transporto a B hacia Mapa49 X:48 Y:42
22/08/2004 01:16:48 a.m. Sumoneo Goblin
22/08/2004 01:16:54 a.m. Agarro:11 Objeto:Monedas de oro
22/08/2004 01:16:55 a.m. Transporto a B hacia Mapa49 X:54 Y:40
22/08/2004 01:18:46 a.m. Se conecto con ip:127.0.0.1
22/08/2004 01:18:50 a.m. Transporto a B hacia Mapa49 X:51 Y:40
22/08/2004 01:18:50 a.m. Transporto a B hacia Mapa49 X:48 Y:42
22/08/2004 01:18:56 a.m. Transporto a B hacia Mapa49 X:48 Y:45
22/08/2004 01:19:39 a.m. /SUM C Map:49 X:46 Y:45
22/08/2004 01:19:41 a.m. Transporto a B hacia Mapa49 X:50 Y:43
22/08/2004 01:19:52 a.m. Transporto a C hacia Mapa1 X:50 Y:50
22/08/2004 01:20:31 a.m. Transporto a C hacia Mapa49 X:45 Y:45
22/08/2004 01:29:40 a.m. Se conecto con ip:127.0.0.1
22/08/2004 01:29:48 a.m. Transporto a B hacia Mapa49 X:49 Y:44
22/08/2004 01:29:49 a.m. Transporto a B hacia Mapa49 X:43 Y:43
22/08/2004 01:30:25 a.m. Transporto a c hacia Mapa1 X:50 Y:50
22/08/2004 01:30:39 a.m. Transporto a c hacia Mapa49 X:43 Y:46
22/08/2004 01:30:48 a.m. Transporto a B hacia Mapa49 X:48 Y:48
22/08/2004 01:31:02 a.m. Transporto a B hacia Mapa49 X:48 Y:48
22/08/2004 01:31:10 a.m. Transporto a B hacia Mapa49 X:48 Y:52
22/08/2004 01:31:12 a.m. Transporto a B hacia Mapa49 X:52 Y:56
22/08/2004 01:31:13 a.m. Transporto a B hacia Mapa49 X:56 Y:60
22/08/2004 01:31:14 a.m. Transporto a B hacia Mapa49 X:60 Y:64
22/08/2004 01:31:26 a.m. Transporto a B hacia Mapa49 X:52 Y:56
22/08/2004 01:33:03 a.m. Se conecto con ip:127.0.0.1
22/08/2004 01:33:05 a.m. Transporto a B hacia Mapa49 X:64 Y:69
22/08/2004 01:33:05 a.m. Transporto a B hacia Mapa49 X:68 Y:74
22/08/2004 01:33:06 a.m. Transporto a B hacia Mapa49 X:64 Y:73
22/08/2004 01:33:06 a.m. Transporto a B hacia Mapa49 X:66 Y:70
22/08/2004 01:33:07 a.m. Transporto a B hacia Mapa49 X:69 Y:66
22/08/2004 01:33:07 a.m. Transporto a B hacia Mapa49 X:65 Y:62
22/08/2004 01:33:07 a.m. Transporto a B hacia Mapa49 X:60 Y:58
22/08/2004 01:33:07 a.m. Transporto a B hacia Mapa49 X:55 Y:55
22/08/2004 01:33:08 a.m. Transporto a B hacia Mapa49 X:51 Y:53
22/08/2004 01:33:08 a.m. Transporto a B hacia Mapa49 X:49 Y:52
22/08/2004 01:33:08 a.m. Transporto a B hacia Mapa49 X:50 Y:53
22/08/2004 01:33:08 a.m. Transporto a B hacia Mapa49 X:53 Y:55
22/08/2004 01:33:09 a.m. Transporto a B hacia Mapa49 X:57 Y:57
22/08/2004 01:33:09 a.m. Transporto a B hacia Mapa49 X:56 Y:59
22/08/2004 01:33:09 a.m. Transporto a B hacia Mapa49 X:53 Y:60
22/08/2004 01:33:09 a.m. Transporto a B hacia Mapa49 X:49 Y:59
22/08/2004 01:33:10 a.m. Transporto a B hacia Mapa49 X:45 Y:56
22/08/2004 01:33:10 a.m. Transporto a B hacia Mapa49 X:43 Y:52
22/08/2004 01:33:10 a.m. Transporto a B hacia Mapa49 X:44 Y:49
22/08/2004 01:33:10 a.m. Transporto a B hacia Mapa49 X:47 Y:47
22/08/2004 01:33:11 a.m. Transporto a B hacia Mapa49 X:46 Y:45
22/08/2004 01:33:14 a.m. Transporto a B hacia Mapa49 X:51 Y:42
22/08/2004 01:33:49 a.m. Transporto a B hacia Mapa49 X:46 Y:42
22/08/2004 01:33:51 a.m. Transporto a B hacia Mapa49 X:47 Y:47
22/08/2004 01:34:35 a.m. Transporto a B hacia Mapa49 X:51 Y:51
22/08/2004 01:34:37 a.m. Transporto a B hacia Mapa49 X:48 Y:47
22/08/2004 01:34:39 a.m. Transporto a B hacia Mapa49 X:48 Y:46
22/08/2004 01:34:40 a.m. Transporto a B hacia Mapa49 X:48 Y:45
22/08/2004 01:34:41 a.m. Transporto a B hacia Mapa49 X:48 Y:45
22/08/2004 01:34:42 a.m. Transporto a B hacia Mapa49 X:48 Y:45
22/08/2004 01:34:42 a.m. Transporto a B hacia Mapa49 X:48 Y:45
22/08/2004 01:34:43 a.m. Transporto a B hacia Mapa49 X:48 Y:45
22/08/2004 01:34:43 a.m. Transporto a B hacia Mapa49 X:48 Y:45
22/08/2004 01:34:43 a.m. Transporto a B hacia Mapa49 X:48 Y:45
22/08/2004 01:34:49 a.m. Transporto a B hacia Mapa49 X:48 Y:45
22/08/2004 01:34:49 a.m. Transporto a B hacia Mapa49 X:48 Y:45
22/08/2004 01:45:53 a.m. Se conecto con ip:127.0.0.1
22/08/2004 01:45:57 a.m. Transporto a B hacia Mapa49 X:44 Y:44
22/08/2004 01:46:20 a.m. Transporto a B hacia Mapa49 X:44 Y:44
22/08/2004 01:46:20 a.m. Transporto a B hacia Mapa49 X:44 Y:44
22/08/2004 01:46:20 a.m. Transporto a B hacia Mapa49 X:44 Y:44
22/08/2004 01:46:21 a.m. Transporto a B hacia Mapa49 X:44 Y:44
22/08/2004 01:46:21 a.m. Transporto a B hacia Mapa49 X:44 Y:44
22/08/2004 01:46:22 a.m. Transporto a B hacia Mapa49 X:44 Y:44
22/08/2004 01:46:22 a.m. Transporto a B hacia Mapa49 X:44 Y:44
22/08/2004 01:46:23 a.m. Transporto a B hacia Mapa49 X:44 Y:44
22/08/2004 01:46:23 a.m. Transporto a B hacia Mapa49 X:44 Y:44
22/08/2004 01:46:23 a.m. Transporto a B hacia Mapa49 X:44 Y:44
22/08/2004 01:46:24 a.m. Transporto a B hacia Mapa49 X:44 Y:44
22/08/2004 01:46:24 a.m. Transporto a B hacia Mapa49 X:44 Y:44
22/08/2004 01:46:25 a.m. Transporto a B hacia Mapa49 X:44 Y:45
22/08/2004 01:46:25 a.m. Transporto a B hacia Mapa49 X:44 Y:46
22/08/2004 01:46:25 a.m. Transporto a B hacia Mapa49 X:44 Y:47
22/08/2004 01:46:26 a.m. Transporto a B hacia Mapa49 X:44 Y:46
22/08/2004 01:46:26 a.m. Transporto a B hacia Mapa49 X:44 Y:45
22/08/2004 01:46:26 a.m. Transporto a B hacia Mapa49 X:44 Y:45
22/08/2004 01:46:26 a.m. Transporto a B hacia Mapa49 X:44 Y:43
22/08/2004 01:46:27 a.m. Transporto a B hacia Mapa49 X:44 Y:42
22/08/2004 01:46:27 a.m. Transporto a B hacia Mapa49 X:44 Y:42
22/08/2004 01:46:28 a.m. Transporto a B hacia Mapa49 X:44 Y:43
22/08/2004 01:46:28 a.m. Transporto a B hacia Mapa49 X:44 Y:43
22/08/2004 01:46:28 a.m. Transporto a B hacia Mapa49 X:44 Y:44
22/08/2004 01:46:28 a.m. Transporto a B hacia Mapa49 X:44 Y:44
22/08/2004 01:46:29 a.m. Transporto a B hacia Mapa49 X:44 Y:45
22/08/2004 01:46:29 a.m. Transporto a B hacia Mapa49 X:44 Y:45
22/08/2004 01:46:29 a.m. Transporto a B hacia Mapa49 X:44 Y:45
22/08/2004 01:46:30 a.m. Transporto a B hacia Mapa49 X:44 Y:45
22/08/2004 01:46:30 a.m. Transporto a B hacia Mapa49 X:44 Y:44
22/08/2004 01:46:30 a.m. Transporto a B hacia Mapa49 X:44 Y:44
22/08/2004 01:46:30 a.m. Transporto a B hacia Mapa49 X:44 Y:44
22/08/2004 01:46:31 a.m. Transporto a B hacia Mapa49 X:44 Y:44
22/08/2004 01:46:31 a.m. Transporto a B hacia Mapa49 X:44 Y:45
22/08/2004 01:46:31 a.m. Transporto a B hacia Mapa49 X:44 Y:46
22/08/2004 01:46:32 a.m. Transporto a B hacia Mapa49 X:46 Y:46
22/08/2004 01:46:32 a.m. Transporto a B hacia Mapa49 X:48 Y:47
22/08/2004 01:46:37 a.m. Transporto a B hacia Mapa49 X:51 Y:52
22/08/2004 01:46:37 a.m. Transporto a B hacia Mapa49 X:54 Y:57
22/08/2004 01:46:37 a.m. Transporto a B hacia Mapa49 X:58 Y:62
22/08/2004 01:46:38 a.m. Transporto a B hacia Mapa49 X:60 Y:66
22/08/2004 01:46:41 a.m. /SUM C Map:49 X:60 Y:66
22/08/2004 01:46:51 a.m. Resucito a C
22/08/2004 01:47:10 a.m. Sumoneo a Guardia Imperial en mapa 49
22/08/2004 01:47:12 a.m. Sumoneo a Aldeana en mapa 49
22/08/2004 01:47:14 a.m. Sumoneo a Gallo en mapa 49
22/08/2004 01:47:17 a.m. Sumoneo a Gallo en mapa 49
22/08/2004 01:47:22 a.m. /MATA NPC SIN INICIAR
22/08/2004 01:47:23 a.m. Sumoneo a Serpiente en mapa 49
22/08/2004 01:47:25 a.m. Sumoneo a Serpiente en mapa 49
22/08/2004 01:47:26 a.m. Sumoneo a Serpiente en mapa 49
22/08/2004 01:47:30 a.m. Sumoneo a Guardia Imperial en mapa 49
22/08/2004 01:47:59 a.m. Transporto a B hacia Mapa1 X:80 Y:30
22/08/2004 01:48:01 a.m. Transporto a B hacia Mapa1 X:74 Y:33
22/08/2004 01:48:12 a.m. /mod b oro 1331
22/08/2004 01:48:22 a.m. /IRA C Mapa:49 X:67 Y:68
22/08/2004 01:48:33 a.m. Tiro cantidad:1 Objeto:Ropa de enano
22/08/2004 01:48:34 a.m. Transporto a B hacia Mapa49 X:65 Y:68
22/08/2004 01:48:37 a.m. Resucito a C
22/08/2004 01:49:08 a.m. /CI: 542
22/08/2004 01:49:09 a.m. Agarro:1 Objeto:Estupidez
22/08/2004 01:50:08 a.m. /CI: 206
22/08/2004 01:50:09 a.m. Agarro:1 Objeto:Paralizar
22/08/2004 08:08:53 p.m. Se conecto con ip:127.0.0.1
22/08/2004 08:09:00 p.m. Transporto a B hacia Mapa49 X:57 Y:59
22/08/2004 08:09:12 p.m. Transporto a B hacia Mapa49 X:53 Y:55
22/08/2004 08:09:13 p.m. Transporto a B hacia Mapa49 X:50 Y:52
22/08/2004 08:09:26 p.m. Transporto a B hacia Mapa49 X:47 Y:48
22/08/2004 08:09:56 p.m. Transporto a B hacia Mapa139 X:50 Y:50
22/08/2004 08:12:15 p.m. Transporto a B hacia Mapa49 X:50 Y:50
22/08/2004 08:20:40 p.m. Se conecto con ip:127.0.0.1
22/08/2004 08:20:43 p.m. Transporto a B hacia Mapa49 X:53 Y:49
22/08/2004 08:20:43 p.m. Transporto a B hacia Mapa49 X:53 Y:49
22/08/2004 08:20:44 p.m. Transporto a B hacia Mapa49 X:53 Y:49
22/08/2004 08:20:44 p.m. Transporto a B hacia Mapa49 X:53 Y:49
22/08/2004 08:20:45 p.m. Transporto a B hacia Mapa49 X:53 Y:49
22/08/2004 08:20:45 p.m. Transporto a B hacia Mapa49 X:53 Y:49
22/08/2004 08:20:45 p.m. Transporto a B hacia Mapa49 X:53 Y:49
22/08/2004 08:20:46 p.m. Transporto a B hacia Mapa49 X:53 Y:49
22/08/2004 08:20:46 p.m. Transporto a B hacia Mapa49 X:53 Y:49
22/08/2004 08:20:47 p.m. Transporto a B hacia Mapa49 X:53 Y:49
22/08/2004 08:20:47 p.m. Transporto a B hacia Mapa49 X:55 Y:51
22/08/2004 08:20:48 p.m. Transporto a B hacia Mapa49 X:52 Y:51
22/08/2004 08:20:48 p.m. Transporto a B hacia Mapa49 X:48 Y:50
22/08/2004 08:20:48 p.m. Transporto a B hacia Mapa49 X:48 Y:49
22/08/2004 08:20:49 p.m. Transporto a B hacia Mapa49 X:48 Y:48
22/08/2004 08:20:49 p.m. Transporto a B hacia Mapa49 X:49 Y:48
22/08/2004 08:20:49 p.m. Transporto a B hacia Mapa49 X:51 Y:49
22/08/2004 08:20:49 p.m. Transporto a B hacia Mapa49 X:53 Y:50
22/08/2004 08:20:50 p.m. Transporto a B hacia Mapa49 X:54 Y:50
22/08/2004 08:20:50 p.m. Transporto a B hacia Mapa49 X:55 Y:50
22/08/2004 08:20:50 p.m. Transporto a B hacia Mapa49 X:56 Y:50
22/08/2004 08:20:51 p.m. Transporto a B hacia Mapa49 X:56 Y:50
22/08/2004 08:20:51 p.m. Transporto a B hacia Mapa49 X:56 Y:50
22/08/2004 08:20:51 p.m. Transporto a B hacia Mapa49 X:56 Y:50
22/08/2004 08:20:51 p.m. Transporto a B hacia Mapa49 X:56 Y:50
22/08/2004 08:20:52 p.m. Transporto a B hacia Mapa49 X:56 Y:50
22/08/2004 08:20:52 p.m. Transporto a B hacia Mapa49 X:56 Y:50
22/08/2004 08:20:52 p.m. Transporto a B hacia Mapa49 X:56 Y:50
22/08/2004 08:20:53 p.m. Transporto a B hacia Mapa49 X:56 Y:50
22/08/2004 08:20:53 p.m. Transporto a B hacia Mapa49 X:56 Y:50
22/08/2004 08:20:54 p.m. Transporto a B hacia Mapa49 X:56 Y:50
22/08/2004 08:20:54 p.m. Transporto a B hacia Mapa49 X:56 Y:50
28/08/2004 08:53:09 p.m. Se conecto con ip:127.0.0.1
28/08/2004 08:53:12 p.m. Transporto a B hacia Mapa49 X:58 Y:49
28/08/2004 08:53:16 p.m. Transporto a B hacia Mapa49 X:53 Y:43
28/08/2004 08:53:26 p.m. Transporto a B hacia Mapa49 X:54 Y:41
28/08/2004 08:55:07 p.m. Transporto a B hacia Mapa49 X:58 Y:44
28/08/2004 08:55:14 p.m. Se conecto con ip:127.0.0.1
28/08/2004 08:55:19 p.m. Transporto a B hacia Mapa49 X:60 Y:43
28/08/2004 08:55:20 p.m. Transporto a B hacia Mapa49 X:54 Y:42
28/08/2004 08:55:32 p.m. Transporto a B hacia Mapa49 X:57 Y:46
28/08/2004 08:55:32 p.m. /CT: 1 50 50
28/08/2004 08:55:40 p.m. /CT: 49 50 50
28/08/2004 08:55:44 p.m. Transporto a B hacia Mapa49 X:54 Y:46
28/08/2004 08:56:32 p.m. Transporto a B hacia Mapa49 X:52 Y:41
28/08/2004 08:56:34 p.m. /SUM C Map:49 X:52 Y:42
28/08/2004 08:56:37 p.m. Transporto a B hacia Mapa49 X:54 Y:47
28/08/2004 08:56:42 p.m. Transporto a B hacia Mapa49 X:54 Y:45
28/08/2004 08:56:45 p.m. Transporto a B hacia Mapa49 X:54 Y:47
28/08/2004 08:56:47 p.m. /SUM C Map:49 X:54 Y:47
28/08/2004 08:56:48 p.m. Transporto a B hacia Mapa49 X:54 Y:45
28/08/2004 08:56:57 p.m. Intento perdonar un personaje de nivel avanzado.
28/08/2004 08:59:04 p.m. Transporto a B hacia Mapa49 X:57 Y:45
28/08/2004 08:59:05 p.m. Transporto a B hacia Mapa1 X:52 Y:49
28/08/2004 08:59:08 p.m. Transporto a B hacia Mapa49 X:52 Y:46
28/08/2004 08:59:13 p.m. Transporto a B hacia Mapa49 X:52 Y:46
28/08/2004 08:59:14 p.m. Transporto a B hacia Mapa49 X:52 Y:46
28/08/2004 08:59:14 p.m. Transporto a B hacia Mapa49 X:52 Y:46
