03/10/2004 05:44:51 p.m. Se conecto con ip:127.0.0.1
03/10/2004 05:45:24 p.m. Transporto a C hacia Mapa49 X:47 Y:47
03/10/2004 05:45:24 p.m. Transporto a C hacia Mapa49 X:41 Y:45
03/10/2004 05:45:29 p.m. Transporto a C hacia Mapa1 X:50 Y:50
03/10/2004 05:45:30 p.m. Transporto a C hacia Mapa1 X:58 Y:51
03/10/2004 05:45:31 p.m. Transporto a C hacia Mapa1 X:65 Y:53
03/10/2004 05:45:32 p.m. Transporto a C hacia Mapa1 X:72 Y:52
03/10/2004 05:45:33 p.m. Transporto a C hacia Mapa1 X:76 Y:57
03/10/2004 05:45:34 p.m. Transporto a C hacia Mapa1 X:79 Y:62
03/10/2004 05:45:39 p.m. Transporto a C hacia Mapa1 X:78 Y:57
03/10/2004 05:45:39 p.m. Transporto a C hacia Mapa1 X:78 Y:51
03/10/2004 05:45:39 p.m. Transporto a C hacia Mapa1 X:78 Y:45
03/10/2004 05:45:40 p.m. Transporto a C hacia Mapa1 X:78 Y:39
03/10/2004 05:45:41 p.m. Transporto a C hacia Mapa1 X:77 Y:33
03/10/2004 05:45:41 p.m. Transporto a C hacia Mapa1 X:71 Y:32
03/10/2004 05:45:42 p.m. Transporto a C hacia Mapa1 X:71 Y:34
03/10/2004 05:45:54 p.m. Transporto a C hacia Mapa59 X:80 Y:50
03/10/2004 05:45:55 p.m. Transporto a C hacia Mapa59 X:87 Y:50
03/10/2004 05:45:56 p.m. Transporto a C hacia Mapa59 X:88 Y:57
03/10/2004 05:45:59 p.m. Transporto a C hacia Mapa59 X:88 Y:61
03/10/2004 05:48:41 p.m. Se conecto con ip:127.0.0.1
03/10/2004 05:48:44 p.m. Transporto a C hacia Mapa59 X:90 Y:61
03/10/2004 05:49:08 p.m. Transporto a C hacia Mapa112 X:50 Y:50
03/10/2004 05:49:10 p.m. Transporto a C hacia Mapa112 X:53 Y:55
03/10/2004 05:49:10 p.m. Transporto a C hacia Mapa112 X:54 Y:61
03/10/2004 05:49:11 p.m. Transporto a C hacia Mapa112 X:58 Y:67
03/10/2004 05:49:11 p.m. Transporto a C hacia Mapa112 X:64 Y:73
03/10/2004 05:49:12 p.m. Transporto a C hacia Mapa112 X:70 Y:79
03/10/2004 05:49:13 p.m. Transporto a C hacia Mapa112 X:71 Y:84
03/10/2004 05:49:13 p.m. Transporto a C hacia Mapa112 X:71 Y:89
03/10/2004 05:49:18 p.m. Transporto a C hacia Mapa113 X:77 Y:16
03/10/2004 05:49:19 p.m. Transporto a C hacia Mapa113 X:74 Y:15
03/10/2004 05:49:20 p.m. Transporto a C hacia Mapa113 X:70 Y:17
03/10/2004 05:49:23 p.m. Transporto a C hacia Mapa113 X:74 Y:19
03/10/2004 05:49:25 p.m. Transporto a C hacia Mapa113 X:79 Y:19
03/10/2004 05:50:12 p.m. Se conecto con ip:127.0.0.1
03/10/2004 05:50:16 p.m. Transporto a C hacia Mapa113 X:79 Y:19
03/10/2004 05:50:52 p.m. Transporto a C hacia Mapa113 X:73 Y:20
03/10/2004 05:51:06 p.m. Transporto a C hacia Mapa113 X:69 Y:16
10/10/2004 09:23:19 p.m. Se conecto con ip:127.0.0.1
10/10/2004 09:23:28 p.m. Transporto a C hacia Mapa113 X:79 Y:19
10/10/2004 09:24:30 p.m. Transporto a C hacia Mapa113 X:75 Y:20
10/10/2004 09:24:33 p.m. Transporto a C hacia Mapa113 X:74 Y:21
10/10/2004 09:25:22 p.m. Transporto a C hacia Mapa113 X:79 Y:21
10/10/2004 09:25:27 p.m. Transporto a C hacia Mapa113 X:74 Y:19
10/10/2004 09:25:49 p.m. Transporto a C hacia Mapa113 X:79 Y:20
10/10/2004 09:27:48 p.m. Se conecto con ip:127.0.0.1
10/10/2004 09:28:38 p.m. /MATA NPC SIN INICIAR
10/10/2004 09:30:59 p.m. Se conecto con ip:127.0.0.1
10/10/2004 09:31:02 p.m. Transporto a C hacia Mapa113 X:73 Y:19
10/10/2004 09:31:03 p.m. Transporto a C hacia Mapa113 X:67 Y:18
10/10/2004 09:31:04 p.m. Transporto a C hacia Mapa113 X:61 Y:17
10/10/2004 09:31:05 p.m. Transporto a C hacia Mapa113 X:56 Y:17
10/10/2004 11:08:24 p.m. Se conecto con ip:127.0.0.1
10/10/2004 11:08:29 p.m. Transporto a C hacia Mapa113 X:56 Y:17
10/10/2004 11:09:41 p.m. Se conecto con ip:127.0.0.1
10/10/2004 11:09:45 p.m. Transporto a C hacia Mapa113 X:56 Y:17
10/10/2004 11:09:45 p.m. Transporto a C hacia Mapa113 X:56 Y:17
10/10/2004 11:09:46 p.m. Transporto a C hacia Mapa113 X:56 Y:17
10/10/2004 11:09:46 p.m. Transporto a C hacia Mapa113 X:56 Y:17
10/10/2004 11:09:47 p.m. Transporto a C hacia Mapa113 X:56 Y:17
10/10/2004 11:09:47 p.m. Transporto a C hacia Mapa113 X:56 Y:17
10/10/2004 11:09:47 p.m. Transporto a C hacia Mapa113 X:56 Y:17
10/10/2004 11:09:48 p.m. Transporto a C hacia Mapa113 X:56 Y:17
10/10/2004 11:09:48 p.m. Transporto a C hacia Mapa113 X:56 Y:17
10/10/2004 11:09:48 p.m. Transporto a C hacia Mapa113 X:56 Y:17
10/10/2004 11:34:32 p.m. Se conecto con ip:127.0.0.1
10/10/2004 11:34:37 p.m. Transporto a C hacia Mapa113 X:56 Y:17
10/10/2004 11:37:42 p.m. Se conecto con ip:127.0.0.1
10/10/2004 11:46:08 p.m. Se conecto con ip:127.0.0.1
10/10/2004 11:46:18 p.m. /lluvia
11/10/2004 12:07:01 a.m. Se conecto con ip:127.0.0.1
11/10/2004 12:07:06 a.m. /lluvia
11/10/2004 12:17:47 a.m. Se conecto con ip:127.0.0.1
11/10/2004 12:47:50 a.m. Se conecto con ip:127.0.0.1
11/10/2004 12:47:52 a.m. Transporto a C hacia Mapa113 X:63 Y:17
11/10/2004 12:47:53 a.m. Transporto a C hacia Mapa113 X:70 Y:17
11/10/2004 12:47:54 a.m. Transporto a C hacia Mapa113 X:77 Y:17
11/10/2004 12:47:54 a.m. Transporto a C hacia Mapa113 X:83 Y:18
11/10/2004 12:47:55 a.m. Transporto a C hacia Mapa113 X:78 Y:19
11/10/2004 12:34:48 p.m. Se conecto con ip:127.0.0.1
11/10/2004 12:34:52 p.m. Transporto a C hacia Mapa113 X:79 Y:20
11/10/2004 12:35:56 p.m. /CI: 658
11/10/2004 12:36:04 p.m. Agarro:100 Objeto:Vara de fresno
11/10/2004 12:36:10 p.m. /mod c clase mago
11/10/2004 12:36:28 p.m. /CI: 657
11/10/2004 12:36:33 p.m. Agarro:100 Objeto:Remover estupidez
11/10/2004 12:36:44 p.m. Transporto a C hacia Mapa1 X:50 Y:50
11/10/2004 12:36:45 p.m. Transporto a C hacia Mapa1 X:56 Y:47
11/10/2004 12:36:46 p.m. Transporto a C hacia Mapa1 X:63 Y:44
11/10/2004 12:36:46 p.m. Transporto a C hacia Mapa1 X:70 Y:41
11/10/2004 12:36:49 p.m. Transporto a C hacia Mapa1 X:63 Y:42
11/10/2004 12:36:49 p.m. Transporto a C hacia Mapa1 X:57 Y:40
11/10/2004 12:36:49 p.m. Transporto a C hacia Mapa1 X:51 Y:38
11/10/2004 12:36:50 p.m. Transporto a C hacia Mapa1 X:45 Y:36
11/10/2004 12:36:51 p.m. Transporto a C hacia Mapa1 X:39 Y:36
11/10/2004 12:36:51 p.m. Transporto a C hacia Mapa1 X:31 Y:34
11/10/2004 12:36:52 p.m. Transporto a C hacia Mapa1 X:29 Y:35
11/10/2004 12:38:03 p.m. Tiro cantidad:100 Objeto:Vara de fresno
11/10/2004 12:38:21 p.m. Agarro:100 Objeto:Vara de fresno
11/10/2004 12:38:29 p.m. Tiro cantidad:100 Objeto:Vara de fresno
11/10/2004 12:38:38 p.m. /CI: 656
11/10/2004 12:38:40 p.m. /DEST
11/10/2004 12:38:44 p.m. /CI: 659
11/10/2004 12:38:46 p.m. Agarro:100 Objeto:Bastón nudoso
11/10/2004 12:39:10 p.m. Transporto a C hacia Mapa1 X:24 Y:34
11/10/2004 12:39:18 p.m. Tiro cantidad:100 Objeto:Bastón nudoso
11/10/2004 12:39:25 p.m. /CI: 660
11/10/2004 12:39:28 p.m. Agarro:100 Objeto:Báculo engarzado
11/10/2004 12:39:39 p.m. Agarro:100 Objeto:Bastón nudoso
11/10/2004 12:39:39 p.m. Agarro:100 Objeto:Vara de fresno
11/10/2004 12:39:44 p.m. Transporto a C hacia Mapa59 X:80 Y:50
11/10/2004 12:39:46 p.m. Transporto a C hacia Mapa59 X:86 Y:56
11/10/2004 12:39:47 p.m. Transporto a C hacia Mapa59 X:90 Y:61
11/10/2004 12:39:58 p.m. Tiro cantidad:100 Objeto:Báculo engarzado
11/10/2004 12:40:23 p.m. Tiro cantidad:100 Objeto:Vara de fresno
11/10/2004 12:40:27 p.m. Agarro:100 Objeto:Vara de fresno
11/10/2004 12:40:28 p.m. Agarro:100 Objeto:Báculo engarzado
11/10/2004 12:40:33 p.m. /CI: 661
11/10/2004 12:40:35 p.m. Agarro:100 Objeto:Sombrero de aprendiz
11/10/2004 12:40:46 p.m. Transporto a C hacia Mapa59 X:90 Y:68
11/10/2004 12:40:51 p.m. /CI: 662
11/10/2004 12:40:52 p.m. Agarro:100 Objeto:Sombrero de mago
11/10/2004 12:41:02 p.m. /CI: 663
11/10/2004 12:41:03 p.m. Agarro:100 Objeto:Arco simple reforzado
11/10/2004 12:41:29 p.m. /CI: 663
11/10/2004 12:41:30 p.m. Agarro:100 Objeto:Arco simple reforzado
11/10/2004 12:41:32 p.m. /CI: 664
11/10/2004 12:41:37 p.m. Agarro:100 Objeto:Arco compuesto reforzado
11/10/2004 12:41:41 p.m. /CI: 665
11/10/2004 12:41:43 p.m. Agarro:100 Objeto:Arco de cazador
11/10/2004 12:42:09 p.m. Tiro cantidad:1 Objeto:Arco compuesto reforzado
11/10/2004 12:42:16 p.m. /mod c clase GUERRERO
11/10/2004 12:42:20 p.m. Agarro:1 Objeto:Arco compuesto reforzado
11/10/2004 12:42:27 p.m. /MOD C CLASE CAZADOR
11/10/2004 12:43:18 p.m. /CI: 664
11/10/2004 12:43:21 p.m. /CI: 667
11/10/2004 12:43:23 p.m. Agarro:100 Objeto:Cota de mallas (E/G)
11/10/2004 12:43:26 p.m. Agarro:100 Objeto:Arco compuesto reforzado
11/10/2004 12:43:31 p.m. /MOD C CLASE GUERRERO
11/10/2004 12:44:30 p.m. Transporto a C hacia Mapa59 X:91 Y:70
11/10/2004 12:44:40 p.m. /CI: 667
11/10/2004 12:44:42 p.m. Agarro:100 Objeto:Cota de mallas (E/G)
11/10/2004 12:44:44 p.m. /CI: 668
11/10/2004 12:44:49 p.m. Agarro:100 Objeto:Armadura de cuero (E/G)
11/10/2004 12:45:20 p.m. Tiro cantidad:100 Objeto:Armadura de cuero (E/G)
11/10/2004 12:45:25 p.m. /CI: 669
11/10/2004 12:45:26 p.m. Agarro:100 Objeto:Ropa real (H/E/EO)
11/10/2004 12:45:31 p.m. /CI: 670
11/10/2004 12:45:32 p.m. Agarro:100 Objeto:Tunica de mago (E/G)
11/10/2004 12:45:40 p.m. /CI: 671
11/10/2004 12:45:42 p.m. Agarro:100 Objeto:Túnica de monje (E/G)
11/10/2004 12:45:50 p.m. /CI: 672
11/10/2004 12:45:51 p.m. Agarro:100 Objeto:Armadura de Elite (E/G)
11/10/2004 12:46:01 p.m. /CI: 673
11/10/2004 12:46:07 p.m. Agarro:100 Objeto:Armadura de cuero (E/G)
11/10/2004 01:13:54 p.m. Se conecto con ip:127.0.0.1
11/10/2004 01:13:56 p.m. Transporto a C hacia Mapa59 X:90 Y:70
11/10/2004 01:14:09 p.m. /mod c clase mago
11/10/2004 01:14:42 p.m. /mod c body 1
11/10/2004 01:18:56 p.m. Se conecto con ip:127.0.0.1
11/10/2004 01:21:01 p.m. Se conecto con ip:127.0.0.1
11/10/2004 01:21:28 p.m. /mod yo body 1
11/10/2004 01:21:30 p.m. /mod c body 1
11/10/2004 01:21:46 p.m. /mod c head 1
11/10/2004 01:22:12 p.m. /mod c head 2
11/10/2004 01:22:18 p.m. /mod c head 3
11/10/2004 01:22:29 p.m. /mod c head 4
11/10/2004 01:26:30 p.m. Se conecto con ip:127.0.0.1
11/10/2004 01:26:43 p.m. /mod c head 1
11/10/2004 01:27:02 p.m. /mod c head 21
11/10/2004 01:31:59 p.m. Se conecto con ip:127.0.0.1
11/10/2004 01:35:05 p.m. Se conecto con ip:127.0.0.1
11/10/2004 01:35:52 p.m. Se conecto con ip:127.0.0.1
11/10/2004 01:39:00 p.m. Se conecto con ip:127.0.0.1
11/10/2004 01:39:27 p.m. /CI: 672
11/10/2004 01:39:31 p.m. /CI: 665
11/10/2004 01:39:38 p.m. /CI: 668
11/10/2004 01:39:42 p.m. Agarro:100 Objeto:Armadura de cuero (E/G)
11/10/2004 01:39:58 p.m. Agarro:100 Objeto:Arco de cazador
11/10/2004 01:39:58 p.m. Agarro:100 Objeto:Armadura de Elite (E/G)
11/10/2004 01:42:16 p.m. Se conecto con ip:127.0.0.1
11/10/2004 01:42:42 p.m. /mod c body1
11/10/2004 01:42:44 p.m. /mod c body 1
11/10/2004 01:43:04 p.m. /mod c head 1
11/10/2004 01:43:37 p.m. /mod c head 4
11/10/2004 01:45:28 p.m. Se conecto con ip:127.0.0.1
11/10/2004 01:45:38 p.m. /mod c head 1
11/10/2004 01:45:42 p.m. /mod c head 2
11/10/2004 01:45:44 p.m. /mod c head 3
11/10/2004 01:45:49 p.m. /mod c head 4
11/10/2004 01:45:51 p.m. /mod c head 5
11/10/2004 01:45:53 p.m. /mod c head 6
11/10/2004 01:45:56 p.m. /mod c head 7
11/10/2004 01:45:59 p.m. /mod c head 8
11/10/2004 01:46:03 p.m. /mod c head 9
11/10/2004 01:46:06 p.m. /mod c head 10
11/10/2004 01:46:07 p.m. /mod c head 11
11/10/2004 01:46:09 p.m. /mod c head 12
11/10/2004 01:46:10 p.m. /mod c head 13
11/10/2004 01:46:11 p.m. /mod c head 14
11/10/2004 01:46:16 p.m. /mod c head 14
11/10/2004 01:46:18 p.m. /mod c head 15
11/10/2004 01:46:22 p.m. /mod c head 16
11/10/2004 01:47:08 p.m. /mod c head 300
11/10/2004 01:47:13 p.m. /mod c head 301
11/10/2004 01:48:17 p.m. Se conecto con ip:127.0.0.1
11/10/2004 01:48:27 p.m. /mod c body 1
11/10/2004 01:48:31 p.m. /mod c head 1
11/10/2004 01:51:33 p.m. Se conecto con ip:127.0.0.1
11/10/2004 01:51:40 p.m. /CI: 668
11/10/2004 01:51:42 p.m. Agarro:100 Objeto:Armadura de cuero (E/G)
11/10/2004 01:51:52 p.m. /mod c clase guerrero
11/10/2004 02:40:17 p.m. Se conecto con ip:127.0.0.1
11/10/2004 02:40:21 p.m. /CI: 666
11/10/2004 02:40:29 p.m. Agarro:100 Objeto:Objetos Vodoo Satanicos
11/10/2004 02:40:36 p.m. Tiro cantidad:1 Objeto:Objetos Vodoo Satanicos
11/10/2004 02:40:38 p.m. Agarro:1 Objeto:Objetos Vodoo Satanicos
11/10/2004 04:04:17 p.m. Se conecto con ip:127.0.0.1
11/10/2004 04:04:19 p.m. Transporto a C hacia Mapa59 X:88 Y:70
11/10/2004 04:04:26 p.m. Transporto a C hacia Mapa1 X:50 Y:50
11/10/2004 04:04:27 p.m. Transporto a C hacia Mapa1 X:57 Y:47
11/10/2004 04:04:28 p.m. Transporto a C hacia Mapa1 X:64 Y:43
11/10/2004 04:04:28 p.m. Transporto a C hacia Mapa1 X:70 Y:39
11/10/2004 04:04:29 p.m. Transporto a C hacia Mapa1 X:74 Y:36
11/10/2004 04:05:11 p.m. Se conecto con ip:127.0.0.1
11/10/2004 04:05:13 p.m. Transporto a C hacia Mapa1 X:75 Y:34
11/10/2004 04:05:19 p.m. /mod c head 401
11/10/2004 04:05:45 p.m. Transporto a C hacia Mapa1 X:81 Y:33
11/10/2004 04:09:54 p.m. Se conecto con ip:127.0.0.1
11/10/2004 04:10:02 p.m. /mod c clase mago
11/10/2004 04:10:31 p.m. Transporto a C hacia Mapa1 X:85 Y:59
11/10/2004 09:06:03 p.m. Se conecto con ip:127.0.0.1
11/10/2004 09:06:09 p.m. /CI: 480
11/10/2004 09:06:10 p.m. Agarro:100 Objeto:Flecha
11/10/2004 09:06:13 p.m. Transporto a C hacia Mapa1 X:84 Y:54
11/10/2004 09:06:14 p.m. Transporto a C hacia Mapa1 X:83 Y:48
11/10/2004 09:06:15 p.m. Transporto a C hacia Mapa1 X:81 Y:42
11/10/2004 09:06:16 p.m. Transporto a C hacia Mapa1 X:80 Y:36
11/10/2004 09:06:44 p.m. /mod c clase cazador
11/10/2004 09:07:10 p.m. Se conecto con ip:127.0.0.1
11/10/2004 09:08:33 p.m. Se conecto con ip:127.0.0.1
11/10/2004 10:43:09 p.m. Se conecto con ip:127.0.0.1
11/10/2004 10:43:14 p.m. Transporto a C hacia Mapa50 X:50 Y:50
12/10/2004 10:50:24 p.m. Se conecto con ip:127.0.0.1
12/10/2004 10:50:32 p.m. Transporto a C hacia Mapa49 X:50 Y:50
12/10/2004 10:50:33 p.m. Transporto a C hacia Mapa49 X:55 Y:54
12/10/2004 10:50:33 p.m. Transporto a C hacia Mapa49 X:60 Y:58
12/10/2004 10:50:34 p.m. Transporto a C hacia Mapa49 X:62 Y:63
12/10/2004 10:50:51 p.m. /mod c clase mago
12/10/2004 10:51:31 p.m. /SUM CCCC Map:49 X:62 Y:64
12/10/2004 10:51:36 p.m. Transporto a C hacia Mapa49 X:64 Y:65
12/10/2004 10:51:54 p.m. Transporto a C hacia Mapa59 X:80 Y:60
12/10/2004 10:51:55 p.m. Transporto a C hacia Mapa59 X:85 Y:65
12/10/2004 10:51:55 p.m. Transporto a C hacia Mapa59 X:88 Y:70
12/10/2004 10:51:56 p.m. Transporto a C hacia Mapa59 X:90 Y:65
12/10/2004 10:51:58 p.m. Transporto a C hacia Mapa59 X:88 Y:60
12/10/2004 10:52:11 p.m. /IRA CCCC Mapa:49 X:61 Y:65
12/10/2004 10:52:14 p.m. Transporto a C hacia Mapa49 X:62 Y:67
12/10/2004 11:00:41 p.m. /mod c clase asesino
12/10/2004 11:02:18 p.m. /mod c clase bardo
12/10/2004 11:02:34 p.m. /CI: 12
12/10/2004 11:02:37 p.m. /CI: 11
12/10/2004 11:02:40 p.m. /CI: 14
12/10/2004 11:02:43 p.m. /CI: 20
12/10/2004 11:02:46 p.m. /CI: 19
12/10/2004 11:02:47 p.m. Agarro:100 Objeto:Espada dos manos
12/10/2004 11:02:53 p.m. /CI: 400
12/10/2004 11:02:55 p.m. Tiro cantidad:100 Objeto:Espada dos manos
12/10/2004 11:02:56 p.m. Agarro:100 Objeto:Vara de mago
12/10/2004 11:02:59 p.m. Tiro cantidad:100 Objeto:Vara de mago
12/10/2004 11:03:52 p.m. /CI: /ci 164
12/10/2004 11:03:57 p.m. /CI: 164
12/10/2004 11:03:59 p.m. Agarro:100 Objeto:Espada corta 
12/10/2004 11:05:11 p.m. /CI: 531
12/10/2004 11:05:15 p.m. Tiro cantidad:100 Objeto:Objetos Vodoo Satanicos
12/10/2004 11:05:16 p.m. Agarro:100 Objeto:Descarga electrica
12/10/2004 11:05:18 p.m. Tiro cantidad:99 Objeto:Descarga electrica
13/10/2004 12:22:46 a.m. Se conecto con ip:127.0.0.1
13/10/2004 12:22:56 a.m. Transporto a C hacia Mapa49 X:60 Y:60
13/10/2004 12:22:57 a.m. Transporto a C hacia Mapa49 X:62 Y:63
13/10/2004 12:23:00 a.m. /SUM CCCC Map:49 X:62 Y:63
13/10/2004 12:23:42 a.m. Transporto a C hacia Mapa49 X:58 Y:66
13/10/2004 12:23:44 a.m. Transporto a C hacia Mapa49 X:62 Y:61
13/10/2004 12:23:45 a.m. Transporto a C hacia Mapa49 X:61 Y:57
13/10/2004 12:23:48 a.m. /SUM CCCC Map:49 X:61 Y:57
13/10/2004 12:23:58 a.m. Transporto a C hacia Mapa49 X:62 Y:58
13/10/2004 12:23:59 a.m. Transporto a C hacia Mapa49 X:62 Y:59
13/10/2004 12:24:03 a.m. /BLOQ
13/10/2004 12:24:21 a.m. Transporto a C hacia Mapa49 X:62 Y:58
13/10/2004 12:24:40 a.m. Transporto a C hacia Mapa49 X:61 Y:62
13/10/2004 12:24:42 a.m. Transporto a C hacia Mapa49 X:61 Y:66
13/10/2004 12:24:45 a.m. /SUM CCCC Map:49 X:61 Y:66
13/10/2004 12:24:47 a.m. Transporto a C hacia Mapa49 X:62 Y:67
13/10/2004 12:25:38 a.m. Transporto a C hacia Mapa49 X:60 Y:67
13/10/2004 12:26:27 a.m. Se conecto con ip:127.0.0.1
13/10/2004 12:26:31 a.m. Transporto a C hacia Mapa49 X:62 Y:67
13/10/2004 12:26:34 a.m. Transporto a C hacia Mapa49 X:61 Y:65
13/10/2004 12:45:11 a.m. Se conecto con ip:127.0.0.1
13/10/2004 12:45:13 a.m. Transporto a C hacia Mapa49 X:64 Y:68
13/10/2004 12:45:32 a.m. /SUM CCCC Map:49 X:64 Y:68
13/10/2004 12:45:57 a.m. Transporto a C hacia Mapa49 X:64 Y:67
13/10/2004 12:46:02 a.m. /mod c clase cazador
13/10/2004 12:46:04 a.m. /CI: 480
13/10/2004 12:46:04 a.m. Agarro:100 Objeto:Flecha
13/10/2004 12:46:14 a.m. Transporto a C hacia Mapa49 X:61 Y:67
13/10/2004 12:47:42 a.m. Transporto a C hacia Mapa49 X:62 Y:70
14/10/2004 07:26:30 a.m. Se conecto con ip:127.0.0.1
14/10/2004 07:26:33 a.m. /SUM CCCC Map:49 X:60 Y:69
14/10/2004 07:26:54 a.m. Transporto a C hacia Mapa49 X:61 Y:67
14/10/2004 07:27:09 a.m. /mod c clase clerigo
14/10/2004 07:27:14 a.m. Transporto a C hacia Mapa49 X:58 Y:66
14/10/2004 07:27:14 a.m. Transporto a C hacia Mapa49 X:53 Y:62
14/10/2004 07:27:19 a.m. Transporto a C hacia Mapa49 X:48 Y:58
14/10/2004 07:27:19 a.m. Transporto a C hacia Mapa49 X:44 Y:54
14/10/2004 07:27:21 a.m. Transporto a C hacia Mapa49 X:50 Y:59
14/10/2004 07:27:21 a.m. Transporto a C hacia Mapa49 X:56 Y:64
14/10/2004 07:27:25 a.m. Transporto a C hacia Mapa1 X:40 Y:40
14/10/2004 07:27:27 a.m. Transporto a C hacia Mapa1 X:41 Y:44
14/10/2004 07:27:27 a.m. Transporto a C hacia Mapa1 X:42 Y:48
14/10/2004 07:27:28 a.m. Transporto a C hacia Mapa1 X:43 Y:52
14/10/2004 07:27:29 a.m. Transporto a C hacia Mapa1 X:44 Y:56
14/10/2004 07:27:29 a.m. Transporto a C hacia Mapa1 X:45 Y:60
14/10/2004 07:27:30 a.m. Transporto a C hacia Mapa1 X:46 Y:62
14/10/2004 07:27:32 a.m. Transporto a C hacia Mapa1 X:40 Y:64
14/10/2004 07:27:33 a.m. Transporto a C hacia Mapa1 X:36 Y:63
14/10/2004 07:27:46 a.m. /IRA CCCC Mapa:49 X:59 Y:69
14/10/2004 07:27:49 a.m. Transporto a C hacia Mapa49 X:63 Y:69
14/10/2004 07:28:04 a.m. Transporto a C hacia Mapa59 X:80 Y:50
14/10/2004 07:28:06 a.m. Transporto a C hacia Mapa59 X:85 Y:52
14/10/2004 07:28:06 a.m. Transporto a C hacia Mapa59 X:89 Y:58
14/10/2004 07:28:07 a.m. Transporto a C hacia Mapa59 X:89 Y:62
14/10/2004 07:28:24 a.m. Tiro cantidad:100 Objeto:Tunica de mago (E/G)
14/10/2004 07:28:36 a.m. /IRA CCCC Mapa:49 X:61 Y:65
14/10/2004 07:28:39 a.m. Transporto a C hacia Mapa49 X:63 Y:65
14/10/2004 07:32:46 a.m. Transporto a C hacia Mapa49 X:61 Y:68
14/10/2004 07:33:10 a.m. Transporto a C hacia Mapa49 X:58 Y:66
14/10/2004 07:36:16 a.m. Transporto a C hacia Mapa151 X:70 Y:50
14/10/2004 07:36:17 a.m. Transporto a C hacia Mapa151 X:70 Y:44
14/10/2004 07:36:19 a.m. Transporto a C hacia Mapa151 X:68 Y:38
14/10/2004 07:36:19 a.m. Transporto a C hacia Mapa151 X:67 Y:32
14/10/2004 07:36:20 a.m. Transporto a C hacia Mapa151 X:66 Y:26
14/10/2004 07:36:21 a.m. Transporto a C hacia Mapa151 X:65 Y:22
14/10/2004 07:36:33 a.m. Tiro cantidad:200 Objeto:Arco compuesto reforzado
14/10/2004 07:36:45 a.m. /IRA CCCC Mapa:49 X:60 Y:66
14/10/2004 07:36:48 a.m. Tiro cantidad:1 Objeto:Casco de hierro completo
16/10/2004 11:34:45 a.m. Se conecto con ip:127.0.0.1
16/10/2004 11:34:50 a.m. /MATA NPC SIN INICIAR
16/10/2004 11:34:55 a.m. Transporto a C hacia Mapa49 X:60 Y:68
16/10/2004 11:40:47 a.m. Se conecto con ip:127.0.0.1
16/10/2004 11:41:06 a.m. /MATA NPC SIN INICIAR
16/10/2004 11:41:08 a.m. Transporto a C hacia Mapa49 X:61 Y:68
16/10/2004 11:41:24 a.m. Transporto a C hacia Mapa49 X:62 Y:66
16/10/2004 12:12:03 p.m. Se conecto con ip:127.0.0.1
16/10/2004 12:12:11 p.m. /MATA NPC SIN INICIAR
16/10/2004 12:12:12 p.m. Transporto a C hacia Mapa49 X:62 Y:66
16/10/2004 12:12:48 p.m. Transporto a C hacia Mapa49 X:61 Y:67
16/10/2004 12:12:48 p.m. Transporto a C hacia Mapa49 X:61 Y:67
16/10/2004 12:13:01 p.m. /CI: 334
16/10/2004 12:13:03 p.m. /DEST
16/10/2004 12:13:35 p.m. Se conecto con ip:127.0.0.1
16/10/2004 12:16:39 p.m. Se conecto con ip:127.0.0.1
16/10/2004 12:16:41 p.m. Transporto a C hacia Mapa49 X:61 Y:68
16/10/2004 12:16:42 p.m. Transporto a C hacia Mapa49 X:61 Y:68
16/10/2004 12:16:43 p.m. Transporto a C hacia Mapa49 X:61 Y:68
16/10/2004 12:19:36 p.m. Se conecto con ip:127.0.0.1
16/10/2004 12:19:37 p.m. Transporto a C hacia Mapa49 X:63 Y:69
16/10/2004 12:19:38 p.m. Transporto a C hacia Mapa49 X:62 Y:67
16/10/2004 12:25:45 p.m. Se conecto con ip:127.0.0.1
16/10/2004 12:25:47 p.m. Transporto a C hacia Mapa49 X:63 Y:67
16/10/2004 12:32:40 p.m. Se conecto con ip:127.0.0.1
16/10/2004 12:32:41 p.m. Transporto a C hacia Mapa49 X:65 Y:68
16/10/2004 12:32:44 p.m. /MATA NPC SIN INICIAR
16/10/2004 12:36:36 p.m. Se conecto con ip:127.0.0.1
16/10/2004 12:37:18 p.m. Se conecto con ip:127.0.0.1
16/10/2004 12:37:19 p.m. Transporto a C hacia Mapa49 X:66 Y:68
17/10/2004 10:49:04 a.m. Se conecto con ip:127.0.0.1
17/10/2004 10:49:08 a.m. /MATA NPC SIN INICIAR
17/10/2004 10:49:09 a.m. Transporto a C hacia Mapa49 X:63 Y:67
17/10/2004 10:49:23 a.m. Transporto a C hacia Mapa49 X:62 Y:67
17/10/2004 10:49:25 a.m. Transporto a C hacia Mapa49 X:58 Y:67
17/10/2004 10:50:29 a.m. Se conecto con ip:127.0.0.1
17/10/2004 10:50:38 a.m. Transporto a C hacia Mapa49 X:62 Y:67
17/10/2004 10:51:00 a.m. Se conecto con ip:127.0.0.1
17/10/2004 10:51:02 a.m. Transporto a C hacia Mapa49 X:61 Y:70
17/10/2004 10:54:19 a.m. Se conecto con ip:127.0.0.1
17/10/2004 10:54:23 a.m. /MATA NPC SIN INICIAR
05/11/2004 11:43:03 p.m. Se conecto con ip:127.0.0.1
05/11/2004 11:43:42 p.m. Se conecto con ip:127.0.0.1
05/11/2004 11:43:47 p.m. Transporto a C hacia Mapa49 X:62 Y:61
05/11/2004 11:43:53 p.m. Transporto a C hacia Mapa49 X:61 Y:64
05/11/2004 11:44:35 p.m. Se conecto con ip:127.0.0.1
05/11/2004 11:44:39 p.m. Transporto a C hacia Mapa49 X:59 Y:67
05/11/2004 11:45:14 p.m. /SUM A Map:49 X:59 Y:67
05/11/2004 11:45:22 p.m. Transporto a C hacia Mapa49 X:65 Y:66
05/11/2004 11:45:43 p.m. Transporto a C hacia Mapa49 X:65 Y:67
05/11/2004 11:45:57 p.m. Transporto a C hacia Mapa2 X:50 Y:50
05/11/2004 11:45:59 p.m. /SUM A Map:2 X:50 Y:50
07/11/2004 08:46:58 p.m. Se conecto con ip:127.0.0.1
07/11/2004 08:47:06 p.m. Transporto a C hacia Mapa49 X:50 Y:50
07/11/2004 08:47:08 p.m. Transporto a C hacia Mapa49 X:47 Y:47
07/11/2004 08:49:18 p.m. Transporto a C hacia Mapa49 X:51 Y:49
07/11/2004 08:50:43 p.m. Tiro cantidad:1 Objeto:Ropa de enano
07/11/2004 08:52:07 p.m. Tiro cantidad:1 Objeto:Objetos Vodoo Satanicos
07/11/2004 08:52:09 p.m. Transporto a C hacia Mapa49 X:46 Y:46
07/11/2004 08:52:13 p.m. Tiro cantidad:1 Objeto:Objetos Vodoo Satanicos
07/11/2004 08:52:14 p.m. Transporto a C hacia Mapa49 X:38 Y:46
07/11/2004 08:52:16 p.m. Tiro cantidad:1 Objeto:Objetos Vodoo Satanicos
07/11/2004 08:52:17 p.m. Transporto a C hacia Mapa49 X:42 Y:42
07/11/2004 08:52:19 p.m. Tiro cantidad:1 Objeto:Objetos Vodoo Satanicos
07/11/2004 08:52:21 p.m. Transporto a C hacia Mapa49 X:47 Y:42
07/11/2004 08:52:23 p.m. Tiro cantidad:1 Objeto:Objetos Vodoo Satanicos
07/11/2004 08:52:24 p.m. Transporto a C hacia Mapa49 X:41 Y:42
07/11/2004 08:52:25 p.m. Transporto a C hacia Mapa49 X:37 Y:42
07/11/2004 08:52:26 p.m. Tiro cantidad:1 Objeto:Objetos Vodoo Satanicos
09/11/2004 06:48:14 p.m. Se conecto con ip:127.0.0.1
09/11/2004 06:48:18 p.m. Transporto a C hacia Mapa49 X:42 Y:43
28/11/2004 02:51:57 a.m. Se conecto con ip:127.0.0.1
28/11/2004 02:56:36 a.m. Se conecto con ip:127.0.0.1
28/11/2004 02:57:48 a.m. Transporto a C hacia Mapa49 X:42 Y:47
28/11/2004 02:57:48 a.m. Transporto a C hacia Mapa49 X:47 Y:48
28/11/2004 03:02:13 a.m. Se conecto con ip:127.0.0.1
28/11/2004 03:04:03 a.m. Se conecto con ip:127.0.0.1
28/11/2004 12:56:16 p.m. Se conecto con ip:127.0.0.1
28/11/2004 01:29:55 p.m. Se conecto con ip:127.0.0.1
28/11/2004 01:45:41 p.m. Se conecto con ip:127.0.0.1
28/11/2004 03:08:50 p.m. Se conecto con ip:127.0.0.1
28/11/2004 03:16:00 p.m. Se conecto con ip:127.0.0.1
28/11/2004 03:30:41 p.m. Se conecto con ip:127.0.0.1
28/11/2004 03:30:45 p.m. Transporto a C hacia Mapa2 X:34 Y:45
28/11/2004 03:30:46 p.m. Transporto a C hacia Mapa2 X:32 Y:45
28/11/2004 03:36:11 p.m. Se conecto con ip:127.0.0.1
28/11/2004 03:36:14 p.m. Transporto a C hacia Mapa2 X:36 Y:45
28/11/2004 03:36:14 p.m. Transporto a C hacia Mapa2 X:31 Y:45
28/11/2004 03:36:15 p.m. Transporto a C hacia Mapa2 X:32 Y:45
28/11/2004 03:38:17 p.m. Se conecto con ip:127.0.0.1
28/11/2004 03:38:20 p.m. Transporto a C hacia Mapa2 X:34 Y:45
28/11/2004 03:40:58 p.m. Transporto a C hacia Mapa2 X:39 Y:42
28/11/2004 03:41:06 p.m. Transporto a C hacia Mapa2 X:33 Y:35
28/11/2004 03:41:32 p.m. Sumoneo Araña gigante
28/11/2004 03:41:34 p.m. Transporto a C hacia Mapa2 X:34 Y:35
28/11/2004 03:42:38 p.m. /mod c level 9999
28/11/2004 03:45:02 p.m. /SUM A Map:2 X:35 Y:40
28/11/2004 03:45:05 p.m. Transporto a C hacia Mapa2 X:33 Y:41
28/11/2004 03:47:21 p.m. Transporto a C hacia Mapa2 X:31 Y:39
28/11/2004 03:47:21 p.m. Transporto a C hacia Mapa2 X:32 Y:39
28/11/2004 03:47:31 p.m. Transporto a C hacia Mapa2 X:32 Y:39
28/11/2004 03:47:31 p.m. Transporto a C hacia Mapa2 X:32 Y:39
28/11/2004 03:59:11 p.m. Se conecto con ip:127.0.0.1
28/11/2004 03:59:12 p.m. Transporto a C hacia Mapa2 X:33 Y:45
28/11/2004 03:59:35 p.m. /SUM A Map:2 X:33 Y:45
28/11/2004 04:04:32 p.m. Se conecto con ip:127.0.0.1
28/11/2004 04:04:43 p.m. Transporto a C hacia Mapa2 X:33 Y:44
28/11/2004 04:04:47 p.m. /SUM A Map:2 X:33 Y:44
28/11/2004 04:10:17 p.m. Transporto a C hacia Mapa2 X:34 Y:45
28/11/2004 04:10:20 p.m. /SUM A Map:2 X:34 Y:45
28/11/2004 04:10:21 p.m. Transporto a C hacia Mapa2 X:33 Y:44
28/11/2004 04:10:25 p.m. Sumoneo Araña gigante
28/11/2004 04:10:26 p.m. Transporto a C hacia Mapa2 X:34 Y:44
28/11/2004 04:14:46 p.m. Transporto a C hacia Mapa2 X:33 Y:43
28/11/2004 04:14:48 p.m. Agarro:176 Objeto:Monedas de oro
28/11/2004 04:15:03 p.m. /mod c exp 100000
28/11/2004 04:16:13 p.m. Se conecto con ip:127.0.0.1
28/11/2004 04:16:31 p.m. /SUM C Map:2 X:32 Y:46
28/11/2004 04:16:34 p.m. /SUM A Map:2 X:32 Y:46
28/11/2004 04:18:46 p.m. Transporto a C hacia Mapa2 X:34 Y:47
28/11/2004 04:19:11 p.m. /SUM A Map:2 X:35 Y:47
28/11/2004 04:19:29 p.m. Transporto a C hacia Mapa2 X:34 Y:48
28/11/2004 04:19:33 p.m. Sumoneo Araña gigante
28/11/2004 04:19:34 p.m. Transporto a C hacia Mapa2 X:35 Y:47
28/11/2004 04:24:13 p.m. Se conecto con ip:127.0.0.1
28/11/2004 04:24:46 p.m. Sumoneo Araña gigante
28/11/2004 04:24:47 p.m. Transporto a C hacia Mapa2 X:35 Y:44
28/11/2004 04:28:19 p.m. Transporto a C hacia Mapa2 X:33 Y:47
28/11/2004 04:28:41 p.m. /SUM A Map:2 X:33 Y:48
28/11/2004 06:30:51 p.m. Se conecto con ip:127.0.0.1
28/11/2004 06:31:54 p.m. Se conecto con ip:127.0.0.1
28/11/2004 06:32:12 p.m. Transporto a C hacia Mapa2 X:32 Y:44
28/11/2004 06:32:27 p.m. Sumoneo Goblin
28/11/2004 06:33:16 p.m. /DEST
28/11/2004 06:34:34 p.m. /SUM C Map:2 X:31 Y:45
28/11/2004 06:34:38 p.m. /SUM A Map:2 X:31 Y:44
28/11/2004 06:35:14 p.m. Transporto a C hacia Mapa2 X:35 Y:41
28/11/2004 06:35:18 p.m. Sumoneo Gallo Salvaje
28/11/2004 06:35:19 p.m. Transporto a C hacia Mapa2 X:32 Y:40
28/11/2004 06:36:13 p.m. Transporto a C hacia Mapa2 X:35 Y:47
28/11/2004 06:36:17 p.m. Sumoneo Gallo Salvaje
28/11/2004 06:36:18 p.m. Transporto a C hacia Mapa2 X:32 Y:47
28/11/2004 06:41:22 p.m. Se conecto con ip:127.0.0.1
28/11/2004 06:41:41 p.m. /grabar
28/11/2004 06:42:46 p.m. Transporto a C hacia Mapa2 X:32 Y:46
28/11/2004 06:42:53 p.m. Transporto a C hacia Mapa2 X:28 Y:46
28/11/2004 06:43:21 p.m. /grabar
28/11/2004 06:44:21 p.m. Transporto a C hacia Mapa2 X:16 Y:44
28/11/2004 06:44:22 p.m. Transporto a C hacia Mapa2 X:17 Y:49
28/11/2004 06:44:23 p.m. Transporto a C hacia Mapa2 X:19 Y:53
28/11/2004 06:44:23 p.m. Transporto a C hacia Mapa2 X:21 Y:57
28/11/2004 06:44:24 p.m. Transporto a C hacia Mapa2 X:26 Y:60
28/11/2004 06:44:25 p.m. Transporto a C hacia Mapa2 X:34 Y:59
28/11/2004 06:44:25 p.m. Transporto a C hacia Mapa2 X:41 Y:57
28/11/2004 06:44:26 p.m. Transporto a C hacia Mapa2 X:45 Y:54
28/11/2004 06:44:27 p.m. Transporto a C hacia Mapa2 X:50 Y:50
28/11/2004 06:44:28 p.m. Transporto a C hacia Mapa2 X:49 Y:45
28/11/2004 06:44:28 p.m. Transporto a C hacia Mapa2 X:48 Y:40
28/11/2004 06:44:29 p.m. Transporto a C hacia Mapa2 X:53 Y:35
28/11/2004 06:44:30 p.m. Transporto a C hacia Mapa2 X:56 Y:33
28/11/2004 06:45:04 p.m. /grabar
28/11/2004 06:46:47 p.m. Transporto a C hacia Mapa2 X:58 Y:33
28/11/2004 06:48:45 p.m. /grabar
28/11/2004 10:00:29 p.m. Se conecto con ip:127.0.0.1
28/11/2004 10:01:13 p.m. /SUM A Map:2 X:57 Y:32
28/11/2004 10:02:21 p.m. Transporto a C hacia Mapa2 X:62 Y:28
28/11/2004 10:02:23 p.m. Transporto a C hacia Mapa2 X:64 Y:28
28/11/2004 10:02:36 p.m. Transporto a C hacia Mapa2 X:58 Y:29
28/11/2004 10:10:17 p.m. Se conecto con ip:127.0.0.1
28/11/2004 10:10:18 p.m. Transporto a C hacia Mapa2 X:63 Y:31
28/11/2004 10:11:56 p.m. Se conecto con ip:127.0.0.1
28/11/2004 10:12:03 p.m. Transporto a C hacia Mapa2 X:60 Y:33
29/11/2004 12:01:37 a.m. Se conecto con ip:200.115.215.5
29/11/2004 12:02:44 a.m. /SUM a Map:2 X:61 Y:31
29/11/2004 12:02:48 a.m. Transporto a C hacia Mapa2 X:59 Y:31
29/11/2004 12:08:41 a.m. Transporto a C hacia Mapa2 X:67 Y:29
29/11/2004 12:11:26 a.m. Sumoneo 
29/11/2004 12:11:28 a.m. /CI: 541
29/11/2004 12:11:34 a.m. /CI: 501
29/11/2004 12:11:37 a.m. /CI: 540
29/11/2004 12:11:45 a.m. /CI: 543
29/11/2004 12:11:48 a.m. /CI: 542
29/11/2004 12:11:56 a.m. /CI: 401
29/11/2004 12:12:00 a.m. /CI: 405
29/11/2004 12:12:12 a.m. /CI: 590
29/11/2004 12:12:16 a.m. /CI: 591
29/11/2004 12:12:19 a.m. /CI: 592
29/11/2004 12:12:28 a.m. /CI: 531
29/11/2004 12:12:38 a.m. /CI: 530
29/11/2004 12:12:46 a.m. /CI: 532
29/11/2004 12:12:47 a.m. Agarro:100 Objeto:Apocalipsis
29/11/2004 12:12:49 a.m. Tiro cantidad:99 Objeto:Apocalipsis
29/11/2004 12:12:51 a.m. Agarro:100 Objeto:Inmovilizar
29/11/2004 12:12:54 a.m. Tiro cantidad:99 Objeto:Inmovilizar
29/11/2004 12:13:05 a.m. /CI: 1
29/11/2004 12:13:06 a.m. Agarro:100 Objeto:Manzana Roja
29/11/2004 12:13:20 a.m. /CI: 7
29/11/2004 12:13:22 a.m. /CI: 6
29/11/2004 12:13:24 a.m. /CI: 5
29/11/2004 12:13:28 a.m. /CI: 9
29/11/2004 12:13:30 a.m. /CI: 10
29/11/2004 12:13:32 a.m. /CI: 11
29/11/2004 12:13:33 a.m. /CI: 12
29/11/2004 12:13:35 a.m. /CI: 13
29/11/2004 12:13:38 a.m. /CI: 14
29/11/2004 12:13:40 a.m. /CI: 15
29/11/2004 12:13:49 a.m. Tiro cantidad:82 Objeto:Manzana Roja
29/11/2004 12:13:50 a.m. Agarro:100 Objeto:Jugo de frutas
29/11/2004 12:13:53 a.m. Tiro cantidad:95 Objeto:Jugo de frutas
29/11/2004 12:15:37 a.m. /grabar
29/11/2004 12:17:46 a.m. /grabar
29/11/2004 12:18:07 a.m. /lluvia
29/11/2004 12:18:47 a.m. /apagar
03/12/2004 11:43:21 p.m. Se conecto con ip:127.0.0.1
03/12/2004 11:43:30 p.m. Tiro cantidad:176 Objeto:Monedas de oro
03/12/2004 11:43:31 p.m. Agarro:176 Objeto:Monedas de oro
03/12/2004 11:48:24 p.m. Se conecto con ip:127.0.0.1
03/12/2004 11:48:56 p.m. Transporto a C hacia Mapa2 X:66 Y:29
03/12/2004 11:48:57 p.m. Transporto a C hacia Mapa2 X:62 Y:29
03/12/2004 11:50:04 p.m. Se conecto con ip:127.0.0.1
03/12/2004 11:50:24 p.m. Transporto a C hacia Mapa2 X:57 Y:23
03/12/2004 11:50:29 p.m. Transporto a C hacia Mapa2 X:55 Y:17
03/12/2004 11:50:31 p.m. Transporto a C hacia Mapa2 X:51 Y:13
03/12/2004 11:50:37 p.m. Transporto a C hacia Mapa1 X:55 Y:80
03/12/2004 11:50:37 p.m. Transporto a C hacia Mapa1 X:59 Y:74
03/12/2004 11:50:38 p.m. Transporto a C hacia Mapa1 X:64 Y:68
03/12/2004 11:50:39 p.m. Transporto a C hacia Mapa1 X:68 Y:62
03/12/2004 11:50:40 p.m. Transporto a C hacia Mapa1 X:70 Y:56
03/12/2004 11:50:41 p.m. Transporto a C hacia Mapa1 X:73 Y:51
03/12/2004 11:50:43 p.m. Transporto a C hacia Mapa1 X:73 Y:44
03/12/2004 11:50:45 p.m. Transporto a C hacia Mapa1 X:73 Y:38
03/12/2004 11:50:45 p.m. Transporto a C hacia Mapa1 X:73 Y:35
03/12/2004 11:50:51 p.m. /mod c body 1
03/12/2004 11:50:56 p.m. /mod c body 89
03/12/2004 11:52:48 p.m. Se conecto con ip:127.0.0.1
03/12/2004 11:52:53 p.m. Transporto a C hacia Mapa1 X:72 Y:40
03/12/2004 11:52:54 p.m. Transporto a C hacia Mapa1 X:74 Y:46
03/12/2004 11:52:55 p.m. Transporto a C hacia Mapa1 X:74 Y:51
03/12/2004 11:52:56 p.m. Transporto a C hacia Mapa1 X:69 Y:56
03/12/2004 11:52:56 p.m. Transporto a C hacia Mapa1 X:64 Y:61
03/12/2004 11:52:57 p.m. Transporto a C hacia Mapa1 X:62 Y:66
03/12/2004 11:52:58 p.m. Transporto a C hacia Mapa1 X:64 Y:72
03/12/2004 11:52:59 p.m. Transporto a C hacia Mapa1 X:63 Y:77
03/12/2004 11:53:02 p.m. Tiro cantidad:94 Objeto:Objetos Vodoo Satanicos
03/12/2004 11:53:02 p.m. Agarro:94 Objeto:Objetos Vodoo Satanicos
03/12/2004 11:53:03 p.m. Transporto a C hacia Mapa1 X:56 Y:79
03/12/2004 11:53:04 p.m. Transporto a C hacia Mapa1 X:54 Y:84
03/12/2004 11:53:09 p.m. Transporto a C hacia Mapa2 X:57 Y:16
03/12/2004 11:53:09 p.m. Transporto a C hacia Mapa2 X:59 Y:22
03/12/2004 11:53:09 p.m. Transporto a C hacia Mapa2 X:61 Y:27
08/12/2004 08:52:16 p.m. Se conecto con ip:127.0.0.1
08/12/2004 08:52:19 p.m. Transporto a C hacia Mapa2 X:59 Y:22
08/12/2004 08:52:20 p.m. Transporto a C hacia Mapa2 X:58 Y:18
08/12/2004 08:52:38 p.m. /INVISIBLE
08/12/2004 08:52:42 p.m. /INVISIBLE
08/12/2004 08:53:05 p.m. /CI: 318
08/12/2004 08:53:06 p.m. Agarro:100 Objeto:Invisibilidad
08/12/2004 08:53:11 p.m. Tiro cantidad:99 Objeto:Invisibilidad
08/12/2004 08:58:31 p.m. Se conecto con ip:127.0.0.1
08/12/2004 08:59:29 p.m. Transporto a C hacia Mapa2 X:50 Y:12
08/12/2004 09:00:50 p.m. /SUM A Map:1 X:55 Y:54
08/12/2004 09:21:53 p.m. Se conecto con ip:127.0.0.1
08/12/2004 09:26:45 p.m. Se conecto con ip:127.0.0.1
08/12/2004 09:28:07 p.m. Se conecto con ip:127.0.0.1
08/12/2004 09:31:47 p.m. Se conecto con ip:127.0.0.1
08/12/2004 09:32:01 p.m. Transporto a C hacia Mapa1 X:57 Y:78
08/12/2004 09:32:03 p.m. Transporto a C hacia Mapa1 X:54 Y:80
08/12/2004 09:32:04 p.m. Transporto a C hacia Mapa1 X:54 Y:84
08/12/2004 09:32:06 p.m. Transporto a C hacia Mapa1 X:59 Y:89
08/12/2004 09:32:07 p.m. Transporto a C hacia Mapa1 X:65 Y:89
08/12/2004 09:32:52 p.m. Transporto a C hacia Mapa2 X:57 Y:20
08/12/2004 09:33:04 p.m. Transporto a C hacia Mapa2 X:57 Y:17
08/12/2004 09:33:13 p.m. Transporto a C hacia Mapa2 X:50 Y:50
08/12/2004 09:33:20 p.m. Transporto a C hacia Mapa1 X:50 Y:50
08/12/2004 09:33:43 p.m. Transporto a C hacia Mapa1 X:54 Y:65
08/12/2004 09:33:44 p.m. Transporto a C hacia Mapa1 X:55 Y:60
08/12/2004 09:33:45 p.m. Transporto a C hacia Mapa1 X:58 Y:56
08/12/2004 09:33:45 p.m. Transporto a C hacia Mapa1 X:64 Y:53
08/12/2004 09:33:46 p.m. Transporto a C hacia Mapa1 X:59 Y:48
08/12/2004 09:33:47 p.m. Transporto a C hacia Mapa1 X:63 Y:44
08/12/2004 09:33:47 p.m. Transporto a C hacia Mapa1 X:66 Y:45
08/12/2004 09:33:48 p.m. Transporto a C hacia Mapa1 X:64 Y:46
08/12/2004 09:33:48 p.m. Transporto a C hacia Mapa1 X:63 Y:49
08/12/2004 09:33:48 p.m. Transporto a C hacia Mapa1 X:63 Y:49
08/12/2004 09:33:49 p.m. Transporto a C hacia Mapa1 X:64 Y:49
08/12/2004 09:33:49 p.m. Transporto a C hacia Mapa1 X:64 Y:52
08/12/2004 09:33:51 p.m. Transporto a C hacia Mapa1 X:60 Y:48
08/12/2004 09:33:51 p.m. Transporto a C hacia Mapa1 X:56 Y:44
08/12/2004 09:33:51 p.m. Transporto a C hacia Mapa1 X:52 Y:40
08/12/2004 09:33:52 p.m. Transporto a C hacia Mapa1 X:59 Y:43
08/12/2004 09:33:53 p.m. Transporto a C hacia Mapa1 X:66 Y:47
08/12/2004 09:35:09 p.m. Transporto a C hacia Mapa1 X:63 Y:68
08/12/2004 09:35:09 p.m. Transporto a C hacia Mapa1 X:58 Y:73
08/12/2004 09:35:10 p.m. Transporto a C hacia Mapa1 X:53 Y:78
08/12/2004 09:35:11 p.m. Transporto a C hacia Mapa1 X:55 Y:83
08/12/2004 09:35:12 p.m. Transporto a C hacia Mapa1 X:58 Y:88
08/12/2004 09:35:35 p.m. Transporto a C hacia Mapa1 X:55 Y:76
08/12/2004 09:35:35 p.m. Transporto a C hacia Mapa1 X:58 Y:70
08/12/2004 09:35:37 p.m. Transporto a C hacia Mapa1 X:64 Y:67
08/12/2004 09:35:37 p.m. Transporto a C hacia Mapa1 X:70 Y:63
08/12/2004 09:35:38 p.m. Transporto a C hacia Mapa1 X:68 Y:58
08/12/2004 09:35:39 p.m. Transporto a C hacia Mapa1 X:66 Y:53
08/12/2004 09:35:41 p.m. Transporto a C hacia Mapa1 X:68 Y:47
08/12/2004 09:35:42 p.m. Transporto a C hacia Mapa1 X:74 Y:42
08/12/2004 09:35:43 p.m. Transporto a C hacia Mapa1 X:72 Y:36
08/12/2004 09:35:45 p.m. Transporto a C hacia Mapa1 X:64 Y:31
08/12/2004 09:35:46 p.m. Transporto a C hacia Mapa1 X:60 Y:29
17/12/2004 09:40:54 p.m. Se conecto con ip:127.0.0.1
17/12/2004 09:54:12 p.m. Se conecto con ip:127.0.0.1
17/12/2004 09:54:46 p.m. Transporto a C hacia Mapa1 X:60 Y:33
17/12/2004 09:56:28 p.m. Se conecto con ip:127.0.0.1
17/12/2004 09:59:40 p.m. Transporto a C hacia Mapa1 X:66 Y:62
17/12/2004 09:59:41 p.m. Transporto a C hacia Mapa1 X:59 Y:68
17/12/2004 09:59:42 p.m. Transporto a C hacia Mapa1 X:53 Y:74
17/12/2004 09:59:42 p.m. Transporto a C hacia Mapa1 X:50 Y:79
17/12/2004 09:59:42 p.m. Transporto a C hacia Mapa1 X:52 Y:84
17/12/2004 09:59:43 p.m. Transporto a C hacia Mapa1 X:54 Y:88
18/12/2004 09:33:43 a.m. Se conecto con ip:127.0.0.1
18/12/2004 09:33:55 a.m. Transporto a C hacia Mapa2 X:63 Y:32
18/12/2004 09:34:51 a.m. Transporto a C hacia Mapa2 X:57 Y:22
18/12/2004 09:36:41 a.m. Transporto a C hacia Mapa2 X:62 Y:20
18/12/2004 09:39:24 a.m. Se conecto con ip:127.0.0.1
18/12/2004 09:39:53 a.m. Transporto a C hacia Mapa2 X:60 Y:37
18/12/2004 09:39:56 a.m. Sumoneo Araña gigante
18/12/2004 09:39:59 a.m. Transporto a C hacia Mapa2 X:61 Y:33
18/12/2004 09:40:35 a.m. Transporto a C hacia Mapa2 X:62 Y:36
18/12/2004 09:40:40 a.m. Sumoneo Araña gigante
18/12/2004 09:40:41 a.m. Transporto a C hacia Mapa2 X:62 Y:33
18/12/2004 09:41:16 a.m. Sumoneo a  en mapa 2
18/12/2004 09:41:28 a.m. /MATA NPC SIN INICIAR
18/12/2004 09:41:52 a.m. Transporto a C hacia Mapa2 X:54 Y:23
18/12/2004 09:41:53 a.m. Transporto a C hacia Mapa2 X:58 Y:18
18/12/2004 09:43:04 a.m. Transporto a C hacia Mapa1 X:74 Y:32
18/12/2004 09:43:19 a.m. Transporto a C hacia Mapa1 X:71 Y:33
18/12/2004 09:43:24 a.m. Transporto a C hacia Mapa1 X:69 Y:32
18/12/2004 09:43:28 a.m. Transporto a C hacia Mapa1 X:68 Y:32
18/12/2004 07:06:32 p.m. Se conecto con ip:127.0.0.1
18/12/2004 07:08:22 p.m. Se conecto con ip:127.0.0.1
18/12/2004 07:10:16 p.m. Se conecto con ip:127.0.0.1
18/12/2004 07:32:05 p.m. Se conecto con ip:127.0.0.1
18/12/2004 07:32:26 p.m. Transporto a C hacia Mapa1 X:76 Y:88
18/12/2004 07:33:57 p.m. Transporto a C hacia Mapa1 X:27 Y:83
18/12/2004 07:33:58 p.m. Agarro:1 Objeto:Manzana Roja
18/12/2004 07:34:05 p.m. Numero enemigos en mapa 1
18/12/2004 08:14:55 p.m. Se conecto con ip:127.0.0.1
18/12/2004 08:14:59 p.m. Transporto a C hacia Mapa1 X:69 Y:86
18/12/2004 08:15:05 p.m. /CI: 673
18/12/2004 08:15:08 p.m. Agarro:100 Objeto:Transmutacion
18/12/2004 08:15:19 p.m. Tiro cantidad:100 Objeto:Transmutacion
18/12/2004 08:16:08 p.m. Agarro:100 Objeto:Transmutacion
18/12/2004 08:16:10 p.m. Tiro cantidad:99 Objeto:Transmutacion
18/12/2004 08:17:24 p.m. Se conecto con ip:127.0.0.1
18/12/2004 08:19:37 p.m. Transporto a C hacia Mapa1 X:72 Y:89
18/12/2004 08:19:40 p.m. Transporto a C hacia Mapa1 X:72 Y:85
18/12/2004 08:22:00 p.m. Se conecto con ip:127.0.0.1
18/12/2004 08:27:10 p.m. Se conecto con ip:127.0.0.1
18/12/2004 08:27:14 p.m. Transporto a C hacia Mapa1 X:74 Y:87
18/12/2004 08:33:45 p.m. Se conecto con ip:127.0.0.1
18/12/2004 08:33:50 p.m. Transporto a C hacia Mapa1 X:77 Y:86
18/12/2004 08:34:15 p.m. Transporto a C hacia Mapa1 X:76 Y:87
18/12/2004 08:36:02 p.m. Transporto a C hacia Mapa1 X:77 Y:89
18/12/2004 08:36:08 p.m. Transporto a C hacia Mapa1 X:76 Y:87
18/12/2004 08:44:43 p.m. Se conecto con ip:127.0.0.1
18/12/2004 08:45:10 p.m. Transporto a C hacia Mapa1 X:75 Y:86
18/12/2004 09:09:00 p.m. Se conecto con ip:127.0.0.1
18/12/2004 09:45:14 p.m. Se conecto con ip:127.0.0.1
18/12/2004 09:45:19 p.m. Transporto a C hacia Mapa1 X:76 Y:85
18/12/2004 09:45:20 p.m. Transporto a C hacia Mapa1 X:76 Y:86
18/12/2004 09:46:30 p.m. /CI: 5
18/12/2004 09:46:33 p.m. /CI: 1
18/12/2004 09:46:37 p.m. /CI: 5
18/12/2004 09:46:39 p.m. /CI: 7
18/12/2004 09:46:42 p.m. /DEST
18/12/2004 09:46:51 p.m. /CI: 10
18/12/2004 09:46:53 p.m. /CI: 11
18/12/2004 09:46:55 p.m. /CI: 12
18/12/2004 09:46:57 p.m. /CI: 13
18/12/2004 09:47:00 p.m. /CI: 14
18/12/2004 09:47:02 p.m. Transporto a C hacia Mapa1 X:71 Y:82
18/12/2004 09:47:03 p.m. Transporto a C hacia Mapa1 X:64 Y:82
18/12/2004 09:47:04 p.m. Transporto a C hacia Mapa1 X:59 Y:78
18/12/2004 09:47:04 p.m. Transporto a C hacia Mapa1 X:53 Y:77
18/12/2004 09:47:05 p.m. Transporto a C hacia Mapa1 X:47 Y:77
18/12/2004 09:47:07 p.m. Transporto a C hacia Mapa1 X:41 Y:72
18/12/2004 09:47:08 p.m. Transporto a C hacia Mapa1 X:37 Y:67
18/12/2004 09:47:09 p.m. Transporto a C hacia Mapa1 X:35 Y:65
18/12/2004 09:47:19 p.m. Transporto a C hacia Mapa1 X:42 Y:67
18/12/2004 09:47:19 p.m. Transporto a C hacia Mapa1 X:49 Y:70
18/12/2004 09:47:20 p.m. Transporto a C hacia Mapa1 X:56 Y:73
18/12/2004 09:47:20 p.m. Transporto a C hacia Mapa1 X:63 Y:76
18/12/2004 09:47:21 p.m. Transporto a C hacia Mapa1 X:70 Y:79
18/12/2004 09:47:21 p.m. Transporto a C hacia Mapa1 X:77 Y:82
18/12/2004 09:47:23 p.m. Transporto a C hacia Mapa1 X:80 Y:83
18/12/2004 09:47:29 p.m. /MASSDEST
18/12/2004 09:47:38 p.m. /DEST
18/12/2004 09:54:29 p.m. Se conecto con ip:127.0.0.1
18/12/2004 09:54:35 p.m. Transporto a C hacia Mapa1 X:80 Y:86
18/12/2004 09:55:21 p.m. Transporto a C hacia Mapa1 X:79 Y:82
18/12/2004 09:55:21 p.m. Transporto a C hacia Mapa1 X:75 Y:81
18/12/2004 09:55:22 p.m. Transporto a C hacia Mapa1 X:70 Y:80
18/12/2004 09:55:22 p.m. Transporto a C hacia Mapa1 X:64 Y:77
18/12/2004 09:55:22 p.m. Transporto a C hacia Mapa1 X:57 Y:77
18/12/2004 09:55:23 p.m. Transporto a C hacia Mapa1 X:51 Y:76
18/12/2004 09:55:24 p.m. Transporto a C hacia Mapa1 X:44 Y:75
18/12/2004 09:55:24 p.m. Transporto a C hacia Mapa1 X:41 Y:70
18/12/2004 09:55:25 p.m. Transporto a C hacia Mapa1 X:35 Y:64
18/12/2004 09:55:34 p.m. /IRA A Mapa:1 X:83 Y:83
18/12/2004 09:55:37 p.m. Tiro cantidad:1 Objeto:Espada larga
18/12/2004 09:55:38 p.m. Transporto a C hacia Mapa1 X:82 Y:86
18/12/2004 09:58:33 p.m. Transporto a C hacia Mapa1 X:86 Y:83
18/12/2004 09:59:31 p.m. Transporto a C hacia Mapa1 X:83 Y:86
18/12/2004 10:00:25 p.m. Transporto a C hacia Mapa1 X:84 Y:86
19/12/2004 11:10:54 a.m. Se conecto con ip:127.0.0.1
19/12/2004 11:10:58 a.m. Transporto a C hacia Mapa1 X:84 Y:85
19/12/2004 11:17:19 a.m. Se conecto con ip:127.0.0.1
19/12/2004 11:17:50 a.m. Transporto a C hacia Mapa1 X:84 Y:85
19/12/2004 11:28:40 a.m. Se conecto con ip:127.0.0.1
19/12/2004 12:27:23 p.m. Se conecto con ip:127.0.0.1
19/12/2004 12:30:49 p.m. Se conecto con ip:127.0.0.1
19/12/2004 12:33:34 p.m. Se conecto con ip:127.0.0.1
19/12/2004 12:35:58 p.m. Transporto a C hacia Mapa1 X:80 Y:81
19/12/2004 12:36:09 p.m. Transporto a C hacia Mapa1 X:80 Y:86
19/12/2004 12:36:12 p.m. Transporto a C hacia Mapa1 X:80 Y:81
19/12/2004 12:36:13 p.m. Transporto a C hacia Mapa1 X:81 Y:78
19/12/2004 12:36:22 p.m. Transporto a C hacia Mapa1 X:81 Y:76
20/12/2004 07:28:39 p.m. Se conecto con ip:127.0.0.1
20/12/2004 07:28:52 p.m. Transporto a C hacia Mapa1 X:79 Y:74
20/12/2004 07:30:03 p.m. BANCLAN a eva
20/12/2004 07:31:05 p.m. Se conecto con ip:127.0.0.1
20/12/2004 07:31:09 p.m. Transporto a C hacia Mapa1 X:81 Y:72
20/12/2004 07:31:19 p.m. BANCLAN a eva
20/12/2004 07:32:50 p.m. Se conecto con ip:127.0.0.1
20/12/2004 07:33:02 p.m. BANCLAN a eva
21/12/2004 07:56:24 p.m. Se conecto con ip:127.0.0.1
21/12/2004 07:56:32 p.m. Transporto a C hacia Mapa1 X:69 Y:72
21/12/2004 07:56:37 p.m. /mod c body 160
21/12/2004 07:57:14 p.m. /mod c body 161
21/12/2004 07:57:18 p.m. /mod c body 162
21/12/2004 07:57:21 p.m. /mod c body 161
21/12/2004 07:57:27 p.m. /mod c body 157
21/12/2004 07:57:38 p.m. /mod c body 153
21/12/2004 07:57:58 p.m. /mod c body 152
21/12/2004 07:58:08 p.m. /mod c body 154
21/12/2004 07:58:14 p.m. /mod c head 0
21/12/2004 07:58:19 p.m. /mod c head 200
21/12/2004 07:58:22 p.m. /mod c head 201
21/12/2004 07:58:28 p.m. /mod c body 162
21/12/2004 07:58:32 p.m. /mod c body 161
21/12/2004 07:59:35 p.m. /mod c body 155
21/12/2004 11:54:16 p.m. Se conecto con ip:200.115.214.237
21/12/2004 11:54:27 p.m. /IRA a Mapa:145 X:25 Y:47
21/12/2004 11:54:32 p.m. Transporto a C hacia Mapa145 X:27 Y:47
21/12/2004 11:54:52 p.m. Transporto a C hacia Mapa145 X:27 Y:47
21/12/2004 11:55:05 p.m. /mod c lvl 5000
21/12/2004 11:55:16 p.m. /mod c level 5000
21/12/2004 11:55:28 p.m. /mod a level 5000
21/12/2004 11:55:31 p.m. Transporto a C hacia Mapa145 X:27 Y:42
21/12/2004 11:55:32 p.m. Transporto a C hacia Mapa145 X:32 Y:45
21/12/2004 11:55:32 p.m. Transporto a C hacia Mapa145 X:33 Y:50
21/12/2004 11:55:33 p.m. Transporto a C hacia Mapa145 X:29 Y:54
21/12/2004 11:55:34 p.m. Transporto a C hacia Mapa145 X:29 Y:58
21/12/2004 11:56:08 p.m. Numero enemigos en mapa 145
21/12/2004 11:56:13 p.m. Transporto a C hacia Mapa145 X:21 Y:54
21/12/2004 11:56:18 p.m. Transporto a C hacia Mapa145 X:27 Y:52
21/12/2004 11:56:19 p.m. Transporto a C hacia Mapa145 X:33 Y:50
21/12/2004 11:56:19 p.m. Transporto a C hacia Mapa145 X:39 Y:48
21/12/2004 11:56:20 p.m. Transporto a C hacia Mapa145 X:45 Y:46
21/12/2004 11:56:21 p.m. /IRA a Mapa:145 X:77 Y:33
21/12/2004 11:56:28 p.m. Transporto a C hacia Mapa145 X:75 Y:35
21/12/2004 11:56:29 p.m. Transporto a C hacia Mapa145 X:71 Y:34
21/12/2004 11:56:38 p.m. Transporto a C hacia Mapa145 X:70 Y:29
21/12/2004 11:56:40 p.m. Transporto a C hacia Mapa145 X:64 Y:34
21/12/2004 11:56:41 p.m. Transporto a C hacia Mapa145 X:71 Y:38
21/12/2004 11:56:43 p.m. /IRA a Mapa:145 X:25 Y:47
21/12/2004 11:56:45 p.m. Transporto a C hacia Mapa145 X:26 Y:46
21/12/2004 11:56:51 p.m. Transporto a C hacia Mapa145 X:29 Y:49
21/12/2004 11:56:52 p.m. Transporto a C hacia Mapa145 X:31 Y:50
21/12/2004 11:56:52 p.m. Transporto a C hacia Mapa145 X:31 Y:51
21/12/2004 11:56:52 p.m. Transporto a C hacia Mapa145 X:31 Y:51
21/12/2004 11:56:52 p.m. Transporto a C hacia Mapa145 X:31 Y:51
21/12/2004 11:56:52 p.m. Transporto a C hacia Mapa145 X:31 Y:51
21/12/2004 11:57:08 p.m. Transporto a C hacia Mapa145 X:30 Y:51
21/12/2004 11:57:44 p.m. Transporto a C hacia Mapa145 X:37 Y:51
26/12/2004 01:03:02 p.m. Se conecto con ip:192.168.100.2
26/12/2004 01:03:24 p.m. /IRA A Mapa:2 X:62 Y:21
26/12/2004 01:06:10 p.m. Se conecto con ip:192.168.100.2
26/12/2004 07:48:25 p.m. Se conecto con ip:192.168.1.1
26/12/2004 07:48:31 p.m. Transporto a C hacia Mapa2 X:55 Y:18
26/12/2004 07:48:38 p.m. Transporto a C hacia Mapa1 X:58 Y:87
26/12/2004 07:48:39 p.m. Transporto a C hacia Mapa1 X:60 Y:82
26/12/2004 09:16:17 p.m. Se conecto con ip:200.115.214.237
26/12/2004 09:16:19 p.m. Transporto a C hacia Mapa1 X:70 Y:55
26/12/2004 09:17:14 p.m. Se conecto con ip:200.115.214.237
26/12/2004 09:17:58 p.m. /IRA A Mapa:20 X:50 Y:50
26/12/2004 09:18:36 p.m. Transporto a C hacia Mapa20 X:26 Y:89
26/12/2004 09:18:59 p.m. /CI: 474
26/12/2004 09:19:01 p.m. Agarro:100 Objeto:Barca
26/12/2004 09:19:03 p.m. Tiro cantidad:1 Objeto:Barca
26/12/2004 09:19:34 p.m. /mod a skills navegacion 90
26/12/2004 09:19:46 p.m. Se conecto con ip:168.226.232.218
26/12/2004 09:20:32 p.m. Transporto a C hacia Mapa139 X:49 Y:45
26/12/2004 09:20:33 p.m. Transporto a C hacia Mapa139 X:50 Y:47
26/12/2004 09:20:37 p.m. Transporto a C hacia Mapa139 X:55 Y:42
26/12/2004 09:20:38 p.m. Transporto a C hacia Mapa139 X:57 Y:37
26/12/2004 09:20:39 p.m. Transporto a C hacia Mapa139 X:55 Y:32
26/12/2004 09:20:39 p.m. Transporto a C hacia Mapa139 X:52 Y:27
26/12/2004 09:20:40 p.m. Transporto a C hacia Mapa139 X:49 Y:22
26/12/2004 09:20:43 p.m. Transporto a C hacia Mapa139 X:47 Y:17
26/12/2004 09:20:45 p.m. Transporto a C hacia Mapa139 X:45 Y:12
26/12/2004 09:20:57 p.m. Tiro cantidad:100 Objeto:Vara de fresno
26/12/2004 09:20:59 p.m. Transporto a C hacia Mapa139 X:43 Y:12
26/12/2004 09:21:01 p.m. Tiro cantidad:1 Objeto:Espada larga
26/12/2004 09:21:13 p.m. Agarro:10000 Objeto:Lingote de plata
26/12/2004 09:21:17 p.m. Tiro cantidad:10000 Objeto:Lingote de plata
26/12/2004 09:21:19 p.m. Agarro:100 Objeto:Vara de fresno
26/12/2004 09:21:20 p.m. Agarro:1 Objeto:Espada larga
26/12/2004 09:56:36 p.m. Se conecto con ip:200.115.214.237
26/12/2004 09:57:03 p.m. Transporto a C hacia Mapa20 X:50 Y:80
26/12/2004 09:57:11 p.m. Transporto a C hacia Mapa20 X:46 Y:86
26/12/2004 09:57:12 p.m. Transporto a C hacia Mapa20 X:43 Y:86
26/12/2004 09:57:12 p.m. Transporto a C hacia Mapa20 X:39 Y:85
26/12/2004 09:57:13 p.m. Transporto a C hacia Mapa20 X:34 Y:85
26/12/2004 09:57:14 p.m. Transporto a C hacia Mapa20 X:29 Y:85
26/12/2004 09:57:35 p.m. Transporto a C hacia Mapa1 X:50 Y:50
26/12/2004 09:57:37 p.m. Transporto a C hacia Mapa1 X:51 Y:55
26/12/2004 09:57:37 p.m. Transporto a C hacia Mapa1 X:52 Y:60
26/12/2004 09:57:38 p.m. Transporto a C hacia Mapa1 X:49 Y:62
26/12/2004 09:57:40 p.m. /trigger
26/12/2004 09:57:41 p.m. /IRA a Mapa:20 X:21 Y:75
26/12/2004 09:57:43 p.m. Transporto a C hacia Mapa20 X:21 Y:79
26/12/2004 09:57:47 p.m. /trigger 1
26/12/2004 09:57:48 p.m. /trigger 1
26/12/2004 09:57:48 p.m. /trigger 1
26/12/2004 09:57:49 p.m. /trigger 1
26/12/2004 09:57:50 p.m. /trigger 1
26/12/2004 09:57:50 p.m. /trigger 1
26/12/2004 09:57:52 p.m. /trigger 1
26/12/2004 09:57:53 p.m. /trigger 1
26/12/2004 09:57:54 p.m. /trigger 1
26/12/2004 09:57:54 p.m. /trigger 1
26/12/2004 09:57:55 p.m. /trigger 1
26/12/2004 09:57:56 p.m. /trigger 1
26/12/2004 09:57:57 p.m. /trigger 1
26/12/2004 09:57:57 p.m. /trigger 1
26/12/2004 09:57:58 p.m. /trigger 1
26/12/2004 09:57:59 p.m. /trigger 1
26/12/2004 09:57:59 p.m. /trigger 1
26/12/2004 09:58:00 p.m. /trigger 1
26/12/2004 09:58:01 p.m. /trigger 1
26/12/2004 09:58:01 p.m. /trigger 1
26/12/2004 09:58:02 p.m. /trigger 1
26/12/2004 09:58:03 p.m. /trigger 1
26/12/2004 09:58:05 p.m. /trigger 1
26/12/2004 09:58:06 p.m. /trigger 1
26/12/2004 09:58:06 p.m. /trigger 1
26/12/2004 09:58:09 p.m. /trigger 1
26/12/2004 09:58:10 p.m. /trigger 1
26/12/2004 09:58:12 p.m. /trigger 1
26/12/2004 09:58:14 p.m. /trigger 1
26/12/2004 09:58:15 p.m. /trigger 1
26/12/2004 09:58:16 p.m. /trigger 1
26/12/2004 09:58:16 p.m. /trigger 1
26/12/2004 09:58:17 p.m. /trigger 1
26/12/2004 09:58:18 p.m. /trigger 1
26/12/2004 09:58:19 p.m. /trigger 1
26/12/2004 09:58:22 p.m. /trigger 1
26/12/2004 09:58:23 p.m. /trigger 1
26/12/2004 09:58:25 p.m. Transporto a C hacia Mapa20 X:22 Y:80
26/12/2004 09:58:26 p.m. Transporto a C hacia Mapa20 X:24 Y:79
26/12/2004 09:58:30 p.m. Transporto a C hacia Mapa20 X:27 Y:83
26/12/2004 09:58:37 p.m. Transporto a C hacia Mapa15 X:50 Y:50
26/12/2004 09:58:39 p.m. /IRA a Mapa:20 X:20 Y:81
29/12/2004 09:43:29 p.m. Se conecto con ip:200.115.214.237
29/12/2004 09:43:39 p.m. Transporto a C hacia Mapa49 X:50 Y:50
29/12/2004 09:43:41 p.m. Transporto a C hacia Mapa49 X:56 Y:47
29/12/2004 09:43:42 p.m. Transporto a C hacia Mapa49 X:54 Y:48
29/12/2004 09:43:58 p.m. Se conecto con ip:200.115.214.237
29/12/2004 09:44:04 p.m. Sumoneo Araña gigante
29/12/2004 09:44:10 p.m. /mod c level 20
29/12/2004 09:47:38 p.m. Se conecto con ip:127.0.0.1
29/12/2004 09:50:33 p.m. Se conecto con ip:127.0.0.1
29/12/2004 09:52:04 p.m. Transporto a C hacia Mapa49 X:50 Y:48
29/12/2004 09:55:08 p.m. Transporto a C hacia Mapa37 X:50 Y:50
29/12/2004 09:55:09 p.m. Transporto a C hacia Mapa37 X:55 Y:53
29/12/2004 09:55:10 p.m. Transporto a C hacia Mapa37 X:61 Y:58
29/12/2004 09:55:10 p.m. Transporto a C hacia Mapa37 X:67 Y:63
29/12/2004 09:55:11 p.m. Transporto a C hacia Mapa37 X:67 Y:68
29/12/2004 09:55:12 p.m. Transporto a C hacia Mapa37 X:70 Y:73
29/12/2004 09:55:12 p.m. Transporto a C hacia Mapa37 X:73 Y:78
29/12/2004 09:55:15 p.m. Transporto a C hacia Mapa37 X:72 Y:79
29/12/2004 09:55:26 p.m. Tiro cantidad:200 Objeto:Cota de mallas (E/G)
29/12/2004 09:55:45 p.m. Sumoneo Araña gigante
29/12/2004 09:56:12 p.m. /MATA NPC SIN INICIAR
01/01/2005 04:06:13 p.m. Se conecto con ip:127.0.0.1
01/01/2005 04:06:17 p.m. Transporto a C hacia Mapa37 X:75 Y:82
01/01/2005 04:06:30 p.m. Se conecto con ip:127.0.0.1
01/01/2005 04:06:35 p.m. Transporto a C hacia Mapa37 X:50 Y:50
01/01/2005 04:06:37 p.m. Transporto a C hacia Mapa37 X:50 Y:54
01/01/2005 04:06:38 p.m. Transporto a C hacia Mapa37 X:51 Y:58
01/01/2005 04:06:38 p.m. Transporto a C hacia Mapa37 X:52 Y:62
01/01/2005 04:06:39 p.m. Transporto a C hacia Mapa37 X:50 Y:67
01/01/2005 04:06:39 p.m. Transporto a C hacia Mapa37 X:46 Y:72
01/01/2005 04:06:40 p.m. Transporto a C hacia Mapa37 X:41 Y:78
01/01/2005 04:06:40 p.m. Transporto a C hacia Mapa37 X:44 Y:82
01/01/2005 04:06:41 p.m. Transporto a C hacia Mapa37 X:39 Y:87
01/01/2005 04:06:53 p.m. /MASSKILL
01/01/2005 04:07:34 p.m. Transporto a C hacia Mapa168 X:50 Y:50
01/01/2005 04:07:38 p.m. Transporto a C hacia Mapa168 X:57 Y:55
01/01/2005 04:07:38 p.m. Transporto a C hacia Mapa168 X:50 Y:60
01/01/2005 04:07:39 p.m. Transporto a C hacia Mapa168 X:43 Y:65
01/01/2005 04:07:40 p.m. Transporto a C hacia Mapa168 X:35 Y:68
01/01/2005 04:07:40 p.m. Transporto a C hacia Mapa168 X:30 Y:70
01/01/2005 04:07:44 p.m. Transporto a C hacia Mapa167 X:50 Y:50
01/01/2005 04:07:45 p.m. Transporto a C hacia Mapa167 X:57 Y:52
01/01/2005 04:07:46 p.m. Transporto a C hacia Mapa167 X:63 Y:54
01/01/2005 04:07:47 p.m. Transporto a C hacia Mapa167 X:57 Y:58
01/01/2005 04:07:48 p.m. Transporto a C hacia Mapa167 X:61 Y:59
01/01/2005 04:07:49 p.m. Transporto a C hacia Mapa167 X:65 Y:62
01/01/2005 04:07:50 p.m. Transporto a C hacia Mapa167 X:69 Y:65
01/01/2005 04:07:50 p.m. Transporto a C hacia Mapa167 X:73 Y:69
01/01/2005 04:07:50 p.m. Transporto a C hacia Mapa167 X:77 Y:74
01/01/2005 04:07:51 p.m. Transporto a C hacia Mapa167 X:76 Y:79
01/01/2005 04:07:51 p.m. Transporto a C hacia Mapa167 X:78 Y:84
01/01/2005 04:07:52 p.m. Transporto a C hacia Mapa167 X:81 Y:89
01/01/2005 04:07:52 p.m. Transporto a C hacia Mapa167 X:85 Y:91
01/01/2005 04:08:06 p.m. /MASSKILL
01/01/2005 04:08:09 p.m. /MASSKILL
01/01/2005 04:08:23 p.m. /MASSKILL
01/01/2005 04:08:33 p.m. /MASSKILL
01/01/2005 04:08:42 p.m. /MASSKILL
01/01/2005 04:09:01 p.m. /MASSKILL
01/01/2005 04:09:20 p.m. /MASSKILL
01/01/2005 04:09:34 p.m. /MASSKILL
01/01/2005 04:09:40 p.m. /MASSKILL
01/01/2005 04:09:47 p.m. /MASSKILL
01/01/2005 04:09:50 p.m. Transporto a C hacia Mapa167 X:78 Y:30
01/01/2005 04:09:56 p.m. Tiro cantidad:300 Objeto:Armadura de cuero (E/G)
01/01/2005 04:09:57 p.m. Agarro:4 Objeto:Escudo de hierro
01/01/2005 04:10:03 p.m. Transporto a C hacia Mapa167 X:72 Y:47
01/01/2005 04:10:10 p.m. Transporto a C hacia Mapa167 X:64 Y:56
01/01/2005 04:10:10 p.m. Transporto a C hacia Mapa167 X:57 Y:58
01/01/2005 04:10:11 p.m. Transporto a C hacia Mapa167 X:53 Y:63
01/01/2005 04:10:12 p.m. Transporto a C hacia Mapa167 X:52 Y:68
01/01/2005 04:10:12 p.m. Transporto a C hacia Mapa167 X:51 Y:73
01/01/2005 04:10:13 p.m. Transporto a C hacia Mapa167 X:52 Y:78
01/01/2005 04:10:13 p.m. Transporto a C hacia Mapa167 X:54 Y:83
01/01/2005 04:10:14 p.m. Transporto a C hacia Mapa167 X:56 Y:88
01/01/2005 04:10:14 p.m. Transporto a C hacia Mapa167 X:54 Y:92
01/01/2005 04:10:23 p.m. /MASSKILL
01/01/2005 04:10:29 p.m. Transporto a C hacia Mapa167 X:37 Y:87
01/01/2005 04:10:30 p.m. Transporto a C hacia Mapa167 X:32 Y:86
01/01/2005 04:10:31 p.m. Transporto a C hacia Mapa167 X:27 Y:84
01/01/2005 04:12:09 p.m. Transporto a C hacia Mapa167 X:70 Y:78
01/01/2005 04:12:10 p.m. Transporto a C hacia Mapa167 X:76 Y:82
01/01/2005 04:12:10 p.m. Transporto a C hacia Mapa167 X:82 Y:87
01/01/2005 04:12:12 p.m. Transporto a C hacia Mapa167 X:88 Y:91
01/01/2005 04:12:31 p.m. Transporto a C hacia Mapa167 X:78 Y:70
01/01/2005 04:12:32 p.m. Transporto a C hacia Mapa167 X:80 Y:75
01/01/2005 04:12:32 p.m. Transporto a C hacia Mapa167 X:78 Y:80
01/01/2005 04:12:33 p.m. Transporto a C hacia Mapa167 X:80 Y:86
01/01/2005 04:12:33 p.m. Transporto a C hacia Mapa167 X:85 Y:90
01/01/2005 04:12:44 p.m. Transporto a C hacia Mapa167 X:79 Y:91
01/01/2005 04:12:44 p.m. Transporto a C hacia Mapa167 X:72 Y:90
01/01/2005 04:12:45 p.m. Transporto a C hacia Mapa167 X:66 Y:88
01/01/2005 04:12:46 p.m. Transporto a C hacia Mapa167 X:59 Y:85
01/01/2005 04:12:47 p.m. Transporto a C hacia Mapa167 X:55 Y:81
01/01/2005 04:12:52 p.m. Transporto a C hacia Mapa167 X:48 Y:68
01/01/2005 04:12:52 p.m. Transporto a C hacia Mapa167 X:44 Y:72
01/01/2005 04:12:53 p.m. Transporto a C hacia Mapa167 X:44 Y:75
01/01/2005 04:12:54 p.m. Transporto a C hacia Mapa167 X:38 Y:73
01/01/2005 04:12:54 p.m. Transporto a C hacia Mapa167 X:40 Y:75
01/01/2005 04:12:55 p.m. Transporto a C hacia Mapa167 X:45 Y:79
01/01/2005 04:12:56 p.m. Transporto a C hacia Mapa167 X:50 Y:83
01/01/2005 04:12:56 p.m. Transporto a C hacia Mapa167 X:55 Y:87
01/01/2005 04:12:57 p.m. Transporto a C hacia Mapa167 X:55 Y:92
01/01/2005 04:12:58 p.m. Transporto a C hacia Mapa167 X:61 Y:87
01/01/2005 04:12:58 p.m. Transporto a C hacia Mapa167 X:65 Y:81
01/01/2005 04:13:09 p.m. Transporto a C hacia Mapa167 X:71 Y:79
01/01/2005 04:13:09 p.m. Transporto a C hacia Mapa167 X:77 Y:84
01/01/2005 04:13:10 p.m. Transporto a C hacia Mapa167 X:83 Y:89
01/01/2005 04:13:10 p.m. Transporto a C hacia Mapa167 X:89 Y:94
01/01/2005 04:13:12 p.m. Transporto a C hacia Mapa167 X:89 Y:90
01/01/2005 04:13:14 p.m. Transporto a C hacia Mapa167 X:86 Y:84
01/01/2005 04:13:15 p.m. Transporto a C hacia Mapa167 X:91 Y:80
01/01/2005 04:13:17 p.m. Transporto a C hacia Mapa167 X:86 Y:86
01/01/2005 04:13:25 p.m. Transporto a C hacia Mapa168 X:50 Y:50
01/01/2005 04:13:27 p.m. Transporto a C hacia Mapa168 X:46 Y:54
01/01/2005 04:13:27 p.m. Transporto a C hacia Mapa168 X:41 Y:58
01/01/2005 04:13:27 p.m. Transporto a C hacia Mapa168 X:35 Y:62
01/01/2005 04:13:28 p.m. Transporto a C hacia Mapa168 X:28 Y:63
01/01/2005 04:13:28 p.m. Transporto a C hacia Mapa168 X:21 Y:65
01/01/2005 04:13:28 p.m. Transporto a C hacia Mapa168 X:15 Y:69
01/01/2005 04:13:29 p.m. Transporto a C hacia Mapa168 X:10 Y:71
01/01/2005 04:13:39 p.m. Transporto a C hacia Mapa168 X:25 Y:69
01/01/2005 04:13:39 p.m. Transporto a C hacia Mapa168 X:28 Y:72
01/01/2005 04:13:40 p.m. Transporto a C hacia Mapa168 X:30 Y:76
01/01/2005 04:13:43 p.m. Hora.
01/01/2005 04:13:48 p.m. Transporto a C hacia Mapa168 X:32 Y:85
01/01/2005 04:13:48 p.m. Transporto a C hacia Mapa168 X:36 Y:81
01/01/2005 04:13:49 p.m. Transporto a C hacia Mapa168 X:42 Y:77
01/01/2005 04:13:49 p.m. Transporto a C hacia Mapa168 X:44 Y:73
01/01/2005 04:13:50 p.m. Transporto a C hacia Mapa168 X:48 Y:69
01/01/2005 04:13:50 p.m. Transporto a C hacia Mapa168 X:55 Y:67
01/01/2005 04:13:51 p.m. Transporto a C hacia Mapa168 X:62 Y:69
01/01/2005 04:13:51 p.m. Transporto a C hacia Mapa168 X:69 Y:70
01/01/2005 04:13:52 p.m. Transporto a C hacia Mapa168 X:76 Y:70
01/01/2005 04:13:52 p.m. Transporto a C hacia Mapa168 X:83 Y:70
01/01/2005 04:13:52 p.m. Transporto a C hacia Mapa168 X:90 Y:70
01/01/2005 04:13:53 p.m. Transporto a C hacia Mapa168 X:88 Y:76
01/01/2005 04:13:54 p.m. Transporto a C hacia Mapa168 X:87 Y:80
01/01/2005 04:13:54 p.m. Transporto a C hacia Mapa168 X:85 Y:85
01/01/2005 04:13:55 p.m. Transporto a C hacia Mapa168 X:84 Y:89
01/01/2005 04:13:57 p.m. Transporto a C hacia Mapa168 X:87 Y:84
01/01/2005 04:13:58 p.m. Transporto a C hacia Mapa168 X:87 Y:79
01/01/2005 04:13:58 p.m. Transporto a C hacia Mapa168 X:88 Y:73
01/01/2005 04:13:58 p.m. Transporto a C hacia Mapa168 X:88 Y:67
01/01/2005 04:13:59 p.m. Transporto a C hacia Mapa168 X:87 Y:61
01/01/2005 04:13:59 p.m. Transporto a C hacia Mapa168 X:87 Y:55
01/01/2005 04:13:59 p.m. Transporto a C hacia Mapa168 X:87 Y:49
01/01/2005 04:14:00 p.m. Transporto a C hacia Mapa168 X:87 Y:43
01/01/2005 04:14:00 p.m. Transporto a C hacia Mapa168 X:87 Y:37
01/01/2005 04:14:01 p.m. Transporto a C hacia Mapa168 X:87 Y:41
01/01/2005 04:14:01 p.m. Transporto a C hacia Mapa168 X:88 Y:47
01/01/2005 04:14:01 p.m. Transporto a C hacia Mapa168 X:89 Y:52
01/01/2005 04:14:37 p.m. Transporto a C hacia Mapa168 X:87 Y:10
01/01/2005 04:14:37 p.m. Transporto a C hacia Mapa168 X:82 Y:9
01/01/2005 04:14:38 p.m. Transporto a C hacia Mapa168 X:76 Y:12
01/01/2005 04:14:38 p.m. Transporto a C hacia Mapa168 X:71 Y:16
01/01/2005 04:14:39 p.m. Transporto a C hacia Mapa168 X:66 Y:19
01/01/2005 04:14:43 p.m. Transporto a C hacia Mapa168 X:52 Y:16
01/01/2005 04:14:44 p.m. Transporto a C hacia Mapa168 X:59 Y:12
01/01/2005 04:14:44 p.m. Transporto a C hacia Mapa168 X:55 Y:11
01/01/2005 04:14:45 p.m. Transporto a C hacia Mapa168 X:50 Y:12
01/01/2005 04:14:46 p.m. Transporto a C hacia Mapa168 X:43 Y:13
01/01/2005 04:14:53 p.m. /mod c level 1
01/01/2005 04:15:00 p.m. /MATA NPC SIN INICIAR
01/01/2005 04:15:09 p.m. Transporto a C hacia Mapa168 X:38 Y:13
01/01/2005 04:15:10 p.m. Transporto a C hacia Mapa168 X:42 Y:13
01/01/2005 04:15:32 p.m. /MASSKILL
01/01/2005 04:15:45 p.m. /MASSKILL
01/01/2005 04:15:54 p.m. Transporto a C hacia Mapa37 X:52 Y:59
01/01/2005 04:15:54 p.m. Transporto a C hacia Mapa37 X:46 Y:63
01/01/2005 04:15:55 p.m. Transporto a C hacia Mapa37 X:40 Y:67
01/01/2005 04:15:55 p.m. Transporto a C hacia Mapa37 X:34 Y:71
01/01/2005 04:15:56 p.m. Transporto a C hacia Mapa37 X:28 Y:76
01/01/2005 04:15:57 p.m. Transporto a C hacia Mapa37 X:26 Y:82
01/01/2005 04:15:57 p.m. Transporto a C hacia Mapa37 X:22 Y:85
01/01/2005 04:15:58 p.m. Transporto a C hacia Mapa37 X:18 Y:87
01/01/2005 04:48:07 p.m. Se conecto con ip:127.0.0.1
01/01/2005 04:48:14 p.m. /MASSKILL
01/01/2005 04:48:18 p.m. /lluvia
01/01/2005 04:48:28 p.m. Transporto a C hacia Mapa37 X:50 Y:50
01/01/2005 04:48:32 p.m. /mod c level 20
01/01/2005 04:48:33 p.m. Transporto a C hacia Mapa37 X:48 Y:55
01/01/2005 04:48:34 p.m. Transporto a C hacia Mapa37 X:45 Y:60
01/01/2005 04:48:34 p.m. Transporto a C hacia Mapa37 X:42 Y:65
01/01/2005 04:48:35 p.m. Transporto a C hacia Mapa37 X:40 Y:70
01/01/2005 04:48:35 p.m. Transporto a C hacia Mapa37 X:39 Y:75
01/01/2005 04:48:36 p.m. Transporto a C hacia Mapa37 X:36 Y:80
01/01/2005 04:48:37 p.m. Transporto a C hacia Mapa37 X:34 Y:84
01/01/2005 04:49:09 p.m. Transporto a C hacia Mapa167 X:50 Y:50
01/01/2005 04:49:10 p.m. Transporto a C hacia Mapa167 X:46 Y:57
01/01/2005 04:49:11 p.m. Transporto a C hacia Mapa167 X:43 Y:61
01/01/2005 04:49:11 p.m. Transporto a C hacia Mapa167 X:44 Y:66
01/01/2005 04:49:12 p.m. Transporto a C hacia Mapa167 X:38 Y:71
01/01/2005 04:49:12 p.m. Transporto a C hacia Mapa167 X:32 Y:75
01/01/2005 04:49:12 p.m. Transporto a C hacia Mapa167 X:26 Y:77
01/01/2005 04:49:13 p.m. Transporto a C hacia Mapa167 X:21 Y:81
01/01/2005 04:49:14 p.m. Transporto a C hacia Mapa167 X:27 Y:84
01/01/2005 04:49:19 p.m. /MASSKILL
01/01/2005 04:49:27 p.m. /mod c level 1
01/01/2005 04:49:31 p.m. Transporto a C hacia Mapa167 X:31 Y:85
01/01/2005 04:49:32 p.m. Transporto a C hacia Mapa167 X:31 Y:85
01/01/2005 05:03:55 p.m. Se conecto con ip:127.0.0.1
01/01/2005 05:04:13 p.m. Transporto a C hacia Mapa37 X:44 Y:59
01/01/2005 05:04:13 p.m. Transporto a C hacia Mapa37 X:39 Y:64
01/01/2005 05:04:13 p.m. Transporto a C hacia Mapa37 X:34 Y:69
01/01/2005 05:04:14 p.m. Transporto a C hacia Mapa37 X:33 Y:74
01/01/2005 05:04:14 p.m. Transporto a C hacia Mapa37 X:32 Y:79
01/01/2005 05:04:14 p.m. Transporto a C hacia Mapa37 X:30 Y:84
01/01/2005 05:04:15 p.m. Transporto a C hacia Mapa37 X:25 Y:85
01/01/2005 05:05:41 p.m. /mod c level 20
01/01/2005 05:11:01 p.m. Se conecto con ip:127.0.0.1
01/01/2005 05:11:46 p.m. /mod c level 1
01/01/2005 05:12:14 p.m. Transporto a C hacia Mapa167 X:70 Y:50
01/01/2005 05:12:15 p.m. Transporto a C hacia Mapa167 X:65 Y:51
01/01/2005 05:12:17 p.m. Transporto a C hacia Mapa167 X:59 Y:54
01/01/2005 05:12:20 p.m. Transporto a C hacia Mapa167 X:56 Y:61
01/01/2005 05:13:00 p.m. /mod c level 20
01/01/2005 05:13:06 p.m. /mod c level 1
01/01/2005 05:17:25 p.m. Se conecto con ip:200.115.214.237
01/01/2005 05:17:34 p.m. /IRA a Mapa:143 X:28 Y:26
01/01/2005 05:17:43 p.m. Transporto a C hacia Mapa37 X:50 Y:50
01/01/2005 05:17:49 p.m. Mensaje a Gms:veni
01/01/2005 05:17:54 p.m. Transporto a C hacia Mapa37 X:52 Y:74
01/01/2005 05:17:54 p.m. Transporto a C hacia Mapa37 X:49 Y:79
01/01/2005 05:17:55 p.m. Transporto a C hacia Mapa37 X:46 Y:84
01/01/2005 05:17:56 p.m. /SUM a Map:37 X:46 Y:84
01/01/2005 05:18:19 p.m. /MASSKILL
01/01/2005 05:18:25 p.m. Mensaje a Gms:faltan corregir 2 o 3 boludeces igual
01/01/2005 05:18:45 p.m. /MASSKILL
01/01/2005 05:18:51 p.m. /MASSKILL
01/01/2005 05:18:53 p.m. /MASSKILL
01/01/2005 05:19:08 p.m. /MASSKILL
01/01/2005 05:20:45 p.m. /MASSKILL
01/01/2005 05:21:04 p.m. Mensaje a Gms:eh
01/01/2005 05:21:08 p.m. /MASSKILL
01/01/2005 05:21:11 p.m. Transporto a C hacia Mapa167 X:61 Y:86
01/01/2005 05:21:12 p.m. Transporto a C hacia Mapa167 X:61 Y:81
01/01/2005 05:21:12 p.m. Transporto a C hacia Mapa167 X:60 Y:76
01/01/2005 05:21:13 p.m. Transporto a C hacia Mapa167 X:59 Y:71
01/01/2005 05:21:13 p.m. Transporto a C hacia Mapa167 X:60 Y:65
01/01/2005 05:21:15 p.m. /IRA a Mapa:168 X:12 Y:10
01/01/2005 05:21:25 p.m. /SUM a Map:167 X:65 Y:74
01/01/2005 05:21:30 p.m. /SUM a Map:167 X:65 Y:74
01/01/2005 05:22:38 p.m. /MASSKILL
01/01/2005 05:22:51 p.m. /MASSKILL
01/01/2005 05:23:32 p.m. /MASSKILL
01/01/2005 05:23:48 p.m. /MASSKILL
01/01/2005 05:24:01 p.m. /MASSKILL
01/01/2005 05:24:06 p.m. Transporto a C hacia Mapa168 X:73 Y:56
01/01/2005 05:24:07 p.m. Transporto a C hacia Mapa168 X:70 Y:58
01/01/2005 05:24:07 p.m. Transporto a C hacia Mapa168 X:66 Y:61
01/01/2005 05:24:08 p.m. Transporto a C hacia Mapa168 X:62 Y:64
01/01/2005 05:24:09 p.m. Transporto a C hacia Mapa168 X:58 Y:66
01/01/2005 05:24:10 p.m. Transporto a C hacia Mapa168 X:52 Y:68
01/01/2005 05:24:11 p.m. Transporto a C hacia Mapa168 X:45 Y:70
01/01/2005 05:24:11 p.m. Transporto a C hacia Mapa168 X:38 Y:71
01/01/2005 05:24:11 p.m. Transporto a C hacia Mapa168 X:31 Y:70
01/01/2005 05:24:12 p.m. Transporto a C hacia Mapa168 X:23 Y:69
01/01/2005 05:24:12 p.m. Transporto a C hacia Mapa168 X:17 Y:69
01/01/2005 05:24:13 p.m. Transporto a C hacia Mapa168 X:13 Y:69
01/01/2005 05:24:15 p.m. /SUM a Map:168 X:9 Y:69
01/01/2005 05:24:18 p.m. /SUM a Map:168 X:9 Y:69
01/01/2005 05:24:37 p.m. /IRA a Mapa:1 X:50 Y:50
01/01/2005 05:24:44 p.m. Transporto a C hacia Mapa1 X:41 Y:57
01/01/2005 05:26:28 p.m. /MASSKILL
01/01/2005 05:26:52 p.m. Transporto a C hacia Mapa168 X:20 Y:60
01/01/2005 05:26:53 p.m. Transporto a C hacia Mapa168 X:17 Y:65
01/01/2005 05:26:53 p.m. Transporto a C hacia Mapa168 X:13 Y:69
01/01/2005 05:26:55 p.m. /SUM a Map:168 X:13 Y:69
01/01/2005 05:27:27 p.m. /MASSKILL
01/01/2005 05:28:30 p.m. Transporto a C hacia Mapa168 X:37 Y:24
01/01/2005 05:28:30 p.m. Transporto a C hacia Mapa168 X:29 Y:20
01/01/2005 05:28:31 p.m. Transporto a C hacia Mapa168 X:22 Y:17
01/01/2005 05:28:31 p.m. Transporto a C hacia Mapa168 X:16 Y:13
01/01/2005 05:28:39 p.m. Mensaje a Gms:aca podes hacer otra salida
01/01/2005 05:28:42 p.m. Mensaje a Gms:mas para piratas
01/01/2005 06:46:13 p.m. Se conecto con ip:200.115.214.237
01/01/2005 06:47:30 p.m. Transporto a C hacia Mapa37 X:52 Y:56
01/01/2005 06:47:30 p.m. Transporto a C hacia Mapa37 X:50 Y:61
01/01/2005 06:47:31 p.m. Transporto a C hacia Mapa37 X:48 Y:66
01/01/2005 06:47:31 p.m. Transporto a C hacia Mapa37 X:46 Y:71
01/01/2005 06:47:31 p.m. Transporto a C hacia Mapa37 X:42 Y:76
01/01/2005 06:47:32 p.m. Transporto a C hacia Mapa37 X:38 Y:80
01/01/2005 06:47:32 p.m. Transporto a C hacia Mapa37 X:34 Y:84
01/01/2005 06:53:37 p.m. Se conecto con ip:200.115.214.237
01/01/2005 06:53:46 p.m. Transporto a C hacia Mapa168 X:13 Y:68
01/01/2005 06:58:06 p.m. Se conecto con ip:200.115.214.237
01/01/2005 06:59:03 p.m. Transporto a C hacia Mapa1 X:50 Y:50
01/01/2005 06:59:04 p.m. Transporto a C hacia Mapa1 X:55 Y:56
01/01/2005 06:59:04 p.m. Transporto a C hacia Mapa1 X:58 Y:62
01/01/2005 06:59:05 p.m. Transporto a C hacia Mapa1 X:60 Y:68
01/01/2005 06:59:05 p.m. Transporto a C hacia Mapa1 X:58 Y:74
01/01/2005 06:59:05 p.m. Transporto a C hacia Mapa1 X:56 Y:80
01/01/2005 06:59:06 p.m. Transporto a C hacia Mapa1 X:54 Y:86
01/01/2005 06:59:06 p.m. Transporto a C hacia Mapa1 X:52 Y:92
01/01/2005 06:59:22 p.m. Sumoneo Araña gigante
01/01/2005 06:59:43 p.m. Transporto a C hacia Mapa2 X:56 Y:19
01/01/2005 06:59:45 p.m. Transporto a C hacia Mapa2 X:58 Y:20
01/01/2005 06:59:46 p.m. Transporto a C hacia Mapa2 X:63 Y:20
01/01/2005 06:59:47 p.m. Transporto a C hacia Mapa2 X:67 Y:20
01/01/2005 07:00:15 p.m. Transporto a C hacia Mapa2 X:66 Y:20
01/01/2005 07:00:28 p.m. Transporto a C hacia Mapa2 X:60 Y:21
01/01/2005 09:08:38 p.m. Se conecto con ip:200.115.214.237
01/01/2005 09:08:58 p.m. Transporto a C hacia Mapa20 X:20 Y:67
01/01/2005 09:18:13 p.m. Se conecto con ip:200.115.214.237
01/01/2005 09:18:23 p.m. Transporto a C hacia Mapa20 X:24 Y:75
01/01/2005 09:21:44 p.m. Se conecto con ip:200.115.214.237
01/01/2005 09:22:13 p.m. Transporto a C hacia Mapa20 X:16 Y:73
01/01/2005 09:22:38 p.m. /MASSDEST
09/01/2005 10:56:14 a.m. Se conecto con ip:
09/01/2005 10:57:16 a.m. Se conecto con ip:127.0.0.1
09/01/2005 10:57:22 a.m. Transporto a C hacia Mapa20 X:27 Y:77
09/01/2005 11:00:44 a.m. Se conecto con ip:127.0.0.1
09/01/2005 11:09:19 a.m. Se conecto con ip:127.0.0.1
09/01/2005 11:28:16 a.m. Se conecto con ip:127.0.0.1
09/01/2005 11:29:09 a.m. Transporto a C hacia Mapa1 X:50 Y:50
10/01/2005 09:42:22 p.m. Se conecto con ip:
10/01/2005 09:44:57 p.m. Se conecto con ip:127.0.0.1
10/01/2005 09:45:03 p.m. Transporto a C hacia Mapa1 X:64 Y:36
10/01/2005 09:45:04 p.m. Transporto a C hacia Mapa1 X:69 Y:30
10/01/2005 09:45:05 p.m. Transporto a C hacia Mapa1 X:76 Y:27
10/01/2005 09:45:18 p.m. Transporto a C hacia Mapa1 X:67 Y:31
10/01/2005 09:45:19 p.m. Transporto a C hacia Mapa1 X:63 Y:35
10/01/2005 09:45:19 p.m. Transporto a C hacia Mapa1 X:60 Y:40
10/01/2005 09:45:20 p.m. Transporto a C hacia Mapa1 X:63 Y:45
10/01/2005 09:45:21 p.m. Transporto a C hacia Mapa1 X:66 Y:50
10/01/2005 09:59:16 p.m. Se conecto con ip:127.0.0.1
10/01/2005 09:59:18 p.m. Transporto a C hacia Mapa1 X:68 Y:46
10/01/2005 09:59:19 p.m. Transporto a C hacia Mapa1 X:70 Y:41
10/01/2005 09:59:19 p.m. Transporto a C hacia Mapa1 X:71 Y:36
10/01/2005 09:59:20 p.m. Transporto a C hacia Mapa1 X:72 Y:31
10/01/2005 09:59:21 p.m. Transporto a C hacia Mapa1 X:76 Y:28
10/01/2005 09:59:29 p.m. Transporto a C hacia Mapa1 X:73 Y:26
10/01/2005 09:59:30 p.m. Transporto a C hacia Mapa1 X:66 Y:26
10/01/2005 09:59:30 p.m. Transporto a C hacia Mapa1 X:59 Y:28
10/01/2005 09:59:31 p.m. Transporto a C hacia Mapa1 X:61 Y:33
10/01/2005 09:59:31 p.m. Transporto a C hacia Mapa1 X:60 Y:37
10/01/2005 09:59:32 p.m. Transporto a C hacia Mapa1 X:58 Y:41
10/01/2005 09:59:32 p.m. Transporto a C hacia Mapa1 X:55 Y:45
10/01/2005 09:59:33 p.m. Transporto a C hacia Mapa1 X:53 Y:49
10/01/2005 09:59:34 p.m. Transporto a C hacia Mapa1 X:52 Y:53
10/01/2005 09:59:36 p.m. Transporto a C hacia Mapa1 X:54 Y:57
10/01/2005 09:59:36 p.m. Transporto a C hacia Mapa1 X:54 Y:61
10/01/2005 09:59:37 p.m. Transporto a C hacia Mapa1 X:54 Y:65
10/01/2005 09:59:38 p.m. Transporto a C hacia Mapa1 X:55 Y:69
10/01/2005 09:59:39 p.m. Transporto a C hacia Mapa1 X:62 Y:71
10/01/2005 09:59:40 p.m. Transporto a C hacia Mapa1 X:66 Y:65
10/01/2005 09:59:40 p.m. Transporto a C hacia Mapa1 X:71 Y:59
10/01/2005 09:59:41 p.m. Transporto a C hacia Mapa1 X:72 Y:53
10/01/2005 09:59:42 p.m. Transporto a C hacia Mapa1 X:75 Y:49
10/01/2005 09:59:43 p.m. Transporto a C hacia Mapa1 X:77 Y:42
10/01/2005 09:59:43 p.m. Transporto a C hacia Mapa1 X:79 Y:36
10/01/2005 09:59:45 p.m. Transporto a C hacia Mapa1 X:79 Y:30
10/01/2005 09:59:53 p.m. Transporto a C hacia Mapa1 X:69 Y:34
10/01/2005 09:59:53 p.m. Transporto a C hacia Mapa1 X:65 Y:39
10/01/2005 09:59:54 p.m. Transporto a C hacia Mapa1 X:60 Y:44
10/01/2005 09:59:54 p.m. Transporto a C hacia Mapa1 X:55 Y:48
10/01/2005 09:59:55 p.m. Transporto a C hacia Mapa1 X:49 Y:52
10/01/2005 09:59:55 p.m. Transporto a C hacia Mapa1 X:43 Y:55
10/01/2005 09:59:58 p.m. Transporto a C hacia Mapa1 X:41 Y:57
10/01/2005 10:00:12 p.m. Transporto a C hacia Mapa168 X:37 Y:66
10/01/2005 10:00:15 p.m. Transporto a C hacia Mapa168 X:43 Y:62
10/01/2005 10:00:16 p.m. Transporto a C hacia Mapa168 X:48 Y:57
10/01/2005 10:00:17 p.m. Transporto a C hacia Mapa168 X:55 Y:52
10/01/2005 10:00:18 p.m. Transporto a C hacia Mapa168 X:60 Y:47
10/01/2005 10:00:19 p.m. Transporto a C hacia Mapa168 X:64 Y:42
10/01/2005 10:00:21 p.m. Transporto a C hacia Mapa168 X:61 Y:36
10/01/2005 10:00:21 p.m. Transporto a C hacia Mapa168 X:58 Y:30
10/01/2005 10:00:22 p.m. Transporto a C hacia Mapa168 X:62 Y:26
10/01/2005 10:00:23 p.m. Transporto a C hacia Mapa168 X:67 Y:23
10/01/2005 10:00:23 p.m. Transporto a C hacia Mapa168 X:71 Y:22
10/01/2005 10:00:24 p.m. Transporto a C hacia Mapa168 X:73 Y:19
10/01/2005 10:00:25 p.m. Transporto a C hacia Mapa168 X:77 Y:15
10/01/2005 10:00:25 p.m. Transporto a C hacia Mapa168 X:81 Y:11
10/01/2005 10:00:32 p.m. Transporto a C hacia Mapa167 X:87 Y:81
10/01/2005 10:00:33 p.m. Transporto a C hacia Mapa167 X:84 Y:75
10/01/2005 10:00:34 p.m. Transporto a C hacia Mapa167 X:81 Y:70
10/01/2005 10:00:34 p.m. Transporto a C hacia Mapa167 X:75 Y:72
10/01/2005 10:00:35 p.m. Transporto a C hacia Mapa167 X:69 Y:75
10/01/2005 10:00:36 p.m. Transporto a C hacia Mapa167 X:67 Y:70
10/01/2005 10:00:36 p.m. Transporto a C hacia Mapa167 X:67 Y:64
10/01/2005 10:00:37 p.m. Transporto a C hacia Mapa167 X:72 Y:59
10/01/2005 10:00:37 p.m. Transporto a C hacia Mapa167 X:73 Y:53
10/01/2005 10:00:38 p.m. Transporto a C hacia Mapa167 X:76 Y:48
10/01/2005 10:00:39 p.m. Transporto a C hacia Mapa167 X:71 Y:44
10/01/2005 10:00:40 p.m. Transporto a C hacia Mapa167 X:67 Y:40
10/01/2005 10:00:41 p.m. Transporto a C hacia Mapa167 X:61 Y:41
10/01/2005 10:00:41 p.m. Transporto a C hacia Mapa167 X:55 Y:42
10/01/2005 10:00:42 p.m. Transporto a C hacia Mapa167 X:55 Y:46
10/01/2005 10:00:46 p.m. Transporto a C hacia Mapa167 X:61 Y:43
10/01/2005 10:00:46 p.m. Transporto a C hacia Mapa167 X:66 Y:37
10/01/2005 10:00:47 p.m. Transporto a C hacia Mapa167 X:71 Y:31
10/01/2005 10:00:47 p.m. Transporto a C hacia Mapa167 X:71 Y:26
10/01/2005 10:00:48 p.m. Transporto a C hacia Mapa167 X:67 Y:21
10/01/2005 10:00:49 p.m. Transporto a C hacia Mapa167 X:72 Y:16
10/01/2005 10:00:50 p.m. Transporto a C hacia Mapa167 X:79 Y:18
10/01/2005 10:00:53 p.m. Transporto a C hacia Mapa167 X:82 Y:21
10/01/2005 10:01:19 p.m. Transporto a C hacia Mapa168 X:89 Y:83
10/01/2005 10:01:24 p.m. Transporto a C hacia Mapa37 X:20 Y:86
10/01/2005 10:01:25 p.m. Transporto a C hacia Mapa37 X:27 Y:85
10/01/2005 10:01:25 p.m. Transporto a C hacia Mapa37 X:34 Y:84
10/01/2005 10:01:26 p.m. Transporto a C hacia Mapa37 X:41 Y:83
10/01/2005 10:01:26 p.m. Transporto a C hacia Mapa37 X:45 Y:80
10/01/2005 10:01:27 p.m. Transporto a C hacia Mapa37 X:49 Y:77
10/01/2005 10:01:27 p.m. Transporto a C hacia Mapa37 X:53 Y:74
10/01/2005 10:01:28 p.m. Transporto a C hacia Mapa37 X:58 Y:72
10/01/2005 10:01:28 p.m. Transporto a C hacia Mapa37 X:63 Y:73
10/01/2005 10:01:29 p.m. Transporto a C hacia Mapa37 X:69 Y:71
10/01/2005 10:01:30 p.m. Transporto a C hacia Mapa37 X:75 Y:74
10/01/2005 10:01:30 p.m. Transporto a C hacia Mapa37 X:81 Y:78
10/01/2005 10:01:31 p.m. Transporto a C hacia Mapa37 X:81 Y:83
10/01/2005 10:01:32 p.m. Transporto a C hacia Mapa37 X:88 Y:84
10/01/2005 10:01:46 p.m. Transporto a C hacia Mapa167 X:24 Y:29
10/01/2005 10:01:47 p.m. Transporto a C hacia Mapa167 X:29 Y:25
10/01/2005 10:01:47 p.m. Transporto a C hacia Mapa167 X:31 Y:20
10/01/2005 10:01:48 p.m. Transporto a C hacia Mapa167 X:27 Y:16
10/01/2005 10:01:54 p.m. Sumoneo Zombi
10/01/2005 10:02:01 p.m. Transporto a C hacia Mapa1 X:50 Y:50
10/01/2005 10:02:03 p.m. Transporto a C hacia Mapa1 X:49 Y:47
10/01/2005 10:02:03 p.m. Transporto a C hacia Mapa1 X:52 Y:42
10/01/2005 10:02:04 p.m. Transporto a C hacia Mapa1 X:55 Y:37
10/01/2005 10:02:05 p.m. Transporto a C hacia Mapa1 X:58 Y:32
10/01/2005 10:02:05 p.m. Transporto a C hacia Mapa1 X:61 Y:27
10/01/2005 10:02:06 p.m. Transporto a C hacia Mapa1 X:66 Y:26
10/01/2005 10:02:16 p.m. Transporto a C hacia Mapa1 X:85 Y:42
10/01/2005 10:02:16 p.m. Transporto a C hacia Mapa1 X:85 Y:46
10/01/2005 10:02:17 p.m. Transporto a C hacia Mapa1 X:84 Y:51
10/01/2005 10:02:17 p.m. Transporto a C hacia Mapa1 X:83 Y:56
10/01/2005 10:02:18 p.m. Transporto a C hacia Mapa1 X:77 Y:58
10/01/2005 10:02:18 p.m. Transporto a C hacia Mapa1 X:69 Y:58
10/01/2005 10:02:19 p.m. Transporto a C hacia Mapa1 X:65 Y:63
10/01/2005 10:02:19 p.m. Transporto a C hacia Mapa1 X:63 Y:70
10/01/2005 10:02:31 p.m. Transporto a C hacia Mapa1 X:58 Y:69
10/01/2005 10:02:32 p.m. Transporto a C hacia Mapa1 X:52 Y:69
10/01/2005 10:02:32 p.m. Transporto a C hacia Mapa1 X:46 Y:69
10/01/2005 10:02:33 p.m. Transporto a C hacia Mapa1 X:40 Y:70
10/01/2005 10:02:33 p.m. Transporto a C hacia Mapa1 X:34 Y:71
10/01/2005 10:02:33 p.m. Transporto a C hacia Mapa1 X:28 Y:72
10/01/2005 10:02:34 p.m. Transporto a C hacia Mapa1 X:22 Y:73
10/01/2005 10:03:24 p.m. Transporto a C hacia Mapa1 X:29 Y:85
10/01/2005 10:03:25 p.m. Transporto a C hacia Mapa1 X:23 Y:84
10/01/2005 10:03:25 p.m. Transporto a C hacia Mapa1 X:23 Y:80
10/01/2005 10:03:26 p.m. Transporto a C hacia Mapa1 X:27 Y:75
10/01/2005 10:03:27 p.m. Transporto a C hacia Mapa1 X:33 Y:76
10/01/2005 10:03:27 p.m. Transporto a C hacia Mapa1 X:39 Y:77
10/01/2005 10:03:27 p.m. Transporto a C hacia Mapa1 X:45 Y:78
10/01/2005 10:03:28 p.m. Transporto a C hacia Mapa1 X:52 Y:80
10/01/2005 10:03:28 p.m. Transporto a C hacia Mapa1 X:59 Y:80
10/01/2005 10:03:29 p.m. Transporto a C hacia Mapa1 X:66 Y:80
10/01/2005 10:03:29 p.m. Transporto a C hacia Mapa1 X:73 Y:80
10/01/2005 10:03:30 p.m. Transporto a C hacia Mapa1 X:77 Y:76
10/01/2005 10:03:49 p.m. Transporto a C hacia Mapa1 X:76 Y:80
10/01/2005 10:03:49 p.m. Transporto a C hacia Mapa1 X:77 Y:85
10/01/2005 10:03:51 p.m. Transporto a C hacia Mapa1 X:73 Y:81
10/01/2005 10:03:51 p.m. Transporto a C hacia Mapa1 X:73 Y:76
10/01/2005 10:03:51 p.m. Transporto a C hacia Mapa1 X:73 Y:71
10/01/2005 10:03:52 p.m. Transporto a C hacia Mapa1 X:73 Y:66
10/01/2005 10:03:52 p.m. Transporto a C hacia Mapa1 X:73 Y:61
10/01/2005 10:03:53 p.m. Transporto a C hacia Mapa1 X:73 Y:56
10/01/2005 10:03:53 p.m. Transporto a C hacia Mapa1 X:72 Y:51
10/01/2005 10:03:54 p.m. Transporto a C hacia Mapa1 X:69 Y:46
10/01/2005 10:06:21 p.m. Transporto a C hacia Mapa1 X:64 Y:44
10/01/2005 10:06:21 p.m. Transporto a C hacia Mapa1 X:59 Y:42
10/01/2005 10:06:22 p.m. Transporto a C hacia Mapa1 X:54 Y:41
10/01/2005 10:06:22 p.m. Transporto a C hacia Mapa1 X:52 Y:37
10/01/2005 10:06:23 p.m. Transporto a C hacia Mapa1 X:50 Y:41
10/01/2005 10:06:24 p.m. Transporto a C hacia Mapa1 X:46 Y:45
10/01/2005 10:06:24 p.m. Transporto a C hacia Mapa1 X:40 Y:47
10/01/2005 10:06:25 p.m. Transporto a C hacia Mapa1 X:37 Y:51
10/01/2005 10:06:26 p.m. Transporto a C hacia Mapa1 X:45 Y:54
10/01/2005 10:06:28 p.m. Transporto a C hacia Mapa1 X:37 Y:53
10/01/2005 10:06:29 p.m. Transporto a C hacia Mapa1 X:30 Y:53
10/01/2005 10:06:30 p.m. Transporto a C hacia Mapa1 X:23 Y:53
10/01/2005 10:06:30 p.m. Transporto a C hacia Mapa1 X:20 Y:58
10/01/2005 10:06:31 p.m. Transporto a C hacia Mapa1 X:24 Y:62
10/01/2005 10:06:31 p.m. Transporto a C hacia Mapa1 X:29 Y:66
10/01/2005 10:06:32 p.m. Transporto a C hacia Mapa1 X:34 Y:70
10/01/2005 10:06:33 p.m. Transporto a C hacia Mapa1 X:39 Y:74
10/01/2005 10:06:33 p.m. Transporto a C hacia Mapa1 X:39 Y:78
10/01/2005 10:06:34 p.m. Transporto a C hacia Mapa1 X:46 Y:83
10/01/2005 10:06:35 p.m. Transporto a C hacia Mapa1 X:52 Y:87
10/01/2005 10:06:36 p.m. Transporto a C hacia Mapa1 X:58 Y:83
10/01/2005 10:06:51 p.m. Transporto a C hacia Mapa1 X:62 Y:82
10/01/2005 10:06:52 p.m. Transporto a C hacia Mapa1 X:69 Y:79
10/01/2005 10:07:10 p.m. Transporto a C hacia Mapa1 X:69 Y:73
10/01/2005 10:07:10 p.m. Transporto a C hacia Mapa1 X:67 Y:67
10/01/2005 10:07:11 p.m. Transporto a C hacia Mapa1 X:62 Y:65
10/01/2005 10:07:11 p.m. Transporto a C hacia Mapa1 X:57 Y:66
10/01/2005 10:08:03 p.m. Se conecto con ip:127.0.0.1
10/01/2005 10:08:06 p.m. Transporto a C hacia Mapa1 X:55 Y:68
10/01/2005 10:08:07 p.m. Transporto a C hacia Mapa1 X:54 Y:73
10/01/2005 10:08:08 p.m. Transporto a C hacia Mapa1 X:56 Y:77
10/01/2005 10:08:09 p.m. Transporto a C hacia Mapa1 X:54 Y:72
10/01/2005 10:08:09 p.m. Transporto a C hacia Mapa1 X:58 Y:65
10/01/2005 10:08:10 p.m. Transporto a C hacia Mapa1 X:62 Y:58
10/01/2005 10:08:10 p.m. Transporto a C hacia Mapa1 X:62 Y:52
10/01/2005 10:08:11 p.m. Transporto a C hacia Mapa1 X:65 Y:47
10/01/2005 10:08:13 p.m. Transporto a C hacia Mapa1 X:63 Y:41
10/01/2005 10:08:14 p.m. Transporto a C hacia Mapa1 X:58 Y:44
10/01/2005 10:08:41 p.m. Transporto a C hacia Mapa2 X:50 Y:50
10/01/2005 10:08:44 p.m. Transporto a C hacia Mapa2 X:43 Y:56
10/01/2005 10:08:47 p.m. Transporto a C hacia Mapa2 X:42 Y:61
10/01/2005 10:08:48 p.m. Transporto a C hacia Mapa2 X:46 Y:66
10/01/2005 10:08:49 p.m. Transporto a C hacia Mapa2 X:50 Y:71
10/01/2005 10:08:49 p.m. Transporto a C hacia Mapa2 X:54 Y:76
10/01/2005 10:08:49 p.m. Transporto a C hacia Mapa2 X:58 Y:81
10/01/2005 10:08:50 p.m. Transporto a C hacia Mapa2 X:62 Y:86
10/01/2005 10:08:51 p.m. Transporto a C hacia Mapa2 X:66 Y:91
10/01/2005 10:08:52 p.m. Transporto a C hacia Mapa2 X:62 Y:93
10/01/2005 10:09:40 p.m. Se conecto con ip:127.0.0.1
10/01/2005 10:13:43 p.m. Se conecto con ip:
10/01/2005 10:13:50 p.m. Se conecto con ip:
10/01/2005 10:14:43 p.m. Se conecto con ip:127.0.0.1
11/01/2005 12:00:46 a.m. Se conecto con ip:127.0.0.1
11/01/2005 12:04:28 a.m. Transporto a C hacia Mapa3 X:71 Y:14
11/01/2005 12:04:32 a.m. Transporto a C hacia Mapa3 X:75 Y:16
11/01/2005 12:10:39 a.m. Se conecto con ip:127.0.0.1
11/01/2005 12:10:45 a.m. Transporto a C hacia Mapa3 X:69 Y:19
11/01/2005 12:10:51 a.m. Transporto a C hacia Mapa3 X:75 Y:17
11/01/2005 12:11:17 a.m. Se conecto con ip:127.0.0.1
11/01/2005 12:35:52 a.m. Se conecto con ip:127.0.0.1
11/01/2005 12:35:57 a.m. Transporto a C hacia Mapa3 X:69 Y:20
11/01/2005 12:36:42 a.m. Transporto a C hacia Mapa3 X:61 Y:14
11/01/2005 12:36:42 a.m. Transporto a C hacia Mapa3 X:54 Y:9
11/01/2005 12:36:49 a.m. Transporto a C hacia Mapa3 X:46 Y:12
11/01/2005 12:36:54 a.m. Transporto a C hacia Mapa3 X:42 Y:12
11/01/2005 12:37:03 a.m. Transporto a C hacia Mapa2 X:47 Y:80
11/01/2005 12:37:03 a.m. Transporto a C hacia Mapa2 X:52 Y:75
11/01/2005 12:37:04 a.m. Transporto a C hacia Mapa2 X:56 Y:71
11/01/2005 12:37:04 a.m. Transporto a C hacia Mapa2 X:58 Y:66
11/01/2005 12:37:13 a.m. Transporto a C hacia Mapa2 X:64 Y:73
11/01/2005 12:37:16 a.m. Transporto a C hacia Mapa2 X:67 Y:75
11/01/2005 12:37:21 a.m. Transporto a C hacia Mapa2 X:64 Y:81
11/01/2005 07:38:47 a.m. Se conecto con ip:127.0.0.1
11/01/2005 07:39:44 a.m. Se conecto con ip:127.0.0.1
11/01/2005 07:52:24 p.m. Se conecto con ip:127.0.0.1
11/01/2005 07:52:27 p.m. Transporto a C hacia Mapa3 X:76 Y:36
11/01/2005 07:52:27 p.m. Transporto a C hacia Mapa3 X:72 Y:33
11/01/2005 07:52:28 p.m. Transporto a C hacia Mapa3 X:71 Y:28
11/01/2005 07:52:29 p.m. Transporto a C hacia Mapa3 X:68 Y:23
11/01/2005 07:52:29 p.m. Transporto a C hacia Mapa3 X:64 Y:19
11/01/2005 07:52:30 p.m. Transporto a C hacia Mapa3 X:63 Y:14
11/01/2005 07:52:30 p.m. Transporto a C hacia Mapa3 X:63 Y:9
11/01/2005 07:52:35 p.m. Transporto a C hacia Mapa2 X:64 Y:90
11/01/2005 07:52:38 p.m. Transporto a C hacia Mapa2 X:72 Y:86
11/01/2005 07:52:39 p.m. Transporto a C hacia Mapa2 X:74 Y:86
11/01/2005 07:52:59 p.m. /mod el+oso exp 500
11/01/2005 07:53:08 p.m. /mod c exp 500
11/01/2005 07:53:17 p.m. /mod c exp 500
11/01/2005 07:53:29 p.m. /mod c exp 500
11/01/2005 07:53:38 p.m. /mod c exp 3000
11/01/2005 07:53:47 p.m. /mod c exp 3000
11/01/2005 07:53:55 p.m. /mod c exp 3000
11/01/2005 07:54:10 p.m. /mod c exp 4555
30/01/2005 11:12:51 a.m. Se conecto con ip:
30/01/2005 11:15:08 a.m. Se conecto con ip:127.0.0.1
30/01/2005 11:15:13 a.m. Transporto a C hacia Mapa3 X:74 Y:39
30/01/2005 11:15:15 a.m. Transporto a C hacia Mapa3 X:69 Y:37
30/01/2005 11:16:28 a.m. Se conecto con ip:127.0.0.1
30/01/2005 11:16:55 a.m. Transporto a C hacia Mapa146 X:50 Y:50
30/01/2005 11:16:56 a.m. Transporto a C hacia Mapa146 X:55 Y:55
30/01/2005 11:16:58 a.m. Transporto a C hacia Mapa146 X:59 Y:58
30/01/2005 11:16:59 a.m. Transporto a C hacia Mapa146 X:64 Y:61
30/01/2005 11:16:59 a.m. Transporto a C hacia Mapa146 X:69 Y:64
30/01/2005 11:17:06 a.m. Transporto a C hacia Mapa146 X:71 Y:67
30/01/2005 11:17:08 a.m. Transporto a C hacia Mapa146 X:72 Y:70
30/01/2005 11:17:09 a.m. Transporto a C hacia Mapa146 X:66 Y:72
30/01/2005 11:17:13 a.m. Transporto a C hacia Mapa146 X:62 Y:72
30/01/2005 11:17:28 a.m. Transporto a C hacia Mapa59 X:80 Y:50
30/01/2005 11:17:30 a.m. Transporto a C hacia Mapa59 X:84 Y:54
30/01/2005 11:17:31 a.m. Transporto a C hacia Mapa59 X:87 Y:59
30/01/2005 11:17:32 a.m. Transporto a C hacia Mapa59 X:89 Y:61
30/01/2005 11:17:47 a.m. Transporto a C hacia Mapa59 X:88 Y:60
30/01/2005 11:21:11 a.m. Tiro cantidad:99 Objeto:Remover estupidez
30/01/2005 11:22:09 a.m. Se conecto con ip:127.0.0.1
30/01/2005 11:22:46 a.m. Tiro cantidad:100 Objeto:Bastón nudoso
30/01/2005 11:23:01 a.m. Tiro cantidad:1 Objeto:Invocar elemental de fuego
30/01/2005 11:23:05 a.m. Tiro cantidad:1 Objeto:Invocar elemental de tierra
30/01/2005 11:23:14 a.m. Transporto a C hacia Mapa146 X:50 Y:50
30/01/2005 11:23:18 a.m. /INVISIBLE
30/01/2005 11:23:19 a.m. Transporto a C hacia Mapa146 X:55 Y:55
30/01/2005 11:23:19 a.m. Transporto a C hacia Mapa146 X:60 Y:60
30/01/2005 11:23:20 a.m. Transporto a C hacia Mapa146 X:63 Y:64
30/01/2005 11:23:21 a.m. Transporto a C hacia Mapa146 X:59 Y:68
30/01/2005 11:23:43 a.m. /INVISIBLE
30/01/2005 11:27:22 a.m. Transporto a C hacia Mapa146 X:58 Y:71
30/01/2005 11:28:54 a.m. Transporto a C hacia Mapa166 X:50 Y:50
30/01/2005 11:31:39 a.m. Transporto a C hacia Mapa166 X:77 Y:60
30/01/2005 11:32:17 a.m. /CI: 699
30/01/2005 11:32:33 a.m. /CI: 685
30/01/2005 11:32:34 a.m. Agarro:100 Objeto:Armadura lóbrega (E/G)
30/01/2005 11:32:37 a.m. Transporto a C hacia Mapa166 X:50 Y:50
30/01/2005 11:32:43 a.m. Sumoneo a Esqueleto en mapa 166
30/01/2005 11:32:46 a.m. Sumoneo a Esqueleto en mapa 166
30/01/2005 11:32:48 a.m. Sumoneo a Esqueleto en mapa 166
30/01/2005 11:32:52 a.m. Sumoneo a Esqueleto en mapa 166
30/01/2005 11:34:11 a.m. Se conecto con ip:127.0.0.1
30/01/2005 11:34:19 a.m. /mod c oro 0
30/01/2005 11:34:55 a.m. Se conecto con ip:127.0.0.1
30/01/2005 11:35:42 a.m. Se conecto con ip:127.0.0.1
30/01/2005 11:38:51 a.m. Se conecto con ip:127.0.0.1
30/01/2005 11:39:53 a.m. Se conecto con ip:127.0.0.1
30/01/2005 11:41:13 a.m. Tiro cantidad:1333 Objeto:Monedas de oro
30/01/2005 11:42:31 a.m. /mod c oro 30000
30/01/2005 11:44:40 a.m. Sumoneo a Esqueleto en mapa 166
30/01/2005 11:44:44 a.m. Sumoneo a Zombie en mapa 166
30/01/2005 11:44:52 a.m. Sumoneo a Zombie en mapa 166
30/01/2005 11:46:20 a.m. /mod a skills supervivencia 300
30/01/2005 11:46:23 a.m. /skills a
30/01/2005 11:46:31 a.m. /mod c skills supervivencia 300
30/01/2005 11:47:00 a.m. /mod a skill supervivencia 100
30/01/2005 11:47:06 a.m. /mod a skill supevivencia a
30/01/2005 11:47:10 a.m. /mod a skills supervivencia a
30/01/2005 11:47:12 a.m. ECHO DE LA REAL A: a
30/01/2005 11:47:19 a.m. ECHO DE LA REAL A: c
30/01/2005 01:46:55 p.m. Se conecto con ip:
30/01/2005 01:49:21 p.m. Se conecto con ip:127.0.0.1
30/01/2005 02:04:39 p.m. Se conecto con ip:127.0.0.1
07/02/2005 08:23:27 p.m. Se conecto con ip:127.0.0.1
07/02/2005 08:23:31 p.m. Transporto a C hacia Mapa2 X:50 Y:50
07/02/2005 08:23:33 p.m. /MASSKILL
14/02/2005 08:22:46 a.m. Se conecto con ip:127.0.0.1
14/02/2005 08:22:50 a.m. /MASSKILL
14/02/2005 08:23:37 a.m. Se conecto con ip:127.0.0.1
14/02/2005 08:24:15 a.m. Se conecto con ip:127.0.0.1
14/02/2005 08:48:01 a.m. Se conecto con ip:127.0.0.1
14/02/2005 08:48:10 a.m. /MASSKILL
16/02/2005 12:44:36 a.m. Se conecto con ip:127.0.0.1
16/02/2005 12:45:08 a.m. /MASSKILL
16/02/2005 12:45:34 a.m. Sumoneo a  en mapa 2
16/02/2005 12:45:39 a.m. Transporto a C hacia Mapa2 X:54 Y:53
16/02/2005 12:59:33 a.m. Se conecto con ip:127.0.0.1
16/02/2005 12:59:41 a.m. /skills a
16/02/2005 12:59:56 a.m. /mod a skillslibres 3001
16/02/2005 12:59:59 a.m. /skills a
16/02/2005 01:00:05 a.m. /skills c
16/02/2005 01:00:26 a.m. /mod c skillslibres 901
16/02/2005 01:00:34 a.m. Transporto a C hacia Mapa2 X:58 Y:53
16/02/2005 01:00:40 a.m. /skills c
16/02/2005 01:00:56 a.m. Se conecto con ip:127.0.0.1
26/02/2005 05:08:52 p.m. Se conecto con ip:127.0.0.1
26/02/2005 05:11:39 p.m. Se conecto con ip:127.0.0.1
26/02/2005 05:23:28 p.m. Se conecto con ip:127.0.0.1
26/02/2005 07:05:55 p.m. Se conecto con ip:127.0.0.1
26/02/2005 07:06:00 p.m. Transporto a C hacia Mapa2 X:59 Y:52
26/02/2005 07:06:40 p.m. Transporto a C hacia Mapa1 X:50 Y:50
26/02/2005 07:06:41 p.m. Transporto a C hacia Mapa1 X:54 Y:51
26/02/2005 07:06:42 p.m. Transporto a C hacia Mapa1 X:52 Y:56
26/02/2005 07:06:43 p.m. Transporto a C hacia Mapa1 X:50 Y:60
26/02/2005 07:06:44 p.m. Transporto a C hacia Mapa1 X:48 Y:63
26/02/2005 07:08:48 p.m. Se conecto con ip:127.0.0.1
26/02/2005 07:08:56 p.m. Transporto a C hacia Mapa2 X:50 Y:50
26/02/2005 07:09:50 p.m. Se conecto con ip:127.0.0.1
26/02/2005 07:13:04 p.m. Se conecto con ip:127.0.0.1
26/02/2005 07:16:27 p.m. Se conecto con ip:127.0.0.1
26/02/2005 07:18:17 p.m. Se conecto con ip:127.0.0.1
26/02/2005 07:18:55 p.m. /INVISIBLE
26/02/2005 07:19:02 p.m. /INVISIBLE
26/02/2005 07:19:50 p.m. Se conecto con ip:127.0.0.1
26/02/2005 07:19:55 p.m. /INVISIBLE
26/02/2005 07:20:04 p.m. /INVISIBLE
26/02/2005 07:20:50 p.m. Se conecto con ip:127.0.0.1
26/02/2005 07:20:53 p.m. Transporto a C hacia Mapa2 X:56 Y:50
26/02/2005 07:20:54 p.m. /INVISIBLE
26/02/2005 07:21:02 p.m. /INVISIBLE
26/02/2005 07:21:12 p.m. Transporto a C hacia Mapa2 X:52 Y:45
26/02/2005 07:21:13 p.m. Transporto a C hacia Mapa2 X:50 Y:40
26/02/2005 07:21:23 p.m. Transporto a C hacia Mapa1 X:50 Y:50
26/02/2005 07:21:25 p.m. Transporto a C hacia Mapa1 X:50 Y:55
26/02/2005 07:21:26 p.m. Transporto a C hacia Mapa1 X:50 Y:60
26/02/2005 07:21:27 p.m. Transporto a C hacia Mapa1 X:49 Y:62
26/02/2005 07:21:30 p.m. Transporto a C hacia Mapa1 X:48 Y:68
26/02/2005 07:21:31 p.m. Transporto a C hacia Mapa1 X:48 Y:73
26/02/2005 07:21:32 p.m. Transporto a C hacia Mapa1 X:43 Y:76
26/02/2005 07:21:33 p.m. Transporto a C hacia Mapa1 X:37 Y:72
26/02/2005 07:21:33 p.m. Transporto a C hacia Mapa1 X:33 Y:67
26/02/2005 07:21:34 p.m. Transporto a C hacia Mapa1 X:36 Y:64
26/02/2005 07:22:30 p.m. /CI: 389
26/02/2005 07:22:31 p.m. Agarro:100 Objeto:Martillo de Herrero
26/02/2005 07:23:03 p.m. /CI: 194
26/02/2005 07:23:05 p.m. /CI: 193
26/02/2005 07:23:08 p.m. /CI: 192
26/02/2005 07:23:12 p.m. Tiro cantidad:94 Objeto:Objetos Voodoo Satánicos
26/02/2005 07:23:14 p.m. Tiro cantidad:70 Objeto:Flecha
26/02/2005 07:23:19 p.m. Agarro:100 Objeto:Hierro
26/02/2005 07:24:08 p.m. /mod c clase minero
26/02/2005 07:25:39 p.m. /mod c clase herrero
26/02/2005 07:25:55 p.m. /mod c clase cazador
26/02/2005 07:26:39 p.m. /mod c clase herrero
26/02/2005 07:28:01 p.m. Se conecto con ip:127.0.0.1
26/02/2005 07:28:15 p.m. Tiro cantidad:9 Objeto:Hierro
26/02/2005 07:28:20 p.m. Agarro:100 Objeto:Oro
26/02/2005 07:28:36 p.m. Agarro:100 Objeto:Plata
26/02/2005 07:29:47 p.m. Transporto a C hacia Mapa1 X:38 Y:67
26/02/2005 07:29:47 p.m. Transporto a C hacia Mapa1 X:45 Y:72
26/02/2005 07:29:48 p.m. Transporto a C hacia Mapa1 X:51 Y:77
26/02/2005 07:29:48 p.m. Transporto a C hacia Mapa1 X:55 Y:83
26/02/2005 07:29:48 p.m. Transporto a C hacia Mapa1 X:58 Y:89
26/02/2005 07:29:49 p.m. Transporto a C hacia Mapa1 X:64 Y:91
26/02/2005 07:29:50 p.m. Transporto a C hacia Mapa1 X:71 Y:90
