17/08/2004 01:26:34 a.m. 17/08/2004 b paso a nivel 11 gano HP: 6
17/08/2004 01:26:35 a.m. 17/08/2004 b paso a nivel 12 gano HP: 4
17/08/2004 01:26:36 a.m. 17/08/2004 b paso a nivel 13 gano HP: 6
17/08/2004 01:26:38 a.m. 17/08/2004 b paso a nivel 14 gano HP: 4
17/08/2004 01:26:40 a.m. 17/08/2004 b paso a nivel 15 gano HP: 5
10/10/2004 09:24:59 p.m. 10/10/2004 C paso a nivel 34 gano HP: 7
10/10/2004 09:25:00 p.m. 10/10/2004 C paso a nivel 35 gano HP: 5
10/10/2004 09:25:00 p.m. 10/10/2004 C paso a nivel 36 gano HP: 7
10/10/2004 09:28:58 p.m. 10/10/2004 C paso a nivel 37 gano HP: 7
10/10/2004 09:28:58 p.m. 10/10/2004 C paso a nivel 38 gano HP: 4
11/10/2004 12:49:27 a.m. 11/10/2004 C paso a nivel 39 gano HP: 6
12/10/2004 10:51:01 p.m. 12/10/2004 C paso a nivel 40 gano HP: 6
13/10/2004 12:46:26 a.m. 13/10/2004 C paso a nivel 40 gano HP: 4
16/10/2004 12:38:25 p.m. 16/10/2004 CCCC paso a nivel 46 gano HP: 7
28/11/2004 04:12:27 p.m. 28/11/2004 A paso a nivel 39 gano HP: 5
28/11/2004 04:20:38 p.m. 28/11/2004 A paso a nivel 39 gano HP: 5
28/11/2004 04:20:38 p.m. 28/11/2004 C paso a nivel 41 gano HP: 7
28/11/2004 04:27:01 p.m. 28/11/2004 C paso a nivel 41 gano HP: 6
29/11/2004 12:13:57 a.m. 29/11/2004 a paso a nivel 1001 gano HP: 4
29/11/2004 12:13:57 a.m. 29/11/2004 a paso a nivel 1002 gano HP: 5
29/11/2004 12:13:57 a.m. 29/11/2004 a paso a nivel 1003 gano HP: 5
18/12/2004 09:40:13 a.m. 18/12/2004 C paso a nivel 41 gano HP: 6
18/12/2004 09:40:32 a.m. 18/12/2004 C paso a nivel 42 gano HP: 5
18/12/2004 09:40:57 a.m. 18/12/2004 C paso a nivel 43 gano HP: 4
21/12/2004 11:55:18 p.m. 21/12/2004 C paso a nivel 5001 gano HP: 7
21/12/2004 11:55:35 p.m. 21/12/2004 C paso a nivel 5002 gano HP: 7
29/12/2004 09:35:15 p.m. 29/12/2004 A paso a nivel 5001 gano HP: 7
29/12/2004 09:35:15 p.m. 29/12/2004 A paso a nivel 5002 gano HP: 4
29/12/2004 09:35:15 p.m. 29/12/2004 A paso a nivel 5003 gano HP: 7
29/12/2004 09:35:15 p.m. 29/12/2004 A paso a nivel 5004 gano HP: 4
29/12/2004 09:35:15 p.m. 29/12/2004 A paso a nivel 5005 gano HP: 6
29/12/2004 09:35:15 p.m. 29/12/2004 A paso a nivel 5006 gano HP: 7
29/12/2004 09:35:15 p.m. 29/12/2004 A paso a nivel 5007 gano HP: 6
29/12/2004 09:35:15 p.m. 29/12/2004 A paso a nivel 5008 gano HP: 4
29/12/2004 09:35:15 p.m. 29/12/2004 A paso a nivel 5009 gano HP: 6
29/12/2004 09:35:15 p.m. 29/12/2004 A paso a nivel 5010 gano HP: 6
29/12/2004 09:35:15 p.m. 29/12/2004 A paso a nivel 5011 gano HP: 6
29/12/2004 09:35:15 p.m. 29/12/2004 A paso a nivel 5012 gano HP: 6
29/12/2004 09:35:15 p.m. 29/12/2004 A paso a nivel 5013 gano HP: 6
29/12/2004 09:35:15 p.m. 29/12/2004 A paso a nivel 5014 gano HP: 4
29/12/2004 09:35:15 p.m. 29/12/2004 A paso a nivel 5015 gano HP: 6
29/12/2004 09:35:15 p.m. 29/12/2004 A paso a nivel 5016 gano HP: 5
29/12/2004 09:35:15 p.m. 29/12/2004 A paso a nivel 5017 gano HP: 6
29/12/2004 09:35:15 p.m. 29/12/2004 A paso a nivel 5018 gano HP: 6
29/12/2004 09:35:15 p.m. 29/12/2004 A paso a nivel 5019 gano HP: 6
29/12/2004 09:39:40 p.m. 29/12/2004 A paso a nivel 5001 gano HP: 4
29/12/2004 09:39:40 p.m. 29/12/2004 A paso a nivel 5002 gano HP: 4
29/12/2004 09:39:40 p.m. 29/12/2004 A paso a nivel 5003 gano HP: 7
29/12/2004 09:39:40 p.m. 29/12/2004 A paso a nivel 5004 gano HP: 6
29/12/2004 09:39:40 p.m. 29/12/2004 A paso a nivel 5005 gano HP: 6
29/12/2004 09:39:40 p.m. 29/12/2004 A paso a nivel 5006 gano HP: 5
29/12/2004 09:39:40 p.m. 29/12/2004 A paso a nivel 5007 gano HP: 6
29/12/2004 09:39:40 p.m. 29/12/2004 A paso a nivel 5008 gano HP: 6
29/12/2004 09:39:40 p.m. 29/12/2004 A paso a nivel 5009 gano HP: 5
29/12/2004 09:39:40 p.m. 29/12/2004 A paso a nivel 5010 gano HP: 7
29/12/2004 09:39:40 p.m. 29/12/2004 A paso a nivel 5011 gano HP: 6
29/12/2004 09:39:40 p.m. 29/12/2004 A paso a nivel 5012 gano HP: 7
29/12/2004 09:39:40 p.m. 29/12/2004 A paso a nivel 5013 gano HP: 5
29/12/2004 09:39:40 p.m. 29/12/2004 A paso a nivel 5014 gano HP: 4
29/12/2004 09:39:40 p.m. 29/12/2004 A paso a nivel 5015 gano HP: 4
29/12/2004 09:39:40 p.m. 29/12/2004 A paso a nivel 5016 gano HP: 6
29/12/2004 09:39:40 p.m. 29/12/2004 A paso a nivel 5017 gano HP: 6
29/12/2004 09:39:40 p.m. 29/12/2004 A paso a nivel 5018 gano HP: 4
29/12/2004 09:39:40 p.m. 29/12/2004 A paso a nivel 5019 gano HP: 7
29/12/2004 09:56:20 p.m. 29/12/2004 C paso a nivel 21 gano HP: 5
01/01/2005 09:22:31 p.m. 01/01/2005 C paso a nivel 2 gano HP: 4
11/01/2005 07:53:13 p.m. 11/01/2005 C paso a nivel 3 gano HP: 4
11/01/2005 07:53:24 p.m. 11/01/2005 C paso a nivel 4 gano HP: 4
11/01/2005 07:53:41 p.m. 11/01/2005 C paso a nivel 5 gano HP: 6
11/01/2005 07:53:49 p.m. 11/01/2005 C paso a nivel 6 gano HP: 6
11/01/2005 07:53:51 p.m. 11/01/2005 C paso a nivel 7 gano HP: 6
11/01/2005 07:54:00 p.m. 11/01/2005 C paso a nivel 8 gano HP: 4
26/02/2005 07:29:56 p.m. 26/02/2005 C paso a nivel 21 gano HP: 4
