14/07/2004 04:14:36 p.m. NumUsers: 0 WSAPISock2Usr: 0
14/07/2004 04:19:36 p.m. NumUsers: 0 WSAPISock2Usr: 0
27/07/2004 06:11:06 p.m. NumUsers: 0 WSAPISock2Usr: 0
27/07/2004 06:18:50 p.m. No acepte conexion porque no tenia slots
27/07/2004 06:18:55 p.m. No acepte conexion porque no tenia slots
27/07/2004 06:18:57 p.m. No acepte conexion porque no tenia slots
27/07/2004 06:18:58 p.m. No acepte conexion porque no tenia slots
27/07/2004 06:18:59 p.m. No acepte conexion porque no tenia slots
27/07/2004 06:19:00 p.m. No acepte conexion porque no tenia slots
27/07/2004 06:19:00 p.m. No acepte conexion porque no tenia slots
27/07/2004 06:19:01 p.m. No acepte conexion porque no tenia slots
27/07/2004 06:19:02 p.m. No acepte conexion porque no tenia slots
27/07/2004 06:19:20 p.m. No acepte conexion porque no tenia slots
27/07/2004 06:19:20 p.m. No acepte conexion porque no tenia slots
27/07/2004 06:19:21 p.m. No acepte conexion porque no tenia slots
27/07/2004 06:19:22 p.m. No acepte conexion porque no tenia slots
27/07/2004 06:19:23 p.m. No acepte conexion porque no tenia slots
27/07/2004 06:19:23 p.m. No acepte conexion porque no tenia slots
27/07/2004 06:19:24 p.m. No acepte conexion porque no tenia slots
27/07/2004 06:19:27 p.m. No acepte conexion porque no tenia slots
27/07/2004 06:19:28 p.m. No acepte conexion porque no tenia slots
27/07/2004 06:19:30 p.m. No acepte conexion porque no tenia slots
27/07/2004 06:19:30 p.m. No acepte conexion porque no tenia slots
27/07/2004 06:19:31 p.m. No acepte conexion porque no tenia slots
27/07/2004 06:19:33 p.m. No acepte conexion porque no tenia slots
27/07/2004 06:19:34 p.m. No acepte conexion porque no tenia slots
27/07/2004 06:19:36 p.m. No acepte conexion porque no tenia slots
27/07/2004 06:19:37 p.m. No acepte conexion porque no tenia slots
27/07/2004 06:19:59 p.m. No acepte conexion porque no tenia slots
27/07/2004 06:20:00 p.m. No acepte conexion porque no tenia slots
27/07/2004 06:20:01 p.m. No acepte conexion porque no tenia slots
27/07/2004 06:21:09 p.m. No acepte conexion porque no tenia slots
27/07/2004 06:21:09 p.m. No acepte conexion porque no tenia slots
27/07/2004 06:21:13 p.m. No acepte conexion porque no tenia slots
27/07/2004 06:21:13 p.m. No acepte conexion porque no tenia slots
27/07/2004 06:21:15 p.m. No acepte conexion porque no tenia slots
27/07/2004 06:21:15 p.m. No acepte conexion porque no tenia slots
27/07/2004 06:21:16 p.m. No acepte conexion porque no tenia slots
27/07/2004 06:23:21 p.m. No acepte conexion porque no tenia slots
27/07/2004 06:23:31 p.m. No acepte conexion porque no tenia slots
27/07/2004 06:23:36 p.m. No acepte conexion porque no tenia slots
27/07/2004 06:23:43 p.m. NumUsers: 0 WSAPISock2Usr: 0
27/07/2004 06:40:25 p.m. 1) ConnID: -1. ConnidValida Falso Name:  UserLogged: Falso
27/07/2004 06:40:25 p.m. 2) ConnID: -1. ConnidValida Falso Name:  UserLogged: Falso
27/07/2004 06:40:25 p.m. 3) ConnID: -1. ConnidValida Falso Name:  UserLogged: Falso
27/07/2004 06:40:25 p.m. 4) ConnID: -1. ConnidValida Falso Name:  UserLogged: Falso
27/07/2004 06:40:25 p.m. 5) ConnID: -1. ConnidValida Falso Name:  UserLogged: Falso
27/07/2004 06:40:25 p.m. 6) ConnID: -1. ConnidValida Falso Name:  UserLogged: Falso
27/07/2004 06:40:25 p.m. 7) ConnID: -1. ConnidValida Falso Name:  UserLogged: Falso
27/07/2004 06:40:25 p.m. 8) ConnID: -1. ConnidValida Falso Name:  UserLogged: Falso
27/07/2004 06:40:25 p.m. 9) ConnID: -1. ConnidValida Falso Name:  UserLogged: Falso
27/07/2004 06:40:25 p.m. 10) ConnID: -1. ConnidValida Falso Name:  UserLogged: Falso
27/07/2004 06:40:25 p.m. 11) ConnID: -1. ConnidValida Falso Name:  UserLogged: Falso
27/07/2004 06:40:25 p.m. 12) ConnID: -1. ConnidValida Falso Name:  UserLogged: Falso
27/07/2004 06:40:25 p.m. 13) ConnID: -1. ConnidValida Falso Name:  UserLogged: Falso
27/07/2004 06:40:25 p.m. 14) ConnID: -1. ConnidValida Falso Name:  UserLogged: Falso
27/07/2004 06:40:25 p.m. 15) ConnID: -1. ConnidValida Falso Name:  UserLogged: Falso
27/07/2004 06:40:25 p.m. 16) ConnID: -1. ConnidValida Falso Name:  UserLogged: Falso
27/07/2004 06:40:25 p.m. 17) ConnID: -1. ConnidValida Falso Name:  UserLogged: Falso
27/07/2004 06:40:25 p.m. 18) ConnID: -1. ConnidValida Falso Name:  UserLogged: Falso
27/07/2004 06:40:25 p.m. 19) ConnID: -1. ConnidValida Falso Name:  UserLogged: Falso
27/07/2004 06:40:25 p.m. 20) ConnID: -1. ConnidValida Falso Name:  UserLogged: Falso
27/07/2004 06:40:25 p.m. 21) ConnID: -1. ConnidValida Falso Name:  UserLogged: Falso
27/07/2004 06:40:25 p.m. 22) ConnID: -1. ConnidValida Falso Name:  UserLogged: Falso
27/07/2004 06:40:25 p.m. 23) ConnID: -1. ConnidValida Falso Name:  UserLogged: Falso
27/07/2004 06:40:25 p.m. 24) ConnID: -1. ConnidValida Falso Name:  UserLogged: Falso
27/07/2004 06:40:25 p.m. 25) ConnID: -1. ConnidValida Falso Name:  UserLogged: Falso
27/07/2004 06:40:25 p.m. 26) ConnID: -1. ConnidValida Falso Name:  UserLogged: Falso
27/07/2004 06:40:25 p.m. 27) ConnID: -1. ConnidValida Falso Name:  UserLogged: Falso
27/07/2004 06:40:25 p.m. 28) ConnID: -1. ConnidValida Falso Name:  UserLogged: Falso
27/07/2004 06:40:25 p.m. 29) ConnID: -1. ConnidValida Falso Name:  UserLogged: Falso
27/07/2004 06:40:25 p.m. 30) ConnID: -1. ConnidValida Falso Name:  UserLogged: Falso
01/08/2004 03:34:19 a.m. NumUsers: 0 WSAPISock2Usr: 0
07/08/2004 04:53:16 a.m. NumUsers: 1 WSAPISock2Usr: 1
07/08/2004 05:10:57 a.m. NumUsers: 1 WSAPISock2Usr: 1
17/08/2004 01:28:19 a.m. NumUsers: 1 WSAPISock2Usr: 1
17/08/2004 01:48:08 a.m. NumUsers: 1 WSAPISock2Usr: 1
17/08/2004 02:08:38 a.m. NumUsers: 0 WSAPISock2Usr: 0
19/08/2004 05:19:45 p.m. NumUsers: 0 WSAPISock2Usr: 0
19/08/2004 05:33:45 p.m. NumUsers: 0 WSAPISock2Usr: 0
19/08/2004 05:41:45 p.m. NumUsers: 1 WSAPISock2Usr: 1
19/08/2004 05:51:35 p.m. NumUsers: 1 WSAPISock2Usr: 1
19/08/2004 05:56:35 p.m. NumUsers: 0 WSAPISock2Usr: 0
19/08/2004 06:01:35 p.m. NumUsers: 0 WSAPISock2Usr: 0
19/08/2004 06:06:35 p.m. NumUsers: 0 WSAPISock2Usr: 0
19/08/2004 06:11:35 p.m. NumUsers: 0 WSAPISock2Usr: 0
19/08/2004 06:16:35 p.m. NumUsers: 0 WSAPISock2Usr: 0
19/08/2004 06:21:35 p.m. NumUsers: 0 WSAPISock2Usr: 0
19/08/2004 06:26:35 p.m. NumUsers: 0 WSAPISock2Usr: 0
19/08/2004 06:31:35 p.m. NumUsers: 0 WSAPISock2Usr: 0
19/08/2004 06:36:35 p.m. NumUsers: 0 WSAPISock2Usr: 0
19/08/2004 06:41:35 p.m. NumUsers: 0 WSAPISock2Usr: 0
19/08/2004 06:46:36 p.m. NumUsers: 0 WSAPISock2Usr: 0
19/08/2004 06:51:36 p.m. NumUsers: 1 WSAPISock2Usr: 1
19/08/2004 06:56:36 p.m. NumUsers: 0 WSAPISock2Usr: 0
19/08/2004 07:01:36 p.m. NumUsers: 0 WSAPISock2Usr: 0
19/08/2004 07:06:36 p.m. NumUsers: 0 WSAPISock2Usr: 0
19/08/2004 07:11:36 p.m. NumUsers: 1 WSAPISock2Usr: 1
19/08/2004 07:16:36 p.m. NumUsers: 0 WSAPISock2Usr: 0
19/08/2004 07:21:36 p.m. NumUsers: 0 WSAPISock2Usr: 0
19/08/2004 07:26:36 p.m. NumUsers: 1 WSAPISock2Usr: 1
19/08/2004 07:31:36 p.m. NumUsers: 0 WSAPISock2Usr: 0
19/08/2004 07:36:36 p.m. NumUsers: 0 WSAPISock2Usr: 0
19/08/2004 07:41:37 p.m. NumUsers: 0 WSAPISock2Usr: 0
19/08/2004 07:46:37 p.m. NumUsers: 0 WSAPISock2Usr: 0
19/08/2004 07:51:37 p.m. NumUsers: 0 WSAPISock2Usr: 0
19/08/2004 07:56:37 p.m. NumUsers: 0 WSAPISock2Usr: 0
19/08/2004 08:01:37 p.m. NumUsers: 0 WSAPISock2Usr: 0
19/08/2004 08:06:37 p.m. NumUsers: 0 WSAPISock2Usr: 0
19/08/2004 08:11:37 p.m. NumUsers: 0 WSAPISock2Usr: 0
19/08/2004 10:43:52 p.m. NumUsers: 0 WSAPISock2Usr: 0
19/08/2004 10:48:53 p.m. NumUsers: 0 WSAPISock2Usr: 0
19/08/2004 10:53:53 p.m. NumUsers: 0 WSAPISock2Usr: 0
19/08/2004 10:58:53 p.m. NumUsers: 0 WSAPISock2Usr: 0
19/08/2004 11:03:53 p.m. NumUsers: 0 WSAPISock2Usr: 0
19/08/2004 11:08:53 p.m. NumUsers: 0 WSAPISock2Usr: 0
19/08/2004 11:13:53 p.m. NumUsers: 0 WSAPISock2Usr: 0
19/08/2004 11:18:53 p.m. NumUsers: 0 WSAPISock2Usr: 0
19/08/2004 11:23:53 p.m. NumUsers: 0 WSAPISock2Usr: 0
19/08/2004 11:28:53 p.m. NumUsers: 0 WSAPISock2Usr: 0
19/08/2004 11:33:53 p.m. NumUsers: 0 WSAPISock2Usr: 0
19/08/2004 11:38:53 p.m. NumUsers: 0 WSAPISock2Usr: 0
19/08/2004 11:43:53 p.m. NumUsers: 0 WSAPISock2Usr: 0
19/08/2004 11:48:54 p.m. NumUsers: 0 WSAPISock2Usr: 0
19/08/2004 11:53:54 p.m. NumUsers: 0 WSAPISock2Usr: 0
19/08/2004 11:58:54 p.m. NumUsers: 0 WSAPISock2Usr: 0
20/08/2004 12:03:54 a.m. NumUsers: 0 WSAPISock2Usr: 0
20/08/2004 12:08:54 a.m. NumUsers: 0 WSAPISock2Usr: 0
20/08/2004 12:13:54 a.m. NumUsers: 0 WSAPISock2Usr: 0
20/08/2004 12:18:54 a.m. NumUsers: 0 WSAPISock2Usr: 0
20/08/2004 02:15:04 a.m. NumUsers: 1 WSAPISock2Usr: 1
20/08/2004 02:20:04 a.m. NumUsers: 1 WSAPISock2Usr: 1
20/08/2004 02:31:08 a.m. NumUsers: 1 WSAPISock2Usr: 1
20/08/2004 02:36:08 a.m. NumUsers: 1 WSAPISock2Usr: 1
20/08/2004 03:00:48 a.m. NumUsers: 0 WSAPISock2Usr: 0
20/08/2004 03:05:49 a.m. NumUsers: 0 WSAPISock2Usr: 0
20/08/2004 03:10:49 a.m. NumUsers: 0 WSAPISock2Usr: 0
20/08/2004 03:15:49 a.m. NumUsers: 0 WSAPISock2Usr: 0
20/08/2004 03:21:49 a.m. NumUsers: 0 WSAPISock2Usr: 0
20/08/2004 03:27:49 a.m. NumUsers: 0 WSAPISock2Usr: 0
22/08/2004 12:18:59 a.m. NumUsers: 0 WSAPISock2Usr: 0
22/08/2004 12:23:59 a.m. NumUsers: 0 WSAPISock2Usr: 0
22/08/2004 12:28:59 a.m. NumUsers: 0 WSAPISock2Usr: 0
22/08/2004 12:33:59 a.m. NumUsers: 1 WSAPISock2Usr: 1
22/08/2004 12:38:59 a.m. NumUsers: 0 WSAPISock2Usr: 0
22/08/2004 12:52:59 a.m. NumUsers: 0 WSAPISock2Usr: 0
22/08/2004 12:58:00 a.m. NumUsers: 0 WSAPISock2Usr: 0
22/08/2004 01:03:00 a.m. NumUsers: 0 WSAPISock2Usr: 0
22/08/2004 01:08:00 a.m. NumUsers: 0 WSAPISock2Usr: 0
22/08/2004 01:13:00 a.m. NumUsers: 0 WSAPISock2Usr: 0
22/08/2004 01:18:00 a.m. NumUsers: 0 WSAPISock2Usr: 0
22/08/2004 01:47:13 a.m. NumUsers: 2 WSAPISock2Usr: 2
22/08/2004 08:12:31 p.m. NumUsers: 1 WSAPISock2Usr: 1
28/08/2004 08:57:42 p.m. NumUsers: 2 WSAPISock2Usr: 2
10/10/2004 07:30:41 p.m. NumUsers: 0 WSAPISock2Usr: 0
10/10/2004 07:55:13 p.m. NumUsers: 0 WSAPISock2Usr: 0
10/10/2004 08:01:13 p.m. NumUsers: 0 WSAPISock2Usr: 0
10/10/2004 08:15:23 p.m. NumUsers: 0 WSAPISock2Usr: 0
10/10/2004 08:37:39 p.m. NumUsers: 0 WSAPISock2Usr: 0
10/10/2004 08:42:39 p.m. NumUsers: 0 WSAPISock2Usr: 0
10/10/2004 08:47:39 p.m. NumUsers: 0 WSAPISock2Usr: 0
10/10/2004 09:01:34 p.m. NumUsers: 0 WSAPISock2Usr: 0
10/10/2004 09:12:32 p.m. NumUsers: 0 WSAPISock2Usr: 0
10/10/2004 09:27:40 p.m. NumUsers: 0 WSAPISock2Usr: 0
10/10/2004 09:32:40 p.m. NumUsers: 1 WSAPISock2Usr: 1
10/10/2004 09:37:40 p.m. NumUsers: 0 WSAPISock2Usr: 0
10/10/2004 09:42:40 p.m. NumUsers: 0 WSAPISock2Usr: 0
10/10/2004 09:47:40 p.m. NumUsers: 0 WSAPISock2Usr: 0
10/10/2004 09:52:40 p.m. NumUsers: 0 WSAPISock2Usr: 0
10/10/2004 09:57:40 p.m. NumUsers: 0 WSAPISock2Usr: 0
10/10/2004 10:02:40 p.m. NumUsers: 0 WSAPISock2Usr: 0
10/10/2004 10:07:40 p.m. NumUsers: 0 WSAPISock2Usr: 0
10/10/2004 10:12:41 p.m. NumUsers: 0 WSAPISock2Usr: 0
10/10/2004 10:17:41 p.m. NumUsers: 0 WSAPISock2Usr: 0
10/10/2004 10:22:41 p.m. NumUsers: 0 WSAPISock2Usr: 0
10/10/2004 10:27:42 p.m. NumUsers: 0 WSAPISock2Usr: 0
10/10/2004 10:32:42 p.m. NumUsers: 0 WSAPISock2Usr: 0
10/10/2004 10:37:42 p.m. NumUsers: 0 WSAPISock2Usr: 0
10/10/2004 10:42:42 p.m. NumUsers: 0 WSAPISock2Usr: 0
10/10/2004 10:47:42 p.m. NumUsers: 0 WSAPISock2Usr: 0
10/10/2004 10:52:42 p.m. NumUsers: 0 WSAPISock2Usr: 0
10/10/2004 10:57:42 p.m. NumUsers: 0 WSAPISock2Usr: 0
10/10/2004 11:02:43 p.m. NumUsers: 0 WSAPISock2Usr: 0
10/10/2004 11:07:43 p.m. NumUsers: 0 WSAPISock2Usr: 0
10/10/2004 11:12:43 p.m. NumUsers: 0 WSAPISock2Usr: 0
10/10/2004 11:17:43 p.m. NumUsers: 0 WSAPISock2Usr: 0
10/10/2004 11:22:43 p.m. NumUsers: 0 WSAPISock2Usr: 0
10/10/2004 11:27:43 p.m. NumUsers: 0 WSAPISock2Usr: 0
10/10/2004 11:32:43 p.m. NumUsers: 0 WSAPISock2Usr: 0
10/10/2004 11:37:43 p.m. NumUsers: 1 WSAPISock2Usr: 1
10/10/2004 11:42:43 p.m. NumUsers: 1 WSAPISock2Usr: 1
10/10/2004 11:47:44 p.m. NumUsers: 0 WSAPISock2Usr: 0
10/10/2004 11:52:44 p.m. NumUsers: 0 WSAPISock2Usr: 0
10/10/2004 11:57:44 p.m. NumUsers: 0 WSAPISock2Usr: 0
11/10/2004 12:02:44 a.m. NumUsers: 0 WSAPISock2Usr: 0
11/10/2004 12:07:44 a.m. NumUsers: 1 WSAPISock2Usr: 1
11/10/2004 12:12:44 a.m. NumUsers: 0 WSAPISock2Usr: 0
11/10/2004 12:17:44 a.m. NumUsers: 0 WSAPISock2Usr: 0
11/10/2004 12:26:44 a.m. NumUsers: 1 WSAPISock2Usr: 1
11/10/2004 12:37:52 a.m. NumUsers: 1 WSAPISock2Usr: 1
11/10/2004 12:43:52 a.m. NumUsers: 1 WSAPISock2Usr: 1
11/10/2004 12:48:52 a.m. NumUsers: 1 WSAPISock2Usr: 1
11/10/2004 12:53:52 a.m. NumUsers: 0 WSAPISock2Usr: 0
11/10/2004 12:58:52 a.m. NumUsers: 0 WSAPISock2Usr: 0
11/10/2004 01:03:52 a.m. NumUsers: 0 WSAPISock2Usr: 0
11/10/2004 12:38:52 p.m. NumUsers: 1 WSAPISock2Usr: 1
11/10/2004 12:43:52 p.m. NumUsers: 1 WSAPISock2Usr: 1
11/10/2004 12:48:52 p.m. NumUsers: 0 WSAPISock2Usr: 0
11/10/2004 12:53:52 p.m. NumUsers: 0 WSAPISock2Usr: 0
11/10/2004 12:58:53 p.m. NumUsers: 0 WSAPISock2Usr: 0
11/10/2004 01:03:53 p.m. NumUsers: 0 WSAPISock2Usr: 0
11/10/2004 01:08:53 p.m. NumUsers: 0 WSAPISock2Usr: 0
11/10/2004 01:13:54 p.m. NumUsers: 1 WSAPISock2Usr: 1
11/10/2004 01:18:54 p.m. NumUsers: 0 WSAPISock2Usr: 0
11/10/2004 01:23:54 p.m. NumUsers: 0 WSAPISock2Usr: 0
11/10/2004 01:28:54 p.m. NumUsers: 0 WSAPISock2Usr: 0
11/10/2004 01:33:54 p.m. NumUsers: 0 WSAPISock2Usr: 0
11/10/2004 01:38:54 p.m. NumUsers: 0 WSAPISock2Usr: 0
11/10/2004 01:43:54 p.m. NumUsers: 0 WSAPISock2Usr: 0
11/10/2004 01:48:54 p.m. NumUsers: 0 WSAPISock2Usr: 0
11/10/2004 01:53:54 p.m. NumUsers: 0 WSAPISock2Usr: 0
11/10/2004 01:58:55 p.m. NumUsers: 0 WSAPISock2Usr: 0
11/10/2004 02:03:55 p.m. NumUsers: 0 WSAPISock2Usr: 0
11/10/2004 02:08:55 p.m. NumUsers: 1 WSAPISock2Usr: 1
11/10/2004 02:17:20 p.m. NumUsers: 1 WSAPISock2Usr: 1
11/10/2004 02:22:20 p.m. NumUsers: 0 WSAPISock2Usr: 0
11/10/2004 02:32:22 p.m. NumUsers: 0 WSAPISock2Usr: 1
11/10/2004 02:37:22 p.m. NumUsers: 0 WSAPISock2Usr: 0
11/10/2004 02:42:22 p.m. NumUsers: 0 WSAPISock2Usr: 0
11/10/2004 03:33:43 p.m. NumUsers: 0 WSAPISock2Usr: 0
11/10/2004 03:41:14 p.m. NumUsers: 0 WSAPISock2Usr: 0
11/10/2004 03:49:14 p.m. NumUsers: 0 WSAPISock2Usr: 0
11/10/2004 03:58:27 p.m. NumUsers: 0 WSAPISock2Usr: 0
11/10/2004 04:04:51 p.m. NumUsers: 0 WSAPISock2Usr: 0
11/10/2004 04:09:51 p.m. NumUsers: 0 WSAPISock2Usr: 0
11/10/2004 09:14:19 p.m. NumUsers: 0 WSAPISock2Usr: 0
11/10/2004 09:19:19 p.m. NumUsers: 0 WSAPISock2Usr: 0
12/10/2004 11:03:34 p.m. NumUsers: 2 WSAPISock2Usr: 2
12/10/2004 11:29:41 p.m. NumUsers: 0 WSAPISock2Usr: 0
12/10/2004 11:34:41 p.m. NumUsers: 0 WSAPISock2Usr: 0
12/10/2004 11:39:41 p.m. NumUsers: 0 WSAPISock2Usr: 0
12/10/2004 11:44:41 p.m. NumUsers: 0 WSAPISock2Usr: 0
12/10/2004 11:49:41 p.m. NumUsers: 0 WSAPISock2Usr: 0
12/10/2004 11:54:41 p.m. NumUsers: 0 WSAPISock2Usr: 0
12/10/2004 11:59:42 p.m. NumUsers: 0 WSAPISock2Usr: 0
13/10/2004 12:04:42 a.m. NumUsers: 0 WSAPISock2Usr: 0
13/10/2004 12:09:42 a.m. NumUsers: 0 WSAPISock2Usr: 0
13/10/2004 12:14:42 a.m. NumUsers: 0 WSAPISock2Usr: 0
13/10/2004 12:19:42 a.m. NumUsers: 0 WSAPISock2Usr: 0
13/10/2004 12:24:42 a.m. NumUsers: 2 WSAPISock2Usr: 2
13/10/2004 12:49:29 a.m. NumUsers: 2 WSAPISock2Usr: 2
14/10/2004 07:32:16 a.m. NumUsers: 2 WSAPISock2Usr: 2
16/10/2004 12:25:40 p.m. NumUsers: 0 WSAPISock2Usr: 0
16/10/2004 12:39:18 p.m. NumUsers: 1 WSAPISock2Usr: 1
05/11/2004 10:47:03 p.m. NumUsers: 0 WSAPISock2Usr: 0
05/11/2004 10:52:03 p.m. NumUsers: 0 WSAPISock2Usr: 0
05/11/2004 11:06:07 p.m. NumUsers: 0 WSAPISock2Usr: 0
05/11/2004 11:11:07 p.m. NumUsers: 0 WSAPISock2Usr: 0
05/11/2004 11:16:07 p.m. NumUsers: 0 WSAPISock2Usr: 0
05/11/2004 11:21:09 p.m. NumUsers: 0 WSAPISock2Usr: 0
05/11/2004 11:26:09 p.m. NumUsers: 0 WSAPISock2Usr: 0
05/11/2004 11:31:09 p.m. NumUsers: 0 WSAPISock2Usr: 0
05/11/2004 11:36:09 p.m. NumUsers: 0 WSAPISock2Usr: 0
05/11/2004 11:46:11 p.m. NumUsers: 2 WSAPISock2Usr: 2
07/11/2004 08:51:45 p.m. NumUsers: 1 WSAPISock2Usr: 1
28/11/2004 01:48:13 p.m. NumUsers: 1 WSAPISock2Usr: 1
28/11/2004 03:07:38 p.m. NumUsers: 0 WSAPISock2Usr: 0
28/11/2004 04:15:17 p.m. NumUsers: 2 WSAPISock2Usr: 2
28/11/2004 04:29:01 p.m. NumUsers: 2 WSAPISock2Usr: 2
28/11/2004 06:36:40 p.m. NumUsers: 2 WSAPISock2Usr: 2
28/11/2004 06:49:09 p.m. NumUsers: 1 WSAPISock2Usr: 1
29/11/2004 12:06:05 a.m. NumUsers: 2 WSAPISock2Usr: 2
29/11/2004 12:11:05 a.m. NumUsers: 2 WSAPISock2Usr: 2
29/11/2004 12:16:05 a.m. NumUsers: 2 WSAPISock2Usr: 2
03/12/2004 11:52:08 p.m. NumUsers: 0 WSAPISock2Usr: 0
08/12/2004 08:56:58 p.m. NumUsers: 0 WSAPISock2Usr: 0
08/12/2004 09:01:59 p.m. NumUsers: 2 WSAPISock2Usr: 2
08/12/2004 09:24:24 p.m. NumUsers: 1 WSAPISock2Usr: 1
08/12/2004 09:29:24 p.m. NumUsers: 1 WSAPISock2Usr: 1
08/12/2004 09:34:24 p.m. NumUsers: 1 WSAPISock2Usr: 1
17/12/2004 09:45:23 p.m. NumUsers: 0 WSAPISock2Usr: 0
17/12/2004 09:50:23 p.m. NumUsers: 0 WSAPISock2Usr: 0
17/12/2004 09:55:23 p.m. NumUsers: 1 WSAPISock2Usr: 1
17/12/2004 10:00:23 p.m. NumUsers: 0 WSAPISock2Usr: 0
18/12/2004 09:43:09 a.m. NumUsers: 1 WSAPISock2Usr: 1
18/12/2004 08:27:24 p.m. NumUsers: 1 WSAPISock2Usr: 1
18/12/2004 09:12:54 p.m. NumUsers: 2 WSAPISock2Usr: 2
18/12/2004 09:58:55 p.m. NumUsers: 2 WSAPISock2Usr: 2
19/12/2004 11:22:00 a.m. NumUsers: 1 WSAPISock2Usr: 1
19/12/2004 11:27:00 a.m. NumUsers: 1 WSAPISock2Usr: 1
19/12/2004 12:32:34 p.m. NumUsers: 2 WSAPISock2Usr: 2
21/12/2004 08:00:58 p.m. NumUsers: 0 WSAPISock2Usr: 0
21/12/2004 08:05:58 p.m. NumUsers: 0 WSAPISock2Usr: 0
21/12/2004 08:10:58 p.m. NumUsers: 0 WSAPISock2Usr: 0
21/12/2004 08:15:59 p.m. NumUsers: 0 WSAPISock2Usr: 0
21/12/2004 08:20:59 p.m. NumUsers: 0 WSAPISock2Usr: 0
21/12/2004 08:25:59 p.m. NumUsers: 0 WSAPISock2Usr: 0
21/12/2004 08:30:59 p.m. NumUsers: 0 WSAPISock2Usr: 0
21/12/2004 08:35:59 p.m. NumUsers: 0 WSAPISock2Usr: 0
21/12/2004 08:40:59 p.m. NumUsers: 0 WSAPISock2Usr: 0
21/12/2004 08:45:59 p.m. NumUsers: 0 WSAPISock2Usr: 0
21/12/2004 08:51:00 p.m. NumUsers: 0 WSAPISock2Usr: 0
21/12/2004 08:56:00 p.m. NumUsers: 0 WSAPISock2Usr: 0
21/12/2004 09:01:00 p.m. NumUsers: 0 WSAPISock2Usr: 0
21/12/2004 09:06:00 p.m. NumUsers: 0 WSAPISock2Usr: 0
21/12/2004 09:11:00 p.m. NumUsers: 0 WSAPISock2Usr: 0
21/12/2004 09:16:00 p.m. NumUsers: 0 WSAPISock2Usr: 0
21/12/2004 09:21:00 p.m. NumUsers: 0 WSAPISock2Usr: 0
21/12/2004 09:26:00 p.m. NumUsers: 0 WSAPISock2Usr: 0
21/12/2004 09:31:00 p.m. NumUsers: 0 WSAPISock2Usr: 0
21/12/2004 09:36:00 p.m. NumUsers: 0 WSAPISock2Usr: 0
21/12/2004 09:41:00 p.m. NumUsers: 0 WSAPISock2Usr: 0
21/12/2004 09:46:00 p.m. NumUsers: 0 WSAPISock2Usr: 0
21/12/2004 09:51:00 p.m. NumUsers: 0 WSAPISock2Usr: 0
21/12/2004 09:56:00 p.m. NumUsers: 0 WSAPISock2Usr: 0
21/12/2004 10:01:00 p.m. NumUsers: 0 WSAPISock2Usr: 0
21/12/2004 10:06:00 p.m. NumUsers: 0 WSAPISock2Usr: 0
21/12/2004 10:11:00 p.m. NumUsers: 0 WSAPISock2Usr: 0
21/12/2004 10:16:00 p.m. NumUsers: 0 WSAPISock2Usr: 0
21/12/2004 10:21:00 p.m. NumUsers: 0 WSAPISock2Usr: 0
21/12/2004 10:26:00 p.m. NumUsers: 0 WSAPISock2Usr: 0
21/12/2004 10:31:00 p.m. NumUsers: 0 WSAPISock2Usr: 0
21/12/2004 10:36:00 p.m. NumUsers: 0 WSAPISock2Usr: 0
21/12/2004 10:41:00 p.m. NumUsers: 0 WSAPISock2Usr: 0
21/12/2004 10:46:00 p.m. NumUsers: 0 WSAPISock2Usr: 0
21/12/2004 10:51:00 p.m. NumUsers: 0 WSAPISock2Usr: 0
21/12/2004 10:56:01 p.m. NumUsers: 0 WSAPISock2Usr: 0
21/12/2004 11:01:03 p.m. NumUsers: 0 WSAPISock2Usr: 0
21/12/2004 11:06:03 p.m. NumUsers: 0 WSAPISock2Usr: 0
21/12/2004 11:11:03 p.m. NumUsers: 0 WSAPISock2Usr: 0
21/12/2004 11:16:03 p.m. NumUsers: 0 WSAPISock2Usr: 0
21/12/2004 11:21:03 p.m. NumUsers: 0 WSAPISock2Usr: 0
21/12/2004 11:26:03 p.m. NumUsers: 0 WSAPISock2Usr: 0
21/12/2004 11:31:03 p.m. NumUsers: 0 WSAPISock2Usr: 0
21/12/2004 11:36:03 p.m. NumUsers: 0 WSAPISock2Usr: 0
21/12/2004 11:41:03 p.m. NumUsers: 0 WSAPISock2Usr: 0
21/12/2004 11:46:03 p.m. NumUsers: 0 WSAPISock2Usr: 0
21/12/2004 11:57:58 p.m. NumUsers: 1 WSAPISock2Usr: 1
22/12/2004 12:02:58 a.m. NumUsers: 0 WSAPISock2Usr: 0
22/12/2004 12:07:58 a.m. NumUsers: 0 WSAPISock2Usr: 0
22/12/2004 12:12:59 a.m. NumUsers: 0 WSAPISock2Usr: 0
22/12/2004 12:17:59 a.m. NumUsers: 0 WSAPISock2Usr: 0
22/12/2004 12:28:35 a.m. NumUsers: 0 WSAPISock2Usr: 0
22/12/2004 12:33:35 a.m. NumUsers: 1 WSAPISock2Usr: 1
22/12/2004 12:38:35 a.m. NumUsers: 0 WSAPISock2Usr: 0
23/12/2004 08:44:09 p.m. NumUsers: 1 WSAPISock2Usr: 1
23/12/2004 08:54:20 p.m. NumUsers: 0 WSAPISock2Usr: 0
23/12/2004 08:59:20 p.m. NumUsers: 0 WSAPISock2Usr: 0
23/12/2004 09:07:49 p.m. NumUsers: 1 WSAPISock2Usr: 1
23/12/2004 09:13:54 p.m. NumUsers: 0 WSAPISock2Usr: 0
24/12/2004 11:31:33 a.m. NumUsers: 1 WSAPISock2Usr: 1
24/12/2004 11:36:33 a.m. NumUsers: 1 WSAPISock2Usr: 1
24/12/2004 11:41:35 a.m. NumUsers: 1 WSAPISock2Usr: 1
24/12/2004 11:47:36 a.m. NumUsers: 1 WSAPISock2Usr: 1
24/12/2004 12:27:11 p.m. NumUsers: 1 WSAPISock2Usr: 1
24/12/2004 12:32:11 p.m. NumUsers: 1 WSAPISock2Usr: 1
24/12/2004 12:37:11 p.m. NumUsers: 1 WSAPISock2Usr: 1
24/12/2004 12:42:11 p.m. NumUsers: 1 WSAPISock2Usr: 1
24/12/2004 12:47:11 p.m. NumUsers: 0 WSAPISock2Usr: 0
24/12/2004 12:52:11 p.m. NumUsers: 1 WSAPISock2Usr: 1
24/12/2004 12:57:11 p.m. NumUsers: 0 WSAPISock2Usr: 0
24/12/2004 01:02:11 p.m. NumUsers: 0 WSAPISock2Usr: 0
24/12/2004 01:07:11 p.m. NumUsers: 1 WSAPISock2Usr: 1
24/12/2004 01:12:11 p.m. NumUsers: 1 WSAPISock2Usr: 1
24/12/2004 01:17:11 p.m. NumUsers: 1 WSAPISock2Usr: 1
24/12/2004 01:22:11 p.m. NumUsers: 1 WSAPISock2Usr: 1
24/12/2004 01:27:11 p.m. NumUsers: 1 WSAPISock2Usr: 1
24/12/2004 01:32:11 p.m. NumUsers: 0 WSAPISock2Usr: 0
24/12/2004 01:37:11 p.m. NumUsers: 0 WSAPISock2Usr: 0
24/12/2004 01:42:11 p.m. NumUsers: 0 WSAPISock2Usr: 0
24/12/2004 01:47:11 p.m. NumUsers: 0 WSAPISock2Usr: 0
24/12/2004 01:52:11 p.m. NumUsers: 0 WSAPISock2Usr: 0
24/12/2004 01:57:11 p.m. NumUsers: 0 WSAPISock2Usr: 0
24/12/2004 02:02:12 p.m. NumUsers: 0 WSAPISock2Usr: 0
24/12/2004 02:07:12 p.m. NumUsers: 0 WSAPISock2Usr: 0
24/12/2004 02:12:12 p.m. NumUsers: 0 WSAPISock2Usr: 0
24/12/2004 02:17:12 p.m. NumUsers: 0 WSAPISock2Usr: 0
24/12/2004 02:22:12 p.m. NumUsers: 0 WSAPISock2Usr: 0
24/12/2004 02:27:12 p.m. NumUsers: 0 WSAPISock2Usr: 0
24/12/2004 02:32:12 p.m. NumUsers: 0 WSAPISock2Usr: 0
24/12/2004 02:37:12 p.m. NumUsers: 0 WSAPISock2Usr: 0
24/12/2004 02:42:12 p.m. NumUsers: 0 WSAPISock2Usr: 0
24/12/2004 02:47:12 p.m. NumUsers: 0 WSAPISock2Usr: 0
24/12/2004 02:52:12 p.m. NumUsers: 0 WSAPISock2Usr: 0
24/12/2004 02:57:12 p.m. NumUsers: 0 WSAPISock2Usr: 0
24/12/2004 03:02:12 p.m. NumUsers: 0 WSAPISock2Usr: 0
24/12/2004 03:07:12 p.m. NumUsers: 0 WSAPISock2Usr: 0
24/12/2004 03:12:12 p.m. NumUsers: 0 WSAPISock2Usr: 0
26/12/2004 12:33:25 p.m. NumUsers: 1 WSAPISock2Usr: 1
26/12/2004 12:38:25 p.m. NumUsers: 0 WSAPISock2Usr: 0
26/12/2004 12:51:02 p.m. NumUsers: 0 WSAPISock2Usr: 0
26/12/2004 12:56:02 p.m. NumUsers: 0 WSAPISock2Usr: 0
26/12/2004 01:07:49 p.m. NumUsers: 2 WSAPISock2Usr: 2
26/12/2004 01:21:43 p.m. NumUsers: 0 WSAPISock2Usr: 0
26/12/2004 01:26:43 p.m. NumUsers: 0 WSAPISock2Usr: 0
26/12/2004 01:31:43 p.m. NumUsers: 0 WSAPISock2Usr: 0
26/12/2004 01:36:43 p.m. NumUsers: 0 WSAPISock2Usr: 0
26/12/2004 01:41:43 p.m. NumUsers: 0 WSAPISock2Usr: 0
26/12/2004 01:46:43 p.m. NumUsers: 0 WSAPISock2Usr: 0
26/12/2004 01:51:43 p.m. NumUsers: 0 WSAPISock2Usr: 0
26/12/2004 01:56:44 p.m. NumUsers: 0 WSAPISock2Usr: 0
26/12/2004 02:01:44 p.m. NumUsers: 0 WSAPISock2Usr: 0
26/12/2004 02:15:40 p.m. NumUsers: 1 WSAPISock2Usr: 1
26/12/2004 02:20:40 p.m. NumUsers: 1 WSAPISock2Usr: 1
26/12/2004 02:25:40 p.m. NumUsers: 0 WSAPISock2Usr: 0
26/12/2004 02:38:52 p.m. NumUsers: 1 WSAPISock2Usr: 1
26/12/2004 07:33:34 p.m. NumUsers: 0 WSAPISock2Usr: 0
26/12/2004 07:38:34 p.m. NumUsers: 0 WSAPISock2Usr: 0
26/12/2004 07:49:48 p.m. NumUsers: 1 WSAPISock2Usr: 1
26/12/2004 08:20:32 p.m. NumUsers: 0 WSAPISock2Usr: 0
26/12/2004 08:25:32 p.m. NumUsers: 0 WSAPISock2Usr: 0
26/12/2004 08:30:32 p.m. NumUsers: 0 WSAPISock2Usr: 0
26/12/2004 08:35:32 p.m. NumUsers: 0 WSAPISock2Usr: 0
26/12/2004 09:19:59 p.m. NumUsers: 1 WSAPISock2Usr: 1
26/12/2004 09:24:59 p.m. NumUsers: 0 WSAPISock2Usr: 0
26/12/2004 09:29:59 p.m. NumUsers: 0 WSAPISock2Usr: 0
26/12/2004 09:35:00 p.m. NumUsers: 0 WSAPISock2Usr: 0
26/12/2004 09:40:00 p.m. NumUsers: 0 WSAPISock2Usr: 0
26/12/2004 10:00:55 p.m. NumUsers: 0 WSAPISock2Usr: 0
26/12/2004 10:05:55 p.m. NumUsers: 0 WSAPISock2Usr: 0
29/12/2004 09:36:19 p.m. NumUsers: 0 WSAPISock2Usr: 0
29/12/2004 09:43:20 p.m. NumUsers: 0 WSAPISock2Usr: 0
29/12/2004 09:51:20 p.m. NumUsers: 1 WSAPISock2Usr: 1
29/12/2004 09:56:20 p.m. NumUsers: 1 WSAPISock2Usr: 1
01/01/2005 04:10:22 p.m. NumUsers: 1 WSAPISock2Usr: 1
01/01/2005 04:15:22 p.m. NumUsers: 1 WSAPISock2Usr: 1
01/01/2005 04:20:22 p.m. NumUsers: 0 WSAPISock2Usr: 0
01/01/2005 04:25:22 p.m. NumUsers: 0 WSAPISock2Usr: 0
01/01/2005 04:33:33 p.m. NumUsers: 0 WSAPISock2Usr: 0
01/01/2005 04:38:33 p.m. NumUsers: 0 WSAPISock2Usr: 0
01/01/2005 04:43:33 p.m. NumUsers: 0 WSAPISock2Usr: 0
01/01/2005 04:48:34 p.m. NumUsers: 1 WSAPISock2Usr: 1
01/01/2005 05:05:41 p.m. NumUsers: 1 WSAPISock2Usr: 1
01/01/2005 05:14:41 p.m. NumUsers: 0 WSAPISock2Usr: 0
01/01/2005 05:21:16 p.m. NumUsers: 2 WSAPISock2Usr: 2
01/01/2005 05:26:16 p.m. NumUsers: 2 WSAPISock2Usr: 2
01/01/2005 05:31:16 p.m. NumUsers: 2 WSAPISock2Usr: 2
01/01/2005 05:36:17 p.m. NumUsers: 0 WSAPISock2Usr: 0
01/01/2005 06:50:20 p.m. NumUsers: 0 WSAPISock2Usr: 0
01/01/2005 06:55:20 p.m. NumUsers: 0 WSAPISock2Usr: 0
01/01/2005 07:00:20 p.m. NumUsers: 1 WSAPISock2Usr: 1
01/01/2005 09:12:11 p.m. NumUsers: 0 WSAPISock2Usr: 0
01/01/2005 09:17:12 p.m. NumUsers: 0 WSAPISock2Usr: 0
01/01/2005 09:22:12 p.m. NumUsers: 1 WSAPISock2Usr: 1
09/01/2005 11:09:56 a.m. NumUsers: 1 WSAPISock2Usr: 1
10/01/2005 09:41:22 p.m. NumUsers: 0 WSAPISock2Usr: 0
10/01/2005 09:42:22 p.m. Num <> NumUsers
10/01/2005 10:02:48 p.m. NumUsers: 1 WSAPISock2Usr: 1
10/01/2005 10:07:49 p.m. NumUsers: 0 WSAPISock2Usr: 0
10/01/2005 10:12:49 p.m. NumUsers: 0 WSAPISock2Usr: 0
10/01/2005 10:17:49 p.m. NumUsers: 0 WSAPISock2Usr: 0
10/01/2005 10:22:49 p.m. NumUsers: 0 WSAPISock2Usr: 0
10/01/2005 10:27:49 p.m. NumUsers: 0 WSAPISock2Usr: 0
10/01/2005 10:32:49 p.m. NumUsers: 0 WSAPISock2Usr: 0
10/01/2005 10:37:49 p.m. NumUsers: 0 WSAPISock2Usr: 0
10/01/2005 10:42:49 p.m. NumUsers: 0 WSAPISock2Usr: 0
10/01/2005 10:47:49 p.m. NumUsers: 0 WSAPISock2Usr: 0
10/01/2005 10:52:49 p.m. NumUsers: 0 WSAPISock2Usr: 0
10/01/2005 10:57:49 p.m. NumUsers: 0 WSAPISock2Usr: 0
10/01/2005 11:02:49 p.m. NumUsers: 0 WSAPISock2Usr: 0
10/01/2005 11:07:50 p.m. NumUsers: 0 WSAPISock2Usr: 0
10/01/2005 11:12:50 p.m. NumUsers: 0 WSAPISock2Usr: 0
10/01/2005 11:17:50 p.m. NumUsers: 0 WSAPISock2Usr: 0
10/01/2005 11:22:50 p.m. NumUsers: 0 WSAPISock2Usr: 0
10/01/2005 11:27:50 p.m. NumUsers: 0 WSAPISock2Usr: 0
11/01/2005 12:05:18 a.m. NumUsers: 0 WSAPISock2Usr: 0
11/01/2005 12:38:18 a.m. NumUsers: 0 WSAPISock2Usr: 0
30/01/2005 11:21:42 a.m. NumUsers: 1 WSAPISock2Usr: 1
30/01/2005 11:26:42 a.m. NumUsers: 1 WSAPISock2Usr: 1
30/01/2005 11:31:42 a.m. NumUsers: 1 WSAPISock2Usr: 1
30/01/2005 11:42:42 a.m. NumUsers: 1 WSAPISock2Usr: 1
30/01/2005 01:48:54 p.m. Num <> NumUsers
30/01/2005 01:51:54 p.m. NumUsers: 1 WSAPISock2Usr: 1
06/02/2005 02:50:44 a.m. NumUsers: 1 WSAPISock2Usr: 1
06/02/2005 02:55:44 a.m. NumUsers: 1 WSAPISock2Usr: 1
07/02/2005 08:24:47 p.m. NumUsers: 0 WSAPISock2Usr: 0
07/02/2005 08:29:47 p.m. NumUsers: 2 WSAPISock2Usr: 2
07/02/2005 08:57:56 p.m. NumUsers: 0 WSAPISock2Usr: 0
07/02/2005 09:02:56 p.m. NumUsers: 0 WSAPISock2Usr: 0
07/02/2005 09:07:56 p.m. NumUsers: 0 WSAPISock2Usr: 0
07/02/2005 09:12:56 p.m. NumUsers: 0 WSAPISock2Usr: 0
07/02/2005 09:17:56 p.m. NumUsers: 0 WSAPISock2Usr: 0
07/02/2005 09:22:56 p.m. NumUsers: 0 WSAPISock2Usr: 0
07/02/2005 09:27:56 p.m. NumUsers: 0 WSAPISock2Usr: 0
07/02/2005 09:32:56 p.m. NumUsers: 0 WSAPISock2Usr: 0
07/02/2005 09:37:56 p.m. NumUsers: 0 WSAPISock2Usr: 0
07/02/2005 09:42:56 p.m. NumUsers: 0 WSAPISock2Usr: 0
07/02/2005 09:47:56 p.m. NumUsers: 0 WSAPISock2Usr: 0
07/02/2005 09:52:56 p.m. NumUsers: 0 WSAPISock2Usr: 0
07/02/2005 09:57:56 p.m. NumUsers: 0 WSAPISock2Usr: 0
07/02/2005 10:02:56 p.m. NumUsers: 0 WSAPISock2Usr: 0
26/02/2005 05:27:58 p.m. NumUsers: 0 WSAPISock2Usr: 0
26/02/2005 05:43:56 p.m. NumUsers: 0 WSAPISock2Usr: 0
26/02/2005 05:48:56 p.m. NumUsers: 0 WSAPISock2Usr: 0
26/02/2005 07:08:14 p.m. NumUsers: 0 WSAPISock2Usr: 0
26/02/2005 07:23:22 p.m. NumUsers: 1 WSAPISock2Usr: 1
26/02/2005 07:28:22 p.m. NumUsers: 1 WSAPISock2Usr: 1
26/02/2005 07:33:22 p.m. NumUsers: 1 WSAPISock2Usr: 1
27/02/2005 03:13:53 p.m. NumUsers: 2 WSAPISock2Usr: 2
27/02/2005 03:45:17 p.m. NumUsers: 0 WSAPISock2Usr: 0
27/02/2005 04:00:13 p.m. NumUsers: 0 WSAPISock2Usr: 0
09/03/2005 08:12:40 p.m. NumUsers: 0 WSAPISock2Usr: 0
09/03/2005 08:17:40 p.m. NumUsers: 0 WSAPISock2Usr: 0
