14/07/2004 03:53:37 p.m. server iniciado 0.9.95
14/07/2004 04:09:39 p.m. server iniciado 0.9.95
14/07/2004 04:20:49 p.m. server cerrado.
21/07/2004 03:48:45 a.m. server iniciado 0.9.95
21/07/2004 03:53:29 a.m. server iniciado 0.9.95
21/07/2004 03:56:31 a.m. server iniciado 0.9.95
21/07/2004 04:10:02 a.m. server iniciado 0.9.95
21/07/2004 04:13:58 a.m. server cerrado.
21/07/2004 01:28:46 p.m. server iniciado 0.9.95
21/07/2004 01:32:45 p.m. server cerrado.
21/07/2004 04:47:50 p.m. server iniciado 0.9.95
23/07/2004 02:26:59 p.m. server iniciado 0.9.95
23/07/2004 02:29:32 p.m. server iniciado 0.9.95
23/07/2004 02:35:09 p.m. server iniciado 0.9.95
23/07/2004 02:38:23 p.m. server cerrado.
23/07/2004 02:46:02 p.m. server iniciado 0.9.95
23/07/2004 03:01:32 p.m. server iniciado 0.9.95
23/07/2004 03:04:22 p.m. server cerrado.
26/07/2004 07:27:57 p.m. server iniciado 0.9.95
26/07/2004 08:26:04 p.m. server iniciado 0.9.95
26/07/2004 08:27:53 p.m. server cerrado.
27/07/2004 02:16:01 p.m. server iniciado 0.9.95
27/07/2004 02:24:05 p.m. server iniciado 0.9.95
27/07/2004 02:26:28 p.m. server iniciado 0.9.95
27/07/2004 02:28:11 p.m. server iniciado 0.9.95
27/07/2004 06:02:54 p.m. server iniciado 0.9.95
27/07/2004 06:06:08 p.m. server iniciado 0.9.95
27/07/2004 06:16:44 p.m. server iniciado 0.9.95
27/07/2004 06:40:17 p.m. server iniciado 0.9.95
29/07/2004 05:21:51 p.m. server iniciado 0.9.95
29/07/2004 05:25:30 p.m. server cerrado.
01/08/2004 03:26:41 a.m. server iniciado 0.9.95
01/08/2004 03:29:20 a.m. server iniciado 0.9.95
04/08/2004 09:12:19 p.m. server iniciado 0.9.95
04/08/2004 09:21:25 p.m. server iniciado 0.9.95
04/08/2004 09:27:32 p.m. server iniciado 0.9.95
07/08/2004 04:48:17 a.m. server iniciado 0.9.95
07/08/2004 05:05:58 a.m. server iniciado 0.9.95
17/08/2004 01:23:21 a.m. server iniciado 0.9.95
17/08/2004 01:32:25 a.m. server iniciado 0.9.95
17/08/2004 01:43:09 a.m. server iniciado 0.9.95
17/08/2004 01:52:30 a.m. server iniciado 0.9.95
17/08/2004 02:03:38 a.m. server iniciado 0.9.95
19/08/2004 05:11:46 p.m. server iniciado 0.9.95
19/08/2004 05:46:35 p.m. server iniciado 0.9.95
19/08/2004 09:26:39 p.m. server iniciado 0.9.95
19/08/2004 10:38:53 p.m. server iniciado 0.9.95
20/08/2004 01:50:18 a.m. server iniciado 0.9.95
20/08/2004 01:52:01 a.m. server cerrado.
20/08/2004 01:52:53 a.m. server iniciado 0.9.95
20/08/2004 01:54:33 a.m. server iniciado 0.9.95
20/08/2004 01:59:14 a.m. server iniciado 0.9.95
20/08/2004 02:10:04 a.m. server iniciado 0.9.95
20/08/2004 02:26:08 a.m. server iniciado 0.9.95
20/08/2004 02:54:49 a.m. server iniciado 0.9.95
22/08/2004 12:14:02 a.m. server iniciado 0.9.95
22/08/2004 01:28:14 a.m. server iniciado 0.9.95
22/08/2004 08:07:34 p.m. server iniciado 0.9.95
22/08/2004 08:14:13 p.m. server cerrado.
22/08/2004 08:18:15 p.m. server iniciado 0.9.95
22/08/2004 08:19:19 p.m. server cerrado.
22/08/2004 08:20:01 p.m. server iniciado 0.9.95
22/08/2004 08:21:23 p.m. server cerrado.
28/08/2004 08:52:45 p.m. server iniciado 0.9.95
03/10/2004 05:38:14 p.m. server iniciado 0.9.95
03/10/2004 05:39:05 p.m. server cerrado.
03/10/2004 05:40:15 p.m. server iniciado 0.9.95
03/10/2004 05:48:28 p.m. server iniciado 0.9.95
10/10/2004 07:25:45 p.m. server iniciado 0.9.95
10/10/2004 07:33:16 p.m. server cerrado.
10/10/2004 07:34:26 p.m. server iniciado 0.9.95
10/10/2004 07:45:32 p.m. server iniciado 0.9.95
10/10/2004 07:50:14 p.m. server iniciado 0.9.95
10/10/2004 08:05:56 p.m. server iniciado 0.9.95
10/10/2004 08:09:26 p.m. server iniciado 0.9.95
10/10/2004 08:18:48 p.m. server iniciado 0.9.95
10/10/2004 08:21:48 p.m. server iniciado 0.9.95
10/10/2004 08:27:45 p.m. server iniciado 0.9.95
10/10/2004 08:31:40 p.m. server iniciado 0.9.95
10/10/2004 08:56:36 p.m. server iniciado 0.9.95
10/10/2004 09:07:33 p.m. server iniciado 0.9.95
10/10/2004 09:18:30 p.m. server iniciado 0.9.95
10/10/2004 09:22:41 p.m. server iniciado 0.9.95
11/10/2004 12:32:52 a.m. server iniciado 0.9.95
11/10/2004 12:33:56 p.m. server iniciado 0.9.95
11/10/2004 02:09:48 p.m. server cerrado.
11/10/2004 02:11:21 p.m. server iniciado 0.9.95
11/10/2004 02:26:23 p.m. server iniciado 0.9.95
11/10/2004 03:27:46 p.m. server iniciado 0.9.95
11/10/2004 03:27:49 p.m. server cerrado.
11/10/2004 03:28:45 p.m. server iniciado 0.9.95
11/10/2004 03:35:07 p.m. server cerrado.
11/10/2004 03:36:15 p.m. server iniciado 0.9.95
11/10/2004 03:51:26 p.m. server iniciado 0.9.95
11/10/2004 03:53:28 p.m. server iniciado 0.9.95
11/10/2004 03:59:51 p.m. server iniciado 0.9.95
11/10/2004 09:04:20 p.m. server iniciado 0.9.95
11/10/2004 10:42:11 p.m. server iniciado 0.9.95
11/10/2004 10:44:52 p.m. server iniciado 0.9.95
12/10/2004 10:49:39 p.m. server iniciado 0.9.95
12/10/2004 11:23:00 p.m. server iniciado 0.9.95
12/10/2004 11:24:42 p.m. server iniciado 0.9.95
13/10/2004 12:44:30 a.m. server iniciado 0.9.95
14/10/2004 07:24:18 a.m. server iniciado 0.9.95
16/10/2004 11:34:05 a.m. server iniciado 0.9.95
16/10/2004 11:37:41 a.m. server iniciado 0.9.95
16/10/2004 11:40:21 a.m. server iniciado 0.9.95
16/10/2004 12:09:20 p.m. server iniciado 0.9.95
16/10/2004 12:11:40 p.m. server iniciado 0.9.95
16/10/2004 12:32:17 p.m. server iniciado 0.9.95
17/10/2004 10:48:06 a.m. server iniciado 0.9.95
17/10/2004 10:53:52 a.m. server iniciado 0.9.95
17/10/2004 10:55:41 a.m. server cerrado.
05/11/2004 10:42:07 p.m. server iniciado 0.9.95
05/11/2004 11:01:07 p.m. server iniciado 0.9.95
05/11/2004 11:41:12 p.m. server iniciado 0.9.95
07/11/2004 08:46:56 p.m. server iniciado 0.9.95
07/11/2004 08:52:57 p.m. server cerrado.
09/11/2004 06:47:17 p.m. server iniciado 0.9.95
28/11/2004 02:50:54 a.m. server iniciado 0.9.95
28/11/2004 02:53:56 a.m. server iniciado 0.9.95
28/11/2004 02:56:02 a.m. server iniciado 0.9.95
28/11/2004 02:59:59 a.m. server iniciado 0.9.95
28/11/2004 03:01:18 a.m. server iniciado 0.9.95
28/11/2004 03:03:36 a.m. server iniciado 0.9.95
28/11/2004 12:55:55 p.m. server iniciado 0.9.95
28/11/2004 01:29:23 p.m. server iniciado 0.9.95
28/11/2004 01:43:19 p.m. server iniciado 0.9.95
28/11/2004 02:44:34 p.m. server iniciado 0.9.95
28/11/2004 03:02:41 p.m. server iniciado 0.9.95
28/11/2004 03:15:39 p.m. server iniciado 0.9.95
28/11/2004 03:28:54 p.m. server iniciado 0.9.95
28/11/2004 03:30:15 p.m. server iniciado 0.9.95
28/11/2004 03:35:50 p.m. server iniciado 0.9.95
28/11/2004 03:38:05 p.m. server iniciado 0.9.95
28/11/2004 03:58:55 p.m. server iniciado 0.9.95
28/11/2004 04:04:17 p.m. server iniciado 0.9.95
28/11/2004 04:15:57 p.m. server iniciado 0.9.95
28/11/2004 04:24:01 p.m. server iniciado 0.9.95
28/11/2004 06:30:37 p.m. server iniciado 0.9.95
28/11/2004 06:31:40 p.m. server iniciado 0.9.95
28/11/2004 06:41:09 p.m. server iniciado 0.9.95
28/11/2004 07:01:27 p.m. server iniciado 0.9.95
28/11/2004 10:00:05 p.m. server iniciado 0.9.95
28/11/2004 10:10:03 p.m. server iniciado 0.9.95
28/11/2004 10:11:29 p.m. server cerrado.
28/11/2004 10:11:47 p.m. server iniciado 0.9.95
28/11/2004 10:12:36 p.m. server cerrado.
28/11/2004 10:14:41 p.m. server iniciado 0.9.95
28/11/2004 10:15:51 p.m. server iniciado 0.9.95
29/11/2004 12:01:06 a.m. server iniciado 0.9.95
29/11/2004 12:18:47 a.m. server apagado por C. 
29/11/2004 12:18:48 a.m. server cerrado.
03/12/2004 11:39:37 p.m. server iniciado 0.9.95
03/12/2004 11:42:06 p.m. server iniciado 0.9.95
03/12/2004 11:47:08 p.m. server iniciado 0.9.95
08/12/2004 08:52:02 p.m. server iniciado 0.9.95
08/12/2004 09:19:24 p.m. server iniciado 0.9.95
17/12/2004 09:40:24 p.m. server iniciado 0.9.95
18/12/2004 09:33:25 a.m. server iniciado 0.9.95
18/12/2004 09:38:10 a.m. server iniciado 0.9.95
18/12/2004 07:05:47 p.m. server iniciado 0.9.95
18/12/2004 07:10:00 p.m. server iniciado 0.9.95
18/12/2004 07:30:15 p.m. server iniciado 0.9.95
18/12/2004 07:31:42 p.m. server iniciado 0.9.95
18/12/2004 08:14:36 p.m. server iniciado 0.9.95
18/12/2004 08:21:25 p.m. server iniciado 0.9.95
18/12/2004 08:33:31 p.m. server iniciado 0.9.95
18/12/2004 08:44:22 p.m. server iniciado 0.9.95
18/12/2004 09:07:54 p.m. server iniciado 0.9.95
18/12/2004 09:44:16 p.m. server iniciado 0.9.95
18/12/2004 09:53:56 p.m. server iniciado 0.9.95
19/12/2004 11:10:28 a.m. server iniciado 0.9.95
19/12/2004 11:16:02 a.m. server iniciado 0.9.95
19/12/2004 11:17:00 a.m. server iniciado 0.9.95
19/12/2004 12:25:34 p.m. server iniciado 0.9.95
20/12/2004 07:26:53 p.m. server iniciado 0.9.95
21/12/2004 07:56:01 p.m. server iniciado 0.9.95
21/12/2004 11:52:59 p.m. server iniciado 0.9.95
22/12/2004 12:20:46 a.m. server iniciado 0.9.95
22/12/2004 12:22:05 a.m. server cerrado.
22/12/2004 12:22:34 a.m. server iniciado 0.9.95
22/12/2004 12:23:35 a.m. server iniciado 0.9.95
23/12/2004 08:39:08 p.m. server iniciado 0.9.95
23/12/2004 08:49:20 p.m. server iniciado 0.9.95
23/12/2004 09:02:50 p.m. server iniciado 0.9.95
23/12/2004 09:08:54 p.m. server iniciado 0.9.95
24/12/2004 11:26:37 a.m. server iniciado 0.9.95
24/12/2004 12:22:11 p.m. server iniciado 0.9.95
26/12/2004 12:05:14 p.m. server iniciado 0.9.95
26/12/2004 12:09:23 p.m. server cerrado.
26/12/2004 12:28:27 p.m. server iniciado 0.9.95
26/12/2004 12:42:04 p.m. server cerrado.
26/12/2004 12:42:59 p.m. server iniciado 0.9.95
26/12/2004 12:45:50 p.m. server cerrado.
26/12/2004 12:46:02 p.m. server iniciado 0.9.95
26/12/2004 01:01:49 p.m. server iniciado 0.9.95
26/12/2004 01:15:53 p.m. server iniciado 0.9.95
26/12/2004 01:16:44 p.m. server iniciado 0.9.95
26/12/2004 02:10:43 p.m. server iniciado 0.9.95
26/12/2004 02:33:13 p.m. server iniciado 0.9.95
26/12/2004 02:33:53 p.m. server iniciado 0.9.95
26/12/2004 07:23:03 p.m. server iniciado 0.11.0
26/12/2004 07:28:35 p.m. server iniciado 0.9.95
26/12/2004 07:43:06 p.m. server iniciado 0.9.95
26/12/2004 07:44:48 p.m. server iniciado 0.9.95
26/12/2004 08:15:32 p.m. server iniciado 0.9.95
26/12/2004 09:15:00 p.m. server iniciado 0.9.95
26/12/2004 09:42:56 p.m. server cerrado.
26/12/2004 09:55:55 p.m. server iniciado 0.9.95
29/12/2004 09:31:22 p.m. server iniciado 0.9.95
30/12/2004 12:10:31 a.m. server iniciado 0.9.95
30/12/2004 12:10:37 a.m. server cerrado.
01/01/2005 04:05:25 p.m. server iniciado 0.9.95
01/01/2005 04:28:34 p.m. server iniciado 0.9.95
01/01/2005 05:00:35 p.m. server iniciado 0.11.0
01/01/2005 05:16:17 p.m. server iniciado 0.11.0
01/01/2005 06:45:20 p.m. server iniciado 0.11.0
01/01/2005 09:07:14 p.m. server iniciado 0.11.0
09/01/2005 10:53:21 a.m. server iniciado 0.11.8
09/01/2005 10:55:03 a.m. server cerrado.
09/01/2005 10:55:57 a.m. server iniciado 0.11.8
09/01/2005 11:25:16 a.m. server iniciado 0.11.8
09/01/2005 11:27:28 a.m. server iniciado 0.11.8
10/01/2005 09:36:26 p.m. server iniciado 0.11.10
10/01/2005 09:43:15 p.m. server cerrado.
10/01/2005 09:44:27 p.m. server iniciado 0.11.10
10/01/2005 09:47:06 p.m. server cerrado.
10/01/2005 09:58:48 p.m. server iniciado 0.11.10
10/01/2005 11:31:10 p.m. server cerrado.
11/01/2005 12:00:18 a.m. server iniciado 0.11.10
11/01/2005 12:09:49 a.m. server iniciado 0.11.10
11/01/2005 12:33:19 a.m. server iniciado 0.11.10
11/01/2005 07:38:18 a.m. server iniciado 0.11.10
11/01/2005 07:43:08 a.m. server cerrado.
11/01/2005 07:52:10 p.m. server iniciado 0.11.10
30/01/2005 11:06:46 a.m. server iniciado 0.11.11
30/01/2005 11:10:32 a.m. server iniciado 0.11.11
30/01/2005 11:12:31 a.m. server iniciado 0.11.11
30/01/2005 11:14:42 a.m. server iniciado 0.11.11
30/01/2005 01:46:48 p.m. server iniciado 0.11.11
30/01/2005 02:04:35 p.m. server iniciado 0.11.11
06/02/2005 02:39:39 a.m. server iniciado 0.11.11
06/02/2005 02:44:44 a.m. server iniciado 0.11.11
07/02/2005 08:19:52 p.m. server iniciado 0.11.11
07/02/2005 08:47:51 p.m. server iniciado 0.11.11
07/02/2005 08:52:56 p.m. server iniciado 0.11.11
08/02/2005 08:18:47 p.m. server iniciado 0.11.12
08/02/2005 08:25:51 p.m. server iniciado 0.11.12
08/02/2005 08:27:05 p.m. server iniciado 0.11.12
14/02/2005 08:22:01 a.m. server iniciado 0.11.13
14/02/2005 08:47:36 a.m. server iniciado 0.11.14
14/02/2005 08:48:20 a.m. server cerrado.
16/02/2005 12:43:39 a.m. server iniciado 0.11.14
16/02/2005 12:59:12 a.m. server iniciado 0.11.14
23/02/2005 07:32:29 p.m. server iniciado 0.11.17
26/02/2005 05:07:51 p.m. server iniciado 0.11.18
26/02/2005 05:09:03 p.m. server cerrado.
26/02/2005 05:11:20 p.m. server iniciado 0.11.18
26/02/2005 05:11:57 p.m. server cerrado.
26/02/2005 05:22:59 p.m. server iniciado 0.11.18
26/02/2005 05:30:47 p.m. server iniciado 0.11.18
26/02/2005 05:30:55 p.m. server cerrado.
26/02/2005 05:32:30 p.m. server iniciado 0.11.18
26/02/2005 05:38:00 p.m. server iniciado 0.11.18
26/02/2005 05:39:01 p.m. server iniciado 0.11.18
26/02/2005 05:49:41 p.m. server cerrado.
26/02/2005 07:00:07 p.m. server iniciado 0.11.18
26/02/2005 07:00:47 p.m. server cerrado.
26/02/2005 07:04:14 p.m. server iniciado 0.11.18
26/02/2005 07:10:55 p.m. server cerrado.
26/02/2005 07:12:14 p.m. server iniciado 0.11.18
26/02/2005 07:16:22 p.m. server iniciado 0.11.18
27/02/2005 03:08:58 p.m. server iniciado 0.11.18
27/02/2005 03:15:56 p.m. server cerrado.
27/02/2005 03:41:01 p.m. server iniciado 0.11.18
27/02/2005 03:47:59 p.m. server cerrado.
27/02/2005 03:51:05 p.m. server iniciado 0.11.18
27/02/2005 03:53:07 p.m. server cerrado.
27/02/2005 03:54:15 p.m. server iniciado 0.11.18
09/03/2005 08:07:41 p.m. server iniciado 0.11.20
09/03/2005 08:21:02 p.m. server iniciado 0.11.20
09/03/2005 08:31:01 p.m. server iniciado 0.11.20
09/03/2005 08:34:47 p.m. server iniciado 0.11.20
